ARM GAS  C:\Users\hima\AppData\Local\Temp\ccACyQHM.s 			page 1


   1              		.syntax unified
   2              		.cpu cortex-m4
   3              		.eabi_attribute 27, 1
   4              		.fpu fpv4-sp-d16
   5              		.eabi_attribute 20, 1
   6              		.eabi_attribute 21, 1
   7              		.eabi_attribute 23, 3
   8              		.eabi_attribute 24, 1
   9              		.eabi_attribute 25, 1
  10              		.eabi_attribute 26, 1
  11              		.eabi_attribute 30, 1
  12              		.eabi_attribute 34, 1
  13              		.eabi_attribute 18, 4
  14              		.thumb
  15              		.file	"data.c"
  16              		.text
  17              	.Ltext0:
  18              		.cfi_sections	.debug_frame
  19              		.comm	CGZ,2,2
  20              		.comm	CGY,2,2
  21              		.comm	CGX,2,2
  22              		.global	CAZ
  23              		.global	CAY
  24              		.global	CAX
  25              		.bss
  26              		.align	1
  27              		.type	CAZ, %object
  28              		.size	CAZ, 2
  29              	CAZ:
  30 0000 0000     		.space	2
  31              		.type	CAY, %object
  32              		.size	CAY, 2
  33              	CAY:
  34 0002 0000     		.space	2
  35              		.type	CAX, %object
  36              		.size	CAX, 2
  37              	CAX:
  38 0004 0000     		.space	2
  39              		.text
  40              	.Letext0:
  41              		.file 1 "c:\\program files (x86)\\cypress\\psoc creator\\3.3\\psoc creator\\import\\gnu\\arm\\4.9.
  42              		.file 2 "c:\\program files (x86)\\cypress\\psoc creator\\3.3\\psoc creator\\import\\gnu\\arm\\4.9.
  43              		.file 3 "Generated_Source\\PSoC6\\pdl\\drivers/peripheral/scb/cy_scb_i2c.h"
  44              		.file 4 "Generated_Source\\PSoC6\\pdl\\drivers/peripheral/scb/cy_scb_uart.h"
  45              		.file 5 "Generated_Source\\PSoC6\\pdl\\cmsis/include/core_cm4.h"
  46              		.file 6 "Generated_Source\\PSoC6/I2C_MPU9250.h"
  47              		.file 7 "Generated_Source\\PSoC6/UART.h"
  48              		.file 8 "data.c"
  49              		.section	.debug_info,"",%progbits
  50              	.Ldebug_info0:
  51 0000 E1030000 		.4byte	0x3e1
  52 0004 0400     		.2byte	0x4
  53 0006 00000000 		.4byte	.Ldebug_abbrev0
  54 000a 04       		.byte	0x4
  55 000b 01       		.uleb128 0x1
  56 000c 00000000 		.4byte	.LASF69
  57 0010 01       		.byte	0x1
ARM GAS  C:\Users\hima\AppData\Local\Temp\ccACyQHM.s 			page 2


  58 0011 77010000 		.4byte	.LASF70
  59 0015 C4010000 		.4byte	.LASF71
  60 0019 00000000 		.4byte	.Ldebug_line0
  61 001d 02       		.uleb128 0x2
  62 001e 01       		.byte	0x1
  63 001f 06       		.byte	0x6
  64 0020 FF020000 		.4byte	.LASF0
  65 0024 03       		.uleb128 0x3
  66 0025 98020000 		.4byte	.LASF2
  67 0029 01       		.byte	0x1
  68 002a 1D       		.byte	0x1d
  69 002b 2F000000 		.4byte	0x2f
  70 002f 02       		.uleb128 0x2
  71 0030 01       		.byte	0x1
  72 0031 08       		.byte	0x8
  73 0032 E7020000 		.4byte	.LASF1
  74 0036 03       		.uleb128 0x3
  75 0037 4D040000 		.4byte	.LASF3
  76 003b 01       		.byte	0x1
  77 003c 29       		.byte	0x29
  78 003d 41000000 		.4byte	0x41
  79 0041 02       		.uleb128 0x2
  80 0042 02       		.byte	0x2
  81 0043 05       		.byte	0x5
  82 0044 1D010000 		.4byte	.LASF4
  83 0048 02       		.uleb128 0x2
  84 0049 02       		.byte	0x2
  85 004a 07       		.byte	0x7
  86 004b 9B030000 		.4byte	.LASF5
  87 004f 03       		.uleb128 0x3
  88 0050 E1030000 		.4byte	.LASF6
  89 0054 01       		.byte	0x1
  90 0055 3F       		.byte	0x3f
  91 0056 5A000000 		.4byte	0x5a
  92 005a 02       		.uleb128 0x2
  93 005b 04       		.byte	0x4
  94 005c 05       		.byte	0x5
  95 005d 8A040000 		.4byte	.LASF7
  96 0061 03       		.uleb128 0x3
  97 0062 7E010000 		.4byte	.LASF8
  98 0066 01       		.byte	0x1
  99 0067 41       		.byte	0x41
 100 0068 6C000000 		.4byte	0x6c
 101 006c 02       		.uleb128 0x2
 102 006d 04       		.byte	0x4
 103 006e 07       		.byte	0x7
 104 006f 7F030000 		.4byte	.LASF9
 105 0073 02       		.uleb128 0x2
 106 0074 08       		.byte	0x8
 107 0075 05       		.byte	0x5
 108 0076 59020000 		.4byte	.LASF10
 109 007a 02       		.uleb128 0x2
 110 007b 08       		.byte	0x8
 111 007c 07       		.byte	0x7
 112 007d 1C030000 		.4byte	.LASF11
 113 0081 04       		.uleb128 0x4
 114 0082 04       		.byte	0x4
ARM GAS  C:\Users\hima\AppData\Local\Temp\ccACyQHM.s 			page 3


 115 0083 05       		.byte	0x5
 116 0084 696E7400 		.ascii	"int\000"
 117 0088 02       		.uleb128 0x2
 118 0089 04       		.byte	0x4
 119 008a 07       		.byte	0x7
 120 008b 5A030000 		.4byte	.LASF12
 121 008f 03       		.uleb128 0x3
 122 0090 A8010000 		.4byte	.LASF13
 123 0094 02       		.byte	0x2
 124 0095 15       		.byte	0x15
 125 0096 24000000 		.4byte	0x24
 126 009a 03       		.uleb128 0x3
 127 009b EB030000 		.4byte	.LASF14
 128 009f 02       		.byte	0x2
 129 00a0 20       		.byte	0x20
 130 00a1 36000000 		.4byte	0x36
 131 00a5 03       		.uleb128 0x3
 132 00a6 D9030000 		.4byte	.LASF15
 133 00aa 02       		.byte	0x2
 134 00ab 2C       		.byte	0x2c
 135 00ac 4F000000 		.4byte	0x4f
 136 00b0 03       		.uleb128 0x3
 137 00b1 33030000 		.4byte	.LASF16
 138 00b5 02       		.byte	0x2
 139 00b6 2D       		.byte	0x2d
 140 00b7 61000000 		.4byte	0x61
 141 00bb 02       		.uleb128 0x2
 142 00bc 04       		.byte	0x4
 143 00bd 07       		.byte	0x7
 144 00be 38010000 		.4byte	.LASF17
 145 00c2 05       		.uleb128 0x5
 146 00c3 B0000000 		.4byte	0xb0
 147 00c7 02       		.uleb128 0x2
 148 00c8 01       		.byte	0x1
 149 00c9 08       		.byte	0x8
 150 00ca 67020000 		.4byte	.LASF18
 151 00ce 02       		.uleb128 0x2
 152 00cf 04       		.byte	0x4
 153 00d0 04       		.byte	0x4
 154 00d1 43020000 		.4byte	.LASF19
 155 00d5 02       		.uleb128 0x2
 156 00d6 08       		.byte	0x8
 157 00d7 04       		.byte	0x4
 158 00d8 08040000 		.4byte	.LASF20
 159 00dc 06       		.uleb128 0x6
 160 00dd 04       		.byte	0x4
 161 00de 02       		.uleb128 0x2
 162 00df 01       		.byte	0x1
 163 00e0 02       		.byte	0x2
 164 00e1 F3030000 		.4byte	.LASF21
 165 00e5 07       		.uleb128 0x7
 166 00e6 01       		.byte	0x1
 167 00e7 03       		.byte	0x3
 168 00e8 B701     		.2byte	0x1b7
 169 00ea FB000000 		.4byte	0xfb
 170 00ee 08       		.uleb128 0x8
 171 00ef 1B040000 		.4byte	.LASF22
ARM GAS  C:\Users\hima\AppData\Local\Temp\ccACyQHM.s 			page 4


 172 00f3 00       		.sleb128 0
 173 00f4 08       		.uleb128 0x8
 174 00f5 F9030000 		.4byte	.LASF23
 175 00f9 01       		.sleb128 1
 176 00fa 00       		.byte	0
 177 00fb 09       		.uleb128 0x9
 178 00fc 67030000 		.4byte	.LASF24
 179 0100 03       		.byte	0x3
 180 0101 BA01     		.2byte	0x1ba
 181 0103 E5000000 		.4byte	0xe5
 182 0107 09       		.uleb128 0x9
 183 0108 3C030000 		.4byte	.LASF25
 184 010c 03       		.byte	0x3
 185 010d CC01     		.2byte	0x1cc
 186 010f 13010000 		.4byte	0x113
 187 0113 0A       		.uleb128 0xa
 188 0114 04       		.byte	0x4
 189 0115 19010000 		.4byte	0x119
 190 0119 0B       		.uleb128 0xb
 191 011a 24010000 		.4byte	0x124
 192 011e 0C       		.uleb128 0xc
 193 011f B0000000 		.4byte	0xb0
 194 0123 00       		.byte	0
 195 0124 09       		.uleb128 0x9
 196 0125 B4030000 		.4byte	.LASF26
 197 0129 03       		.byte	0x3
 198 012a D701     		.2byte	0x1d7
 199 012c 30010000 		.4byte	0x130
 200 0130 0A       		.uleb128 0xa
 201 0131 04       		.byte	0x4
 202 0132 36010000 		.4byte	0x136
 203 0136 0D       		.uleb128 0xd
 204 0137 FB000000 		.4byte	0xfb
 205 013b 45010000 		.4byte	0x145
 206 013f 0C       		.uleb128 0xc
 207 0140 B0000000 		.4byte	0xb0
 208 0144 00       		.byte	0
 209 0145 0E       		.uleb128 0xe
 210 0146 B7040000 		.4byte	.LASF50
 211 014a 4C       		.byte	0x4c
 212 014b 03       		.byte	0x3
 213 014c 3E02     		.2byte	0x23e
 214 014e 64020000 		.4byte	0x264
 215 0152 0F       		.uleb128 0xf
 216 0153 3B040000 		.4byte	.LASF27
 217 0157 03       		.byte	0x3
 218 0158 4102     		.2byte	0x241
 219 015a DE000000 		.4byte	0xde
 220 015e 00       		.byte	0
 221 015f 0F       		.uleb128 0xf
 222 0160 49020000 		.4byte	.LASF28
 223 0164 03       		.byte	0x3
 224 0165 4202     		.2byte	0x242
 225 0167 DE000000 		.4byte	0xde
 226 016b 01       		.byte	0x1
 227 016c 0F       		.uleb128 0xf
 228 016d F8000000 		.4byte	.LASF29
ARM GAS  C:\Users\hima\AppData\Local\Temp\ccACyQHM.s 			page 5


 229 0171 03       		.byte	0x3
 230 0172 4402     		.2byte	0x244
 231 0174 C2000000 		.4byte	0xc2
 232 0178 04       		.byte	0x4
 233 0179 0F       		.uleb128 0xf
 234 017a 41010000 		.4byte	.LASF30
 235 017e 03       		.byte	0x3
 236 017f 4602     		.2byte	0x246
 237 0181 C2000000 		.4byte	0xc2
 238 0185 08       		.byte	0x8
 239 0186 0F       		.uleb128 0xf
 240 0187 57040000 		.4byte	.LASF31
 241 018b 03       		.byte	0x3
 242 018c 4702     		.2byte	0x247
 243 018e DE000000 		.4byte	0xde
 244 0192 0C       		.byte	0xc
 245 0193 0F       		.uleb128 0xf
 246 0194 8C020000 		.4byte	.LASF32
 247 0198 03       		.byte	0x3
 248 0199 4802     		.2byte	0x248
 249 019b DE000000 		.4byte	0xde
 250 019f 0D       		.byte	0xd
 251 01a0 0F       		.uleb128 0xf
 252 01a1 9B010000 		.4byte	.LASF33
 253 01a5 03       		.byte	0x3
 254 01a6 4A02     		.2byte	0x24a
 255 01a8 64020000 		.4byte	0x264
 256 01ac 10       		.byte	0x10
 257 01ad 0F       		.uleb128 0xf
 258 01ae 0B030000 		.4byte	.LASF34
 259 01b2 03       		.byte	0x3
 260 01b3 4B02     		.2byte	0x24b
 261 01b5 B0000000 		.4byte	0xb0
 262 01b9 14       		.byte	0x14
 263 01ba 0F       		.uleb128 0xf
 264 01bb C2000000 		.4byte	.LASF35
 265 01bf 03       		.byte	0x3
 266 01c0 4C02     		.2byte	0x24c
 267 01c2 C2000000 		.4byte	0xc2
 268 01c6 18       		.byte	0x18
 269 01c7 0F       		.uleb128 0xf
 270 01c8 B3000000 		.4byte	.LASF36
 271 01cc 03       		.byte	0x3
 272 01cd 4D02     		.2byte	0x24d
 273 01cf C2000000 		.4byte	0xc2
 274 01d3 1C       		.byte	0x1c
 275 01d4 0F       		.uleb128 0xf
 276 01d5 0F040000 		.4byte	.LASF37
 277 01d9 03       		.byte	0x3
 278 01da 4F02     		.2byte	0x24f
 279 01dc C2000000 		.4byte	0xc2
 280 01e0 20       		.byte	0x20
 281 01e1 0F       		.uleb128 0xf
 282 01e2 A7040000 		.4byte	.LASF38
 283 01e6 03       		.byte	0x3
 284 01e7 5002     		.2byte	0x250
 285 01e9 6A020000 		.4byte	0x26a
ARM GAS  C:\Users\hima\AppData\Local\Temp\ccACyQHM.s 			page 6


 286 01ed 24       		.byte	0x24
 287 01ee 0F       		.uleb128 0xf
 288 01ef CE040000 		.4byte	.LASF39
 289 01f3 03       		.byte	0x3
 290 01f4 5202     		.2byte	0x252
 291 01f6 64020000 		.4byte	0x264
 292 01fa 28       		.byte	0x28
 293 01fb 0F       		.uleb128 0xf
 294 01fc B3020000 		.4byte	.LASF40
 295 0200 03       		.byte	0x3
 296 0201 5302     		.2byte	0x253
 297 0203 B0000000 		.4byte	0xb0
 298 0207 2C       		.byte	0x2c
 299 0208 0F       		.uleb128 0xf
 300 0209 2A040000 		.4byte	.LASF41
 301 020d 03       		.byte	0x3
 302 020e 5402     		.2byte	0x254
 303 0210 C2000000 		.4byte	0xc2
 304 0214 30       		.byte	0x30
 305 0215 0F       		.uleb128 0xf
 306 0216 66010000 		.4byte	.LASF42
 307 021a 03       		.byte	0x3
 308 021b 5502     		.2byte	0x255
 309 021d C2000000 		.4byte	0xc2
 310 0221 34       		.byte	0x34
 311 0222 0F       		.uleb128 0xf
 312 0223 E0000000 		.4byte	.LASF43
 313 0227 03       		.byte	0x3
 314 0228 5702     		.2byte	0x257
 315 022a 64020000 		.4byte	0x264
 316 022e 38       		.byte	0x38
 317 022f 0F       		.uleb128 0xf
 318 0230 6C020000 		.4byte	.LASF44
 319 0234 03       		.byte	0x3
 320 0235 5802     		.2byte	0x258
 321 0237 B0000000 		.4byte	0xb0
 322 023b 3C       		.byte	0x3c
 323 023c 0F       		.uleb128 0xf
 324 023d A2020000 		.4byte	.LASF45
 325 0241 03       		.byte	0x3
 326 0242 5902     		.2byte	0x259
 327 0244 C2000000 		.4byte	0xc2
 328 0248 40       		.byte	0x40
 329 0249 0F       		.uleb128 0xf
 330 024a D0030000 		.4byte	.LASF46
 331 024e 03       		.byte	0x3
 332 024f 5F02     		.2byte	0x25f
 333 0251 07010000 		.4byte	0x107
 334 0255 44       		.byte	0x44
 335 0256 0F       		.uleb128 0xf
 336 0257 A0040000 		.4byte	.LASF47
 337 025b 03       		.byte	0x3
 338 025c 6602     		.2byte	0x266
 339 025e 24010000 		.4byte	0x124
 340 0262 48       		.byte	0x48
 341 0263 00       		.byte	0
 342 0264 0A       		.uleb128 0xa
ARM GAS  C:\Users\hima\AppData\Local\Temp\ccACyQHM.s 			page 7


 343 0265 04       		.byte	0x4
 344 0266 8F000000 		.4byte	0x8f
 345 026a 05       		.uleb128 0x5
 346 026b DE000000 		.4byte	0xde
 347 026f 09       		.uleb128 0x9
 348 0270 C5020000 		.4byte	.LASF48
 349 0274 03       		.byte	0x3
 350 0275 6902     		.2byte	0x269
 351 0277 45010000 		.4byte	0x145
 352 027b 09       		.uleb128 0x9
 353 027c FE000000 		.4byte	.LASF49
 354 0280 04       		.byte	0x4
 355 0281 A601     		.2byte	0x1a6
 356 0283 13010000 		.4byte	0x113
 357 0287 0E       		.uleb128 0xe
 358 0288 4E010000 		.4byte	.LASF51
 359 028c 38       		.byte	0x38
 360 028d 04       		.byte	0x4
 361 028e 4202     		.2byte	0x242
 362 0290 4B030000 		.4byte	0x34b
 363 0294 0F       		.uleb128 0xf
 364 0295 89010000 		.4byte	.LASF52
 365 0299 04       		.byte	0x4
 366 029a 4502     		.2byte	0x245
 367 029c C2000000 		.4byte	0xc2
 368 02a0 00       		.byte	0
 369 02a1 0F       		.uleb128 0xf
 370 02a2 DE020000 		.4byte	.LASF53
 371 02a6 04       		.byte	0x4
 372 02a7 4602     		.2byte	0x246
 373 02a9 C2000000 		.4byte	0xc2
 374 02ad 04       		.byte	0x4
 375 02ae 0F       		.uleb128 0xf
 376 02af F5020000 		.4byte	.LASF54
 377 02b3 04       		.byte	0x4
 378 02b4 4802     		.2byte	0x248
 379 02b6 DC000000 		.4byte	0xdc
 380 02ba 08       		.byte	0x8
 381 02bb 0F       		.uleb128 0xf
 382 02bc 7E020000 		.4byte	.LASF55
 383 02c0 04       		.byte	0x4
 384 02c1 4902     		.2byte	0x249
 385 02c3 B0000000 		.4byte	0xb0
 386 02c7 0C       		.byte	0xc
 387 02c8 0F       		.uleb128 0xf
 388 02c9 35020000 		.4byte	.LASF56
 389 02cd 04       		.byte	0x4
 390 02ce 4A02     		.2byte	0x24a
 391 02d0 C2000000 		.4byte	0xc2
 392 02d4 10       		.byte	0x10
 393 02d5 0F       		.uleb128 0xf
 394 02d6 D2000000 		.4byte	.LASF57
 395 02da 04       		.byte	0x4
 396 02db 4B02     		.2byte	0x24b
 397 02dd C2000000 		.4byte	0xc2
 398 02e1 14       		.byte	0x14
 399 02e2 0F       		.uleb128 0xf
ARM GAS  C:\Users\hima\AppData\Local\Temp\ccACyQHM.s 			page 8


 400 02e3 AE030000 		.4byte	.LASF58
 401 02e7 04       		.byte	0x4
 402 02e8 4D02     		.2byte	0x24d
 403 02ea DC000000 		.4byte	0xdc
 404 02ee 18       		.byte	0x18
 405 02ef 0F       		.uleb128 0xf
 406 02f0 EE000000 		.4byte	.LASF59
 407 02f4 04       		.byte	0x4
 408 02f5 4E02     		.2byte	0x24e
 409 02f7 B0000000 		.4byte	0xb0
 410 02fb 1C       		.byte	0x1c
 411 02fc 0F       		.uleb128 0xf
 412 02fd 92010000 		.4byte	.LASF60
 413 0301 04       		.byte	0x4
 414 0302 4F02     		.2byte	0x24f
 415 0304 C2000000 		.4byte	0xc2
 416 0308 20       		.byte	0x20
 417 0309 0F       		.uleb128 0xf
 418 030a 53020000 		.4byte	.LASF61
 419 030e 04       		.byte	0x4
 420 030f 5102     		.2byte	0x251
 421 0311 DC000000 		.4byte	0xdc
 422 0315 24       		.byte	0x24
 423 0316 0F       		.uleb128 0xf
 424 0317 91030000 		.4byte	.LASF62
 425 031b 04       		.byte	0x4
 426 031c 5202     		.2byte	0x252
 427 031e B0000000 		.4byte	0xb0
 428 0322 28       		.byte	0x28
 429 0323 0F       		.uleb128 0xf
 430 0324 27010000 		.4byte	.LASF63
 431 0328 04       		.byte	0x4
 432 0329 5302     		.2byte	0x253
 433 032b C2000000 		.4byte	0xc2
 434 032f 2C       		.byte	0x2c
 435 0330 0F       		.uleb128 0xf
 436 0331 D0030000 		.4byte	.LASF46
 437 0335 04       		.byte	0x4
 438 0336 5802     		.2byte	0x258
 439 0338 7B020000 		.4byte	0x27b
 440 033c 30       		.byte	0x30
 441 033d 0F       		.uleb128 0xf
 442 033e 45040000 		.4byte	.LASF64
 443 0342 04       		.byte	0x4
 444 0343 5B02     		.2byte	0x25b
 445 0345 B0000000 		.4byte	0xb0
 446 0349 34       		.byte	0x34
 447 034a 00       		.byte	0
 448 034b 09       		.uleb128 0x9
 449 034c 63040000 		.4byte	.LASF65
 450 0350 04       		.byte	0x4
 451 0351 5E02     		.2byte	0x25e
 452 0353 87020000 		.4byte	0x287
 453 0357 10       		.uleb128 0x10
 454 0358 93040000 		.4byte	.LASF66
 455 035c 05       		.byte	0x5
 456 035d EA07     		.2byte	0x7ea
ARM GAS  C:\Users\hima\AppData\Local\Temp\ccACyQHM.s 			page 9


 457 035f 63030000 		.4byte	0x363
 458 0363 05       		.uleb128 0x5
 459 0364 A5000000 		.4byte	0xa5
 460 0368 11       		.uleb128 0x11
 461 0369 B0010000 		.4byte	.LASF67
 462 036d 06       		.byte	0x6
 463 036e 7F       		.byte	0x7f
 464 036f 6F020000 		.4byte	0x26f
 465 0373 11       		.uleb128 0x11
 466 0374 7D040000 		.4byte	.LASF68
 467 0378 07       		.byte	0x7
 468 0379 87       		.byte	0x87
 469 037a 4B030000 		.4byte	0x34b
 470 037e 12       		.uleb128 0x12
 471 037f 43415800 		.ascii	"CAX\000"
 472 0383 08       		.byte	0x8
 473 0384 0E       		.byte	0xe
 474 0385 9A000000 		.4byte	0x9a
 475 0389 05       		.uleb128 0x5
 476 038a 03       		.byte	0x3
 477 038b 00000000 		.4byte	CAX
 478 038f 12       		.uleb128 0x12
 479 0390 43415900 		.ascii	"CAY\000"
 480 0394 08       		.byte	0x8
 481 0395 0E       		.byte	0xe
 482 0396 9A000000 		.4byte	0x9a
 483 039a 05       		.uleb128 0x5
 484 039b 03       		.byte	0x3
 485 039c 00000000 		.4byte	CAY
 486 03a0 12       		.uleb128 0x12
 487 03a1 43415A00 		.ascii	"CAZ\000"
 488 03a5 08       		.byte	0x8
 489 03a6 0E       		.byte	0xe
 490 03a7 9A000000 		.4byte	0x9a
 491 03ab 05       		.uleb128 0x5
 492 03ac 03       		.byte	0x3
 493 03ad 00000000 		.4byte	CAZ
 494 03b1 12       		.uleb128 0x12
 495 03b2 43475800 		.ascii	"CGX\000"
 496 03b6 08       		.byte	0x8
 497 03b7 0F       		.byte	0xf
 498 03b8 9A000000 		.4byte	0x9a
 499 03bc 05       		.uleb128 0x5
 500 03bd 03       		.byte	0x3
 501 03be 00000000 		.4byte	CGX
 502 03c2 12       		.uleb128 0x12
 503 03c3 43475900 		.ascii	"CGY\000"
 504 03c7 08       		.byte	0x8
 505 03c8 0F       		.byte	0xf
 506 03c9 9A000000 		.4byte	0x9a
 507 03cd 05       		.uleb128 0x5
 508 03ce 03       		.byte	0x3
 509 03cf 00000000 		.4byte	CGY
 510 03d3 12       		.uleb128 0x12
 511 03d4 43475A00 		.ascii	"CGZ\000"
 512 03d8 08       		.byte	0x8
 513 03d9 0F       		.byte	0xf
ARM GAS  C:\Users\hima\AppData\Local\Temp\ccACyQHM.s 			page 10


 514 03da 9A000000 		.4byte	0x9a
 515 03de 05       		.uleb128 0x5
 516 03df 03       		.byte	0x3
 517 03e0 00000000 		.4byte	CGZ
 518 03e4 00       		.byte	0
 519              		.section	.debug_abbrev,"",%progbits
 520              	.Ldebug_abbrev0:
 521 0000 01       		.uleb128 0x1
 522 0001 11       		.uleb128 0x11
 523 0002 01       		.byte	0x1
 524 0003 25       		.uleb128 0x25
 525 0004 0E       		.uleb128 0xe
 526 0005 13       		.uleb128 0x13
 527 0006 0B       		.uleb128 0xb
 528 0007 03       		.uleb128 0x3
 529 0008 0E       		.uleb128 0xe
 530 0009 1B       		.uleb128 0x1b
 531 000a 0E       		.uleb128 0xe
 532 000b 10       		.uleb128 0x10
 533 000c 17       		.uleb128 0x17
 534 000d 00       		.byte	0
 535 000e 00       		.byte	0
 536 000f 02       		.uleb128 0x2
 537 0010 24       		.uleb128 0x24
 538 0011 00       		.byte	0
 539 0012 0B       		.uleb128 0xb
 540 0013 0B       		.uleb128 0xb
 541 0014 3E       		.uleb128 0x3e
 542 0015 0B       		.uleb128 0xb
 543 0016 03       		.uleb128 0x3
 544 0017 0E       		.uleb128 0xe
 545 0018 00       		.byte	0
 546 0019 00       		.byte	0
 547 001a 03       		.uleb128 0x3
 548 001b 16       		.uleb128 0x16
 549 001c 00       		.byte	0
 550 001d 03       		.uleb128 0x3
 551 001e 0E       		.uleb128 0xe
 552 001f 3A       		.uleb128 0x3a
 553 0020 0B       		.uleb128 0xb
 554 0021 3B       		.uleb128 0x3b
 555 0022 0B       		.uleb128 0xb
 556 0023 49       		.uleb128 0x49
 557 0024 13       		.uleb128 0x13
 558 0025 00       		.byte	0
 559 0026 00       		.byte	0
 560 0027 04       		.uleb128 0x4
 561 0028 24       		.uleb128 0x24
 562 0029 00       		.byte	0
 563 002a 0B       		.uleb128 0xb
 564 002b 0B       		.uleb128 0xb
 565 002c 3E       		.uleb128 0x3e
 566 002d 0B       		.uleb128 0xb
 567 002e 03       		.uleb128 0x3
 568 002f 08       		.uleb128 0x8
 569 0030 00       		.byte	0
 570 0031 00       		.byte	0
ARM GAS  C:\Users\hima\AppData\Local\Temp\ccACyQHM.s 			page 11


 571 0032 05       		.uleb128 0x5
 572 0033 35       		.uleb128 0x35
 573 0034 00       		.byte	0
 574 0035 49       		.uleb128 0x49
 575 0036 13       		.uleb128 0x13
 576 0037 00       		.byte	0
 577 0038 00       		.byte	0
 578 0039 06       		.uleb128 0x6
 579 003a 0F       		.uleb128 0xf
 580 003b 00       		.byte	0
 581 003c 0B       		.uleb128 0xb
 582 003d 0B       		.uleb128 0xb
 583 003e 00       		.byte	0
 584 003f 00       		.byte	0
 585 0040 07       		.uleb128 0x7
 586 0041 04       		.uleb128 0x4
 587 0042 01       		.byte	0x1
 588 0043 0B       		.uleb128 0xb
 589 0044 0B       		.uleb128 0xb
 590 0045 3A       		.uleb128 0x3a
 591 0046 0B       		.uleb128 0xb
 592 0047 3B       		.uleb128 0x3b
 593 0048 05       		.uleb128 0x5
 594 0049 01       		.uleb128 0x1
 595 004a 13       		.uleb128 0x13
 596 004b 00       		.byte	0
 597 004c 00       		.byte	0
 598 004d 08       		.uleb128 0x8
 599 004e 28       		.uleb128 0x28
 600 004f 00       		.byte	0
 601 0050 03       		.uleb128 0x3
 602 0051 0E       		.uleb128 0xe
 603 0052 1C       		.uleb128 0x1c
 604 0053 0D       		.uleb128 0xd
 605 0054 00       		.byte	0
 606 0055 00       		.byte	0
 607 0056 09       		.uleb128 0x9
 608 0057 16       		.uleb128 0x16
 609 0058 00       		.byte	0
 610 0059 03       		.uleb128 0x3
 611 005a 0E       		.uleb128 0xe
 612 005b 3A       		.uleb128 0x3a
 613 005c 0B       		.uleb128 0xb
 614 005d 3B       		.uleb128 0x3b
 615 005e 05       		.uleb128 0x5
 616 005f 49       		.uleb128 0x49
 617 0060 13       		.uleb128 0x13
 618 0061 00       		.byte	0
 619 0062 00       		.byte	0
 620 0063 0A       		.uleb128 0xa
 621 0064 0F       		.uleb128 0xf
 622 0065 00       		.byte	0
 623 0066 0B       		.uleb128 0xb
 624 0067 0B       		.uleb128 0xb
 625 0068 49       		.uleb128 0x49
 626 0069 13       		.uleb128 0x13
 627 006a 00       		.byte	0
ARM GAS  C:\Users\hima\AppData\Local\Temp\ccACyQHM.s 			page 12


 628 006b 00       		.byte	0
 629 006c 0B       		.uleb128 0xb
 630 006d 15       		.uleb128 0x15
 631 006e 01       		.byte	0x1
 632 006f 27       		.uleb128 0x27
 633 0070 19       		.uleb128 0x19
 634 0071 01       		.uleb128 0x1
 635 0072 13       		.uleb128 0x13
 636 0073 00       		.byte	0
 637 0074 00       		.byte	0
 638 0075 0C       		.uleb128 0xc
 639 0076 05       		.uleb128 0x5
 640 0077 00       		.byte	0
 641 0078 49       		.uleb128 0x49
 642 0079 13       		.uleb128 0x13
 643 007a 00       		.byte	0
 644 007b 00       		.byte	0
 645 007c 0D       		.uleb128 0xd
 646 007d 15       		.uleb128 0x15
 647 007e 01       		.byte	0x1
 648 007f 27       		.uleb128 0x27
 649 0080 19       		.uleb128 0x19
 650 0081 49       		.uleb128 0x49
 651 0082 13       		.uleb128 0x13
 652 0083 01       		.uleb128 0x1
 653 0084 13       		.uleb128 0x13
 654 0085 00       		.byte	0
 655 0086 00       		.byte	0
 656 0087 0E       		.uleb128 0xe
 657 0088 13       		.uleb128 0x13
 658 0089 01       		.byte	0x1
 659 008a 03       		.uleb128 0x3
 660 008b 0E       		.uleb128 0xe
 661 008c 0B       		.uleb128 0xb
 662 008d 0B       		.uleb128 0xb
 663 008e 3A       		.uleb128 0x3a
 664 008f 0B       		.uleb128 0xb
 665 0090 3B       		.uleb128 0x3b
 666 0091 05       		.uleb128 0x5
 667 0092 01       		.uleb128 0x1
 668 0093 13       		.uleb128 0x13
 669 0094 00       		.byte	0
 670 0095 00       		.byte	0
 671 0096 0F       		.uleb128 0xf
 672 0097 0D       		.uleb128 0xd
 673 0098 00       		.byte	0
 674 0099 03       		.uleb128 0x3
 675 009a 0E       		.uleb128 0xe
 676 009b 3A       		.uleb128 0x3a
 677 009c 0B       		.uleb128 0xb
 678 009d 3B       		.uleb128 0x3b
 679 009e 05       		.uleb128 0x5
 680 009f 49       		.uleb128 0x49
 681 00a0 13       		.uleb128 0x13
 682 00a1 38       		.uleb128 0x38
 683 00a2 0B       		.uleb128 0xb
 684 00a3 00       		.byte	0
ARM GAS  C:\Users\hima\AppData\Local\Temp\ccACyQHM.s 			page 13


 685 00a4 00       		.byte	0
 686 00a5 10       		.uleb128 0x10
 687 00a6 34       		.uleb128 0x34
 688 00a7 00       		.byte	0
 689 00a8 03       		.uleb128 0x3
 690 00a9 0E       		.uleb128 0xe
 691 00aa 3A       		.uleb128 0x3a
 692 00ab 0B       		.uleb128 0xb
 693 00ac 3B       		.uleb128 0x3b
 694 00ad 05       		.uleb128 0x5
 695 00ae 49       		.uleb128 0x49
 696 00af 13       		.uleb128 0x13
 697 00b0 3F       		.uleb128 0x3f
 698 00b1 19       		.uleb128 0x19
 699 00b2 3C       		.uleb128 0x3c
 700 00b3 19       		.uleb128 0x19
 701 00b4 00       		.byte	0
 702 00b5 00       		.byte	0
 703 00b6 11       		.uleb128 0x11
 704 00b7 34       		.uleb128 0x34
 705 00b8 00       		.byte	0
 706 00b9 03       		.uleb128 0x3
 707 00ba 0E       		.uleb128 0xe
 708 00bb 3A       		.uleb128 0x3a
 709 00bc 0B       		.uleb128 0xb
 710 00bd 3B       		.uleb128 0x3b
 711 00be 0B       		.uleb128 0xb
 712 00bf 49       		.uleb128 0x49
 713 00c0 13       		.uleb128 0x13
 714 00c1 3F       		.uleb128 0x3f
 715 00c2 19       		.uleb128 0x19
 716 00c3 3C       		.uleb128 0x3c
 717 00c4 19       		.uleb128 0x19
 718 00c5 00       		.byte	0
 719 00c6 00       		.byte	0
 720 00c7 12       		.uleb128 0x12
 721 00c8 34       		.uleb128 0x34
 722 00c9 00       		.byte	0
 723 00ca 03       		.uleb128 0x3
 724 00cb 08       		.uleb128 0x8
 725 00cc 3A       		.uleb128 0x3a
 726 00cd 0B       		.uleb128 0xb
 727 00ce 3B       		.uleb128 0x3b
 728 00cf 0B       		.uleb128 0xb
 729 00d0 49       		.uleb128 0x49
 730 00d1 13       		.uleb128 0x13
 731 00d2 3F       		.uleb128 0x3f
 732 00d3 19       		.uleb128 0x19
 733 00d4 02       		.uleb128 0x2
 734 00d5 18       		.uleb128 0x18
 735 00d6 00       		.byte	0
 736 00d7 00       		.byte	0
 737 00d8 00       		.byte	0
 738              		.section	.debug_aranges,"",%progbits
 739 0000 14000000 		.4byte	0x14
 740 0004 0200     		.2byte	0x2
 741 0006 00000000 		.4byte	.Ldebug_info0
ARM GAS  C:\Users\hima\AppData\Local\Temp\ccACyQHM.s 			page 14


 742 000a 04       		.byte	0x4
 743 000b 00       		.byte	0
 744 000c 0000     		.2byte	0
 745 000e 0000     		.2byte	0
 746 0010 00000000 		.4byte	0
 747 0014 00000000 		.4byte	0
 748              		.section	.debug_line,"",%progbits
 749              	.Ldebug_line0:
 750 0000 D7010000 		.section	.debug_str,"MS",%progbits,1
 750      0200D101 
 750      00000201 
 750      FB0E0D00 
 750      01010101 
 751              	.LASF69:
 752 0000 474E5520 		.ascii	"GNU C 4.9.3 20150303 (release) [ARM/embedded-4_9-br"
 752      4320342E 
 752      392E3320 
 752      32303135 
 752      30333033 
 753 0033 616E6368 		.ascii	"anch revision 221220] -mcpu=cortex-m4 -mfloat-abi=s"
 753      20726576 
 753      6973696F 
 753      6E203232 
 753      31323230 
 754 0066 6F667466 		.ascii	"oftfp -mfpu=fpv4-sp-d16 -mthumb -g -Og -ffunction-s"
 754      70202D6D 
 754      6670753D 
 754      66707634 
 754      2D73702D 
 755 0099 65637469 		.ascii	"ections -ffat-lto-objects\000"
 755      6F6E7320 
 755      2D666661 
 755      742D6C74 
 755      6F2D6F62 
 756              	.LASF36:
 757 00b3 6D617374 		.ascii	"masterNumBytes\000"
 757      65724E75 
 757      6D427974 
 757      657300
 758              	.LASF35:
 759 00c2 6D617374 		.ascii	"masterBufferIdx\000"
 759      65724275 
 759      66666572 
 759      49647800 
 760              	.LASF57:
 761 00d2 72785269 		.ascii	"rxRingBufTail\000"
 761      6E674275 
 761      66546169 
 761      6C00
 762              	.LASF43:
 763 00e0 736C6176 		.ascii	"slaveRxBuffer\000"
 763      65527842 
 763      75666665 
 763      7200
 764              	.LASF59:
 765 00ee 72784275 		.ascii	"rxBufSize\000"
 765      6653697A 
ARM GAS  C:\Users\hima\AppData\Local\Temp\ccACyQHM.s 			page 15


 765      6500
 766              	.LASF29:
 767 00f8 73746174 		.ascii	"state\000"
 767      6500
 768              	.LASF49:
 769 00fe 63795F63 		.ascii	"cy_cb_scb_uart_handle_events_t\000"
 769      625F7363 
 769      625F7561 
 769      72745F68 
 769      616E646C 
 770              	.LASF4:
 771 011d 73686F72 		.ascii	"short int\000"
 771      7420696E 
 771      7400
 772              	.LASF63:
 773 0127 74784C65 		.ascii	"txLeftToTransmit\000"
 773      6674546F 
 773      5472616E 
 773      736D6974 
 773      00
 774              	.LASF17:
 775 0138 73697A65 		.ascii	"sizetype\000"
 775      74797065 
 775      00
 776              	.LASF30:
 777 0141 6D617374 		.ascii	"masterStatus\000"
 777      65725374 
 777      61747573 
 777      00
 778              	.LASF51:
 779 014e 63795F73 		.ascii	"cy_stc_scb_uart_context\000"
 779      74635F73 
 779      63625F75 
 779      6172745F 
 779      636F6E74 
 780              	.LASF42:
 781 0166 736C6176 		.ascii	"slaveTxBufferCnt\000"
 781      65547842 
 781      75666665 
 781      72436E74 
 781      00
 782              	.LASF70:
 783 0177 64617461 		.ascii	"data.c\000"
 783      2E6300
 784              	.LASF8:
 785 017e 5F5F7569 		.ascii	"__uint32_t\000"
 785      6E743332 
 785      5F7400
 786              	.LASF52:
 787 0189 74785374 		.ascii	"txStatus\000"
 787      61747573 
 787      00
 788              	.LASF60:
 789 0192 72784275 		.ascii	"rxBufIdx\000"
 789      66496478 
 789      00
 790              	.LASF33:
ARM GAS  C:\Users\hima\AppData\Local\Temp\ccACyQHM.s 			page 16


 791 019b 6D617374 		.ascii	"masterBuffer\000"
 791      65724275 
 791      66666572 
 791      00
 792              	.LASF13:
 793 01a8 75696E74 		.ascii	"uint8_t\000"
 793      385F7400 
 794              	.LASF67:
 795 01b0 4932435F 		.ascii	"I2C_MPU9250_context\000"
 795      4D505539 
 795      3235305F 
 795      636F6E74 
 795      65787400 
 796              	.LASF71:
 797 01c4 433A5C55 		.ascii	"C:\\Users\\hima\\OneDrive - Cypress Semiconductor\\"
 797      73657273 
 797      5C68696D 
 797      615C4F6E 
 797      65447269 
 798 01f3 48696D61 		.ascii	"Hima\\MyCases\\Q1-18\\I2S PSoC6\\HA700_ver2\\HA700_"
 798      5C4D7943 
 798      61736573 
 798      5C51312D 
 798      31385C49 
 799 0221 76657232 		.ascii	"ver2\\Design01.cydsn\000"
 799      5C446573 
 799      69676E30 
 799      312E6379 
 799      64736E00 
 800              	.LASF56:
 801 0235 72785269 		.ascii	"rxRingBufHead\000"
 801      6E674275 
 801      66486561 
 801      6400
 802              	.LASF19:
 803 0243 666C6F61 		.ascii	"float\000"
 803      7400
 804              	.LASF28:
 805 0249 75736554 		.ascii	"useTxFifo\000"
 805      78466966 
 805      6F00
 806              	.LASF61:
 807 0253 74784275 		.ascii	"txBuf\000"
 807      6600
 808              	.LASF10:
 809 0259 6C6F6E67 		.ascii	"long long int\000"
 809      206C6F6E 
 809      6720696E 
 809      7400
 810              	.LASF18:
 811 0267 63686172 		.ascii	"char\000"
 811      00
 812              	.LASF44:
 813 026c 736C6176 		.ascii	"slaveRxBufferSize\000"
 813      65527842 
 813      75666665 
 813      7253697A 
ARM GAS  C:\Users\hima\AppData\Local\Temp\ccACyQHM.s 			page 17


 813      6500
 814              	.LASF55:
 815 027e 72785269 		.ascii	"rxRingBufSize\000"
 815      6E674275 
 815      6653697A 
 815      6500
 816              	.LASF32:
 817 028c 6D617374 		.ascii	"masterRdDir\000"
 817      65725264 
 817      44697200 
 818              	.LASF2:
 819 0298 5F5F7569 		.ascii	"__uint8_t\000"
 819      6E74385F 
 819      7400
 820              	.LASF45:
 821 02a2 736C6176 		.ascii	"slaveRxBufferIdx\000"
 821      65527842 
 821      75666665 
 821      72496478 
 821      00
 822              	.LASF40:
 823 02b3 736C6176 		.ascii	"slaveTxBufferSize\000"
 823      65547842 
 823      75666665 
 823      7253697A 
 823      6500
 824              	.LASF48:
 825 02c5 63795F73 		.ascii	"cy_stc_scb_i2c_context_t\000"
 825      74635F73 
 825      63625F69 
 825      32635F63 
 825      6F6E7465 
 826              	.LASF53:
 827 02de 72785374 		.ascii	"rxStatus\000"
 827      61747573 
 827      00
 828              	.LASF1:
 829 02e7 756E7369 		.ascii	"unsigned char\000"
 829      676E6564 
 829      20636861 
 829      7200
 830              	.LASF54:
 831 02f5 72785269 		.ascii	"rxRingBuf\000"
 831      6E674275 
 831      6600
 832              	.LASF0:
 833 02ff 7369676E 		.ascii	"signed char\000"
 833      65642063 
 833      68617200 
 834              	.LASF34:
 835 030b 6D617374 		.ascii	"masterBufferSize\000"
 835      65724275 
 835      66666572 
 835      53697A65 
 835      00
 836              	.LASF11:
 837 031c 6C6F6E67 		.ascii	"long long unsigned int\000"
ARM GAS  C:\Users\hima\AppData\Local\Temp\ccACyQHM.s 			page 18


 837      206C6F6E 
 837      6720756E 
 837      7369676E 
 837      65642069 
 838              	.LASF16:
 839 0333 75696E74 		.ascii	"uint32_t\000"
 839      33325F74 
 839      00
 840              	.LASF25:
 841 033c 63795F63 		.ascii	"cy_cb_scb_i2c_handle_events_t\000"
 841      625F7363 
 841      625F6932 
 841      635F6861 
 841      6E646C65 
 842              	.LASF12:
 843 035a 756E7369 		.ascii	"unsigned int\000"
 843      676E6564 
 843      20696E74 
 843      00
 844              	.LASF24:
 845 0367 63795F65 		.ascii	"cy_en_scb_i2c_command_t\000"
 845      6E5F7363 
 845      625F6932 
 845      635F636F 
 845      6D6D616E 
 846              	.LASF9:
 847 037f 6C6F6E67 		.ascii	"long unsigned int\000"
 847      20756E73 
 847      69676E65 
 847      6420696E 
 847      7400
 848              	.LASF62:
 849 0391 74784275 		.ascii	"txBufSize\000"
 849      6653697A 
 849      6500
 850              	.LASF5:
 851 039b 73686F72 		.ascii	"short unsigned int\000"
 851      7420756E 
 851      7369676E 
 851      65642069 
 851      6E7400
 852              	.LASF58:
 853 03ae 72784275 		.ascii	"rxBuf\000"
 853      6600
 854              	.LASF26:
 855 03b4 63795F63 		.ascii	"cy_cb_scb_i2c_handle_addr_t\000"
 855      625F7363 
 855      625F6932 
 855      635F6861 
 855      6E646C65 
 856              	.LASF46:
 857 03d0 63624576 		.ascii	"cbEvents\000"
 857      656E7473 
 857      00
 858              	.LASF15:
 859 03d9 696E7433 		.ascii	"int32_t\000"
 859      325F7400 
ARM GAS  C:\Users\hima\AppData\Local\Temp\ccACyQHM.s 			page 19


 860              	.LASF6:
 861 03e1 5F5F696E 		.ascii	"__int32_t\000"
 861      7433325F 
 861      7400
 862              	.LASF14:
 863 03eb 696E7431 		.ascii	"int16_t\000"
 863      365F7400 
 864              	.LASF21:
 865 03f3 5F426F6F 		.ascii	"_Bool\000"
 865      6C00
 866              	.LASF23:
 867 03f9 43595F53 		.ascii	"CY_SCB_I2C_NAK\000"
 867      43425F49 
 867      32435F4E 
 867      414B00
 868              	.LASF20:
 869 0408 646F7562 		.ascii	"double\000"
 869      6C6500
 870              	.LASF37:
 871 040f 736C6176 		.ascii	"slaveStatus\000"
 871      65537461 
 871      74757300 
 872              	.LASF22:
 873 041b 43595F53 		.ascii	"CY_SCB_I2C_ACK\000"
 873      43425F49 
 873      32435F41 
 873      434B00
 874              	.LASF41:
 875 042a 736C6176 		.ascii	"slaveTxBufferIdx\000"
 875      65547842 
 875      75666665 
 875      72496478 
 875      00
 876              	.LASF27:
 877 043b 75736552 		.ascii	"useRxFifo\000"
 877      78466966 
 877      6F00
 878              	.LASF64:
 879 0445 696E6974 		.ascii	"initKey\000"
 879      4B657900 
 880              	.LASF3:
 881 044d 5F5F696E 		.ascii	"__int16_t\000"
 881      7431365F 
 881      7400
 882              	.LASF31:
 883 0457 6D617374 		.ascii	"masterPause\000"
 883      65725061 
 883      75736500 
 884              	.LASF65:
 885 0463 63795F73 		.ascii	"cy_stc_scb_uart_context_t\000"
 885      74635F73 
 885      63625F75 
 885      6172745F 
 885      636F6E74 
 886              	.LASF68:
 887 047d 55415254 		.ascii	"UART_context\000"
 887      5F636F6E 
ARM GAS  C:\Users\hima\AppData\Local\Temp\ccACyQHM.s 			page 20


 887      74657874 
 887      00
 888              	.LASF7:
 889 048a 6C6F6E67 		.ascii	"long int\000"
 889      20696E74 
 889      00
 890              	.LASF66:
 891 0493 49544D5F 		.ascii	"ITM_RxBuffer\000"
 891      52784275 
 891      66666572 
 891      00
 892              	.LASF47:
 893 04a0 63624164 		.ascii	"cbAddr\000"
 893      647200
 894              	.LASF38:
 895 04a7 736C6176 		.ascii	"slaveRdBufEmpty\000"
 895      65526442 
 895      7566456D 
 895      70747900 
 896              	.LASF50:
 897 04b7 63795F73 		.ascii	"cy_stc_scb_i2c_context\000"
 897      74635F73 
 897      63625F69 
 897      32635F63 
 897      6F6E7465 
 898              	.LASF39:
 899 04ce 736C6176 		.ascii	"slaveTxBuffer\000"
 899      65547842 
 899      75666665 
 899      7200
 900              		.ident	"GCC: (GNU Tools for ARM Embedded Processors) 4.9.3 20150303 (release) [ARM/embedded-4_9-br
