ARM GAS  C:\Users\hima\AppData\Local\Temp\cc7F3o1l.s 			page 1


   1              		.cpu cortex-m0plus
   2              		.fpu softvfp
   3              		.eabi_attribute 20, 1
   4              		.eabi_attribute 21, 1
   5              		.eabi_attribute 23, 3
   6              		.eabi_attribute 24, 1
   7              		.eabi_attribute 25, 1
   8              		.eabi_attribute 26, 1
   9              		.eabi_attribute 30, 1
  10              		.eabi_attribute 34, 0
  11              		.eabi_attribute 18, 4
  12              		.code	16
  13              		.file	"cy_ipc_config.c"
  14              		.text
  15              	.Ltext0:
  16              		.cfi_sections	.debug_frame
  17              		.section	.text.NvicMux1_IRQHandler,"ax",%progbits
  18              		.align	2
  19              		.global	NvicMux1_IRQHandler
  20              		.code	16
  21              		.thumb_func
  22              		.type	NvicMux1_IRQHandler, %function
  23              	NvicMux1_IRQHandler:
  24              	.LFB59:
  25              		.file 1 "cy_ipc_config.c"
   1:cy_ipc_config.c **** /***************************************************************************//**
   2:cy_ipc_config.c **** * \file cy_ipc_config.c
   3:cy_ipc_config.c **** * \version 1.10
   4:cy_ipc_config.c **** *
   5:cy_ipc_config.c **** *  Description:
   6:cy_ipc_config.c **** *  This C file is not intended to be part of the IPC driver. It is the code
   7:cy_ipc_config.c **** *  required to configure the device specific IPC channels for semaphores
   8:cy_ipc_config.c **** *  and pipes.
   9:cy_ipc_config.c **** *
  10:cy_ipc_config.c **** ********************************************************************************
  11:cy_ipc_config.c **** * Copyright 2016-2017, Cypress Semiconductor Corporation.  All rights reserved.
  12:cy_ipc_config.c **** * You may use this file only in accordance with the license, terms, conditions,
  13:cy_ipc_config.c **** * disclaimers, and limitations in the end user license agreement accompanying
  14:cy_ipc_config.c **** * the software package with which this file was provided.
  15:cy_ipc_config.c **** *******************************************************************************/
  16:cy_ipc_config.c **** 
  17:cy_ipc_config.c **** #include "ipc/cy_ipc_drv.h"
  18:cy_ipc_config.c **** #include "ipc/cy_ipc_pipe.h"
  19:cy_ipc_config.c **** #include "ipc/cy_ipc_sema.h"
  20:cy_ipc_config.c **** 
  21:cy_ipc_config.c **** #include "cy_ipc_config.h"
  22:cy_ipc_config.c **** 
  23:cy_ipc_config.c **** /* Create an array of endpoint structures */
  24:cy_ipc_config.c **** static cy_stc_ipc_pipe_ep_t        cy_ipc_pipe_sysEpArray[CY_IPC_MAX_ENDPOINTS];
  25:cy_ipc_config.c **** 
  26:cy_ipc_config.c **** #define CY_CYPIPE_DEFAULT_CONFIG    \
  27:cy_ipc_config.c **** {\
  28:cy_ipc_config.c ****     /* .ep0ConfigData */ {\
  29:cy_ipc_config.c ****         /* .ipcNotifierNumber    */  CY_IPC_INTR_CYPIPE_EP0,\
  30:cy_ipc_config.c ****         /* .ipcNotifierPriority  */  CY_IPC_INTR_CYPIPE_PRIOR_EP0,\
  31:cy_ipc_config.c ****         /* .ipcNotifierMuxNumber */  CY_IPC_INTR_CYPIPE_MUX_EP0,\
  32:cy_ipc_config.c ****         /* .epAddress            */  CY_IPC_EP_CYPIPE_CM0_ADDR,\
ARM GAS  C:\Users\hima\AppData\Local\Temp\cc7F3o1l.s 			page 2


  33:cy_ipc_config.c ****         /* .epConfig             */  CY_IPC_CYPIPE_CONFIG_EP0\
  34:cy_ipc_config.c ****     },\
  35:cy_ipc_config.c ****     /* .ep1ConfigData */ {\
  36:cy_ipc_config.c ****         /* .ipcNotifierNumber    */  CY_IPC_INTR_CYPIPE_EP1,\
  37:cy_ipc_config.c ****         /* .ipcNotifierPriority  */  CY_IPC_INTR_CYPIPE_PRIOR_EP1,\
  38:cy_ipc_config.c ****         /* .ipcNotifierMuxNumber */  0u,\
  39:cy_ipc_config.c ****         /* .epAddress            */  CY_IPC_EP_CYPIPE_CM4_ADDR,\
  40:cy_ipc_config.c ****         /* .epConfig             */  CY_IPC_CYPIPE_CONFIG_EP1\
  41:cy_ipc_config.c ****     },\
  42:cy_ipc_config.c ****     /* .endpointClientsCount     */  CY_IPC_CYPIPE_CLIENT_CNT,\
  43:cy_ipc_config.c ****     /* .endpointsCallbacksArray  */  cy_ipc_pipe_sysCbArray,\
  44:cy_ipc_config.c ****     /* .userPipeIsrHandler       */  &Cy_IPC_SystemPipeIsr\
  45:cy_ipc_config.c **** }
  46:cy_ipc_config.c **** 
  47:cy_ipc_config.c **** /*******************************************************************************
  48:cy_ipc_config.c **** * Function Name: Cy_IPC_SystemSemaInit
  49:cy_ipc_config.c **** ****************************************************************************//**
  50:cy_ipc_config.c **** *
  51:cy_ipc_config.c **** * Initializes the system semaphores. The system semaphores are used by Flash.
  52:cy_ipc_config.c **** *
  53:cy_ipc_config.c **** * This function is called in the SystemInit() function. If the default startup
  54:cy_ipc_config.c **** * file is not used, or SystemInit() is not called in your project,
  55:cy_ipc_config.c **** * call the following three functions prior to executing any flash or EmEEPROM
  56:cy_ipc_config.c **** * write or erase operation:
  57:cy_ipc_config.c **** *  -# Cy_IPC_SystemSemaInit()
  58:cy_ipc_config.c **** *  -# Cy_IPC_SystemPipeInit()
  59:cy_ipc_config.c **** *  -# Cy_Flash_Init()
  60:cy_ipc_config.c **** *
  61:cy_ipc_config.c **** *******************************************************************************/
  62:cy_ipc_config.c **** void Cy_IPC_SystemSemaInit(void)
  63:cy_ipc_config.c **** {
  64:cy_ipc_config.c **** /* Create array used for semaphores */
  65:cy_ipc_config.c **** #if !(CY_CPU_CORTEX_M0P)
  66:cy_ipc_config.c ****     (void) Cy_IPC_Sema_Init(CY_IPC_CHAN_SEMA, 0ul, NULL);
  67:cy_ipc_config.c **** #else
  68:cy_ipc_config.c ****     static uint32_t ipcSemaArray[CY_IPC_SEMA_COUNT / CY_IPC_SEMA_PER_WORD];
  69:cy_ipc_config.c ****     (void) Cy_IPC_Sema_Init(CY_IPC_CHAN_SEMA, CY_IPC_SEMA_COUNT, ipcSemaArray);
  70:cy_ipc_config.c **** #endif
  71:cy_ipc_config.c **** }
  72:cy_ipc_config.c **** 
  73:cy_ipc_config.c **** /*******************************************************************************
  74:cy_ipc_config.c **** * Function Name: Cy_IPC_SystemPipeInit
  75:cy_ipc_config.c **** ****************************************************************************//**
  76:cy_ipc_config.c **** *
  77:cy_ipc_config.c **** * Initializes the system pipes. The system pipes are used by BLE and Flash.
  78:cy_ipc_config.c **** * \note The function should be called on all CPUs.
  79:cy_ipc_config.c **** *
  80:cy_ipc_config.c **** * This function is called in the SystemInit() function. If the default startup
  81:cy_ipc_config.c **** * file is not used, or SystemInit() is not called in your project,
  82:cy_ipc_config.c **** * call the following three functions prior to executing any flash or EmEEPROM
  83:cy_ipc_config.c **** * write or erase operation:
  84:cy_ipc_config.c **** *  -# Cy_IPC_SystemSemaInit()
  85:cy_ipc_config.c **** *  -# Cy_IPC_SystemPipeInit()
  86:cy_ipc_config.c **** *  -# Cy_Flash_Init()
  87:cy_ipc_config.c **** *
  88:cy_ipc_config.c **** * Also this function is called to support BLE host/controller communication.
  89:cy_ipc_config.c **** *
ARM GAS  C:\Users\hima\AppData\Local\Temp\cc7F3o1l.s 			page 3


  90:cy_ipc_config.c **** *******************************************************************************/
  91:cy_ipc_config.c **** void Cy_IPC_SystemPipeInit(void)
  92:cy_ipc_config.c **** {
  93:cy_ipc_config.c ****     uint32_t intr;
  94:cy_ipc_config.c **** 
  95:cy_ipc_config.c ****     intr = Cy_SysLib_EnterCriticalSection();
  96:cy_ipc_config.c **** 
  97:cy_ipc_config.c ****     static cy_ipc_pipe_callback_ptr_t cy_ipc_pipe_sysCbArray[CY_IPC_CYPIPE_CLIENT_CNT];
  98:cy_ipc_config.c **** 
  99:cy_ipc_config.c ****     static const cy_stc_ipc_pipe_config_t systemPipeConfig = CY_CYPIPE_DEFAULT_CONFIG;
 100:cy_ipc_config.c **** 
 101:cy_ipc_config.c ****     Cy_IPC_Pipe_Config(cy_ipc_pipe_sysEpArray);
 102:cy_ipc_config.c **** 
 103:cy_ipc_config.c ****     Cy_IPC_Pipe_Init(&systemPipeConfig);
 104:cy_ipc_config.c **** 
 105:cy_ipc_config.c ****     Cy_SysLib_ExitCriticalSection(intr);
 106:cy_ipc_config.c **** }
 107:cy_ipc_config.c **** 
 108:cy_ipc_config.c **** /*******************************************************************************
 109:cy_ipc_config.c **** * Function Name: Cy_IPC_SystemPipeIsr
 110:cy_ipc_config.c **** ****************************************************************************//**
 111:cy_ipc_config.c **** *
 112:cy_ipc_config.c **** * This is the interrupt service routine for the system pipe.
 113:cy_ipc_config.c **** *
 114:cy_ipc_config.c **** *******************************************************************************/
 115:cy_ipc_config.c **** void Cy_IPC_SystemPipeIsr(void)
 116:cy_ipc_config.c **** {
  26              		.loc 1 116 0
  27              		.cfi_startproc
  28 0000 08B5     		push	{r3, lr}
  29              		.cfi_def_cfa_offset 8
  30              		.cfi_offset 3, -8
  31              		.cfi_offset 14, -4
 117:cy_ipc_config.c ****     Cy_IPC_Pipe_ExecCallback(&cy_ipc_pipe_sysEpArray[CY_IPC_EP_CYPIPE_ADDR]);
  32              		.loc 1 117 0
  33 0002 0248     		ldr	r0, .L2
  34 0004 FFF7FEFF 		bl	Cy_IPC_Pipe_ExecCallback
  35              	.LVL0:
 118:cy_ipc_config.c **** }
  36              		.loc 1 118 0
  37              		@ sp needed
  38 0008 08BD     		pop	{r3, pc}
  39              	.L3:
  40 000a C046     		.align	2
  41              	.L2:
  42 000c 00000000 		.word	.LANCHOR0
  43              		.cfi_endproc
  44              	.LFE59:
  45              		.size	NvicMux1_IRQHandler, .-NvicMux1_IRQHandler
  46              		.section	.text.Cy_IPC_SystemSemaInit,"ax",%progbits
  47              		.align	2
  48              		.global	Cy_IPC_SystemSemaInit
  49              		.code	16
  50              		.thumb_func
  51              		.type	Cy_IPC_SystemSemaInit, %function
  52              	Cy_IPC_SystemSemaInit:
  53              	.LFB57:
ARM GAS  C:\Users\hima\AppData\Local\Temp\cc7F3o1l.s 			page 4


  63:cy_ipc_config.c **** /* Create array used for semaphores */
  54              		.loc 1 63 0
  55              		.cfi_startproc
  56 0000 08B5     		push	{r3, lr}
  57              		.cfi_def_cfa_offset 8
  58              		.cfi_offset 3, -8
  59              		.cfi_offset 14, -4
  69:cy_ipc_config.c **** #endif
  60              		.loc 1 69 0
  61 0002 0420     		mov	r0, #4
  62 0004 8021     		mov	r1, #128
  63 0006 024A     		ldr	r2, .L5
  64 0008 6032     		add	r2, r2, #96
  65 000a FFF7FEFF 		bl	Cy_IPC_Sema_Init
  66              	.LVL1:
  71:cy_ipc_config.c **** 
  67              		.loc 1 71 0
  68              		@ sp needed
  69 000e 08BD     		pop	{r3, pc}
  70              	.L6:
  71              		.align	2
  72              	.L5:
  73 0010 00010000 		.word	.LANCHOR1
  74              		.cfi_endproc
  75              	.LFE57:
  76              		.size	Cy_IPC_SystemSemaInit, .-Cy_IPC_SystemSemaInit
  77              		.section	.text.Cy_IPC_SystemPipeInit,"ax",%progbits
  78              		.align	2
  79              		.global	Cy_IPC_SystemPipeInit
  80              		.code	16
  81              		.thumb_func
  82              		.type	Cy_IPC_SystemPipeInit, %function
  83              	Cy_IPC_SystemPipeInit:
  84              	.LFB58:
  92:cy_ipc_config.c ****     uint32_t intr;
  85              		.loc 1 92 0
  86              		.cfi_startproc
  87 0000 10B5     		push	{r4, lr}
  88              		.cfi_def_cfa_offset 8
  89              		.cfi_offset 4, -8
  90              		.cfi_offset 14, -4
  95:cy_ipc_config.c **** 
  91              		.loc 1 95 0
  92 0002 FFF7FEFF 		bl	Cy_SysLib_EnterCriticalSection
  93              	.LVL2:
  94 0006 041C     		mov	r4, r0
  95              	.LVL3:
 101:cy_ipc_config.c **** 
  96              		.loc 1 101 0
  97 0008 0448     		ldr	r0, .L8
  98              	.LVL4:
  99 000a FFF7FEFF 		bl	Cy_IPC_Pipe_Config
 100              	.LVL5:
 103:cy_ipc_config.c **** 
 101              		.loc 1 103 0
 102 000e 0448     		ldr	r0, .L8+4
 103 0010 FFF7FEFF 		bl	Cy_IPC_Pipe_Init
ARM GAS  C:\Users\hima\AppData\Local\Temp\cc7F3o1l.s 			page 5


 104              	.LVL6:
 105:cy_ipc_config.c **** }
 105              		.loc 1 105 0
 106 0014 201C     		mov	r0, r4
 107 0016 FFF7FEFF 		bl	Cy_SysLib_ExitCriticalSection
 108              	.LVL7:
 106:cy_ipc_config.c **** 
 109              		.loc 1 106 0
 110              		@ sp needed
 111              	.LVL8:
 112 001a 10BD     		pop	{r4, pc}
 113              	.L9:
 114              		.align	2
 115              	.L8:
 116 001c 00000000 		.word	.LANCHOR0
 117 0020 00000000 		.word	.LANCHOR2
 118              		.cfi_endproc
 119              	.LFE58:
 120              		.size	Cy_IPC_SystemPipeInit, .-Cy_IPC_SystemPipeInit
 121              		.section	.rodata
 122              		.align	2
 123              		.set	.LANCHOR2,. + 0
 124              		.type	systemPipeConfig.9247, %object
 125              		.size	systemPipeConfig.9247, 52
 126              	systemPipeConfig.9247:
 127 0000 03000000 		.word	3
 128 0004 01000000 		.word	1
 129 0008 01000000 		.word	1
 130 000c 00000000 		.word	0
 131 0010 05036000 		.word	6292229
 132 0014 04000000 		.word	4
 133 0018 01000000 		.word	1
 134 001c 00000000 		.word	0
 135 0020 01000000 		.word	1
 136 0024 06046000 		.word	6292486
 137 0028 08000000 		.word	8
 138 002c 70010000 		.word	cy_ipc_pipe_sysCbArray.9246
 139 0030 00000000 		.word	NvicMux1_IRQHandler
 140              		.bss
 141              		.align	2
 142              		.set	.LANCHOR0,. + 0
 143              		.set	.LANCHOR1,. + 256
 144              		.type	cy_ipc_pipe_sysEpArray, %object
 145              		.size	cy_ipc_pipe_sysEpArray, 352
 146              	cy_ipc_pipe_sysEpArray:
 147 0000 00000000 		.space	352
 147      00000000 
 147      00000000 
 147      00000000 
 147      00000000 
 148              		.type	ipcSemaArray.9241, %object
 149              		.size	ipcSemaArray.9241, 16
 150              	ipcSemaArray.9241:
 151 0160 00000000 		.space	16
 151      00000000 
 151      00000000 
 151      00000000 
ARM GAS  C:\Users\hima\AppData\Local\Temp\cc7F3o1l.s 			page 6


 152              		.type	cy_ipc_pipe_sysCbArray.9246, %object
 153              		.size	cy_ipc_pipe_sysCbArray.9246, 32
 154              	cy_ipc_pipe_sysCbArray.9246:
 155 0170 00000000 		.space	32
 155      00000000 
 155      00000000 
 155      00000000 
 155      00000000 
 156              		.text
 157              	.Letext0:
 158              		.file 2 "c:\\program files (x86)\\cypress\\psoc creator\\3.3\\psoc creator\\import\\gnu\\arm\\4.9.
 159              		.file 3 "c:\\program files (x86)\\cypress\\psoc creator\\3.3\\psoc creator\\import\\gnu\\arm\\4.9.
 160              		.file 4 "Generated_Source\\PSoC6\\pdl\\devices/psoc6/psoc63/include/cy8c6347bzi_bld53.h"
 161              		.file 5 "Generated_Source\\PSoC6\\pdl\\devices/psoc6/ip/cyip_ipc.h"
 162              		.file 6 "Generated_Source\\PSoC6\\pdl\\drivers/peripheral/syslib/cy_syslib.h"
 163              		.file 7 "Generated_Source\\PSoC6\\pdl\\drivers/peripheral/ipc/cy_ipc_pipe.h"
 164              		.file 8 "Generated_Source\\PSoC6\\pdl\\drivers/peripheral/ipc/cy_ipc_sema.h"
 165              		.section	.debug_info,"",%progbits
 166              	.Ldebug_info0:
 167 0000 24060000 		.4byte	0x624
 168 0004 0400     		.2byte	0x4
 169 0006 00000000 		.4byte	.Ldebug_abbrev0
 170 000a 04       		.byte	0x4
 171 000b 01       		.uleb128 0x1
 172 000c ED000000 		.4byte	.LASF116
 173 0010 01       		.byte	0x1
 174 0011 CE070000 		.4byte	.LASF117
 175 0015 9B020000 		.4byte	.LASF118
 176 0019 00000000 		.4byte	.Ldebug_ranges0+0
 177 001d 00000000 		.4byte	0
 178 0021 00000000 		.4byte	.Ldebug_line0
 179 0025 02       		.uleb128 0x2
 180 0026 01       		.byte	0x1
 181 0027 06       		.byte	0x6
 182 0028 CD040000 		.4byte	.LASF0
 183 002c 02       		.uleb128 0x2
 184 002d 01       		.byte	0x1
 185 002e 08       		.byte	0x8
 186 002f 86040000 		.4byte	.LASF1
 187 0033 02       		.uleb128 0x2
 188 0034 02       		.byte	0x2
 189 0035 05       		.byte	0x5
 190 0036 1E020000 		.4byte	.LASF2
 191 003a 02       		.uleb128 0x2
 192 003b 02       		.byte	0x2
 193 003c 07       		.byte	0x7
 194 003d B2060000 		.4byte	.LASF3
 195 0041 02       		.uleb128 0x2
 196 0042 04       		.byte	0x4
 197 0043 05       		.byte	0x5
 198 0044 97030000 		.4byte	.LASF4
 199 0048 03       		.uleb128 0x3
 200 0049 49070000 		.4byte	.LASF9
 201 004d 02       		.byte	0x2
 202 004e 41       		.byte	0x41
 203 004f 53000000 		.4byte	0x53
 204 0053 02       		.uleb128 0x2
ARM GAS  C:\Users\hima\AppData\Local\Temp\cc7F3o1l.s 			page 7


 205 0054 04       		.byte	0x4
 206 0055 07       		.byte	0x7
 207 0056 E4060000 		.4byte	.LASF5
 208 005a 02       		.uleb128 0x2
 209 005b 08       		.byte	0x8
 210 005c 05       		.byte	0x5
 211 005d 67030000 		.4byte	.LASF6
 212 0061 02       		.uleb128 0x2
 213 0062 08       		.byte	0x8
 214 0063 07       		.byte	0x7
 215 0064 E2040000 		.4byte	.LASF7
 216 0068 04       		.uleb128 0x4
 217 0069 04       		.byte	0x4
 218 006a 05       		.byte	0x5
 219 006b 696E7400 		.ascii	"int\000"
 220 006f 02       		.uleb128 0x2
 221 0070 04       		.byte	0x4
 222 0071 07       		.byte	0x7
 223 0072 05080000 		.4byte	.LASF8
 224 0076 03       		.uleb128 0x3
 225 0077 F9040000 		.4byte	.LASF10
 226 007b 03       		.byte	0x3
 227 007c 2D       		.byte	0x2d
 228 007d 48000000 		.4byte	0x48
 229 0081 05       		.uleb128 0x5
 230 0082 02       		.byte	0x2
 231 0083 04       		.byte	0x4
 232 0084 24       		.byte	0x24
 233 0085 75010000 		.4byte	0x175
 234 0089 06       		.uleb128 0x6
 235 008a B9030000 		.4byte	.LASF11
 236 008e 71       		.sleb128 -15
 237 008f 06       		.uleb128 0x6
 238 0090 54070000 		.4byte	.LASF12
 239 0094 72       		.sleb128 -14
 240 0095 06       		.uleb128 0x6
 241 0096 58050000 		.4byte	.LASF13
 242 009a 73       		.sleb128 -13
 243 009b 06       		.uleb128 0x6
 244 009c 4C050000 		.4byte	.LASF14
 245 00a0 7B       		.sleb128 -5
 246 00a1 06       		.uleb128 0x6
 247 00a2 11050000 		.4byte	.LASF15
 248 00a6 7E       		.sleb128 -2
 249 00a7 06       		.uleb128 0x6
 250 00a8 16000000 		.4byte	.LASF16
 251 00ac 7F       		.sleb128 -1
 252 00ad 06       		.uleb128 0x6
 253 00ae BF040000 		.4byte	.LASF17
 254 00b2 00       		.sleb128 0
 255 00b3 06       		.uleb128 0x6
 256 00b4 4D000000 		.4byte	.LASF18
 257 00b8 01       		.sleb128 1
 258 00b9 06       		.uleb128 0x6
 259 00ba B6010000 		.4byte	.LASF19
 260 00be 02       		.sleb128 2
 261 00bf 06       		.uleb128 0x6
ARM GAS  C:\Users\hima\AppData\Local\Temp\cc7F3o1l.s 			page 8


 262 00c0 C1050000 		.4byte	.LASF20
 263 00c4 03       		.sleb128 3
 264 00c5 06       		.uleb128 0x6
 265 00c6 5B000000 		.4byte	.LASF21
 266 00ca 04       		.sleb128 4
 267 00cb 06       		.uleb128 0x6
 268 00cc 99010000 		.4byte	.LASF22
 269 00d0 05       		.sleb128 5
 270 00d1 06       		.uleb128 0x6
 271 00d2 AE050000 		.4byte	.LASF23
 272 00d6 06       		.sleb128 6
 273 00d7 06       		.uleb128 0x6
 274 00d8 8D070000 		.4byte	.LASF24
 275 00dc 07       		.sleb128 7
 276 00dd 06       		.uleb128 0x6
 277 00de 7F010000 		.4byte	.LASF25
 278 00e2 08       		.sleb128 8
 279 00e3 06       		.uleb128 0x6
 280 00e4 78050000 		.4byte	.LASF26
 281 00e8 09       		.sleb128 9
 282 00e9 06       		.uleb128 0x6
 283 00ea 38060000 		.4byte	.LASF27
 284 00ee 0A       		.sleb128 10
 285 00ef 06       		.uleb128 0x6
 286 00f0 DF010000 		.4byte	.LASF28
 287 00f4 0B       		.sleb128 11
 288 00f5 06       		.uleb128 0x6
 289 00f6 02050000 		.4byte	.LASF29
 290 00fa 0C       		.sleb128 12
 291 00fb 06       		.uleb128 0x6
 292 00fc E9050000 		.4byte	.LASF30
 293 0100 0D       		.sleb128 13
 294 0101 06       		.uleb128 0x6
 295 0102 A7010000 		.4byte	.LASF31
 296 0106 0E       		.sleb128 14
 297 0107 06       		.uleb128 0x6
 298 0108 A3060000 		.4byte	.LASF32
 299 010c 0F       		.sleb128 15
 300 010d 06       		.uleb128 0x6
 301 010e D5000000 		.4byte	.LASF33
 302 0112 10       		.sleb128 16
 303 0113 06       		.uleb128 0x6
 304 0114 5E040000 		.4byte	.LASF34
 305 0118 11       		.sleb128 17
 306 0119 06       		.uleb128 0x6
 307 011a 58030000 		.4byte	.LASF35
 308 011e 12       		.sleb128 18
 309 011f 06       		.uleb128 0x6
 310 0120 9F050000 		.4byte	.LASF36
 311 0124 13       		.sleb128 19
 312 0125 06       		.uleb128 0x6
 313 0126 49020000 		.4byte	.LASF37
 314 012a 14       		.sleb128 20
 315 012b 06       		.uleb128 0x6
 316 012c 78060000 		.4byte	.LASF38
 317 0130 15       		.sleb128 21
 318 0131 06       		.uleb128 0x6
ARM GAS  C:\Users\hima\AppData\Local\Temp\cc7F3o1l.s 			page 9


 319 0132 25080000 		.4byte	.LASF39
 320 0136 16       		.sleb128 22
 321 0137 06       		.uleb128 0x6
 322 0138 28020000 		.4byte	.LASF40
 323 013c 17       		.sleb128 23
 324 013d 06       		.uleb128 0x6
 325 013e 55060000 		.4byte	.LASF41
 326 0142 18       		.sleb128 24
 327 0143 06       		.uleb128 0x6
 328 0144 AA070000 		.4byte	.LASF42
 329 0148 19       		.sleb128 25
 330 0149 06       		.uleb128 0x6
 331 014a FD010000 		.4byte	.LASF43
 332 014e 1A       		.sleb128 26
 333 014f 06       		.uleb128 0x6
 334 0150 0D060000 		.4byte	.LASF44
 335 0154 1B       		.sleb128 27
 336 0155 06       		.uleb128 0x6
 337 0156 9B070000 		.4byte	.LASF45
 338 015a 1C       		.sleb128 28
 339 015b 06       		.uleb128 0x6
 340 015c 64060000 		.4byte	.LASF46
 341 0160 1D       		.sleb128 29
 342 0161 06       		.uleb128 0x6
 343 0162 EE010000 		.4byte	.LASF47
 344 0166 1E       		.sleb128 30
 345 0167 06       		.uleb128 0x6
 346 0168 F6060000 		.4byte	.LASF48
 347 016c 1F       		.sleb128 31
 348 016d 06       		.uleb128 0x6
 349 016e 4D040000 		.4byte	.LASF49
 350 0172 F001     		.sleb128 240
 351 0174 00       		.byte	0
 352 0175 03       		.uleb128 0x3
 353 0176 A8040000 		.4byte	.LASF50
 354 017a 04       		.byte	0x4
 355 017b F4       		.byte	0xf4
 356 017c 81000000 		.4byte	0x81
 357 0180 02       		.uleb128 0x2
 358 0181 04       		.byte	0x4
 359 0182 07       		.byte	0x7
 360 0183 E4000000 		.4byte	.LASF51
 361 0187 07       		.uleb128 0x7
 362 0188 8C010000 		.4byte	0x18c
 363 018c 08       		.uleb128 0x8
 364 018d 76000000 		.4byte	0x76
 365 0191 09       		.uleb128 0x9
 366 0192 76000000 		.4byte	0x76
 367 0196 A1010000 		.4byte	0x1a1
 368 019a 0A       		.uleb128 0xa
 369 019b 80010000 		.4byte	0x180
 370 019f 02       		.byte	0x2
 371 01a0 00       		.byte	0
 372 01a1 09       		.uleb128 0x9
 373 01a2 76000000 		.4byte	0x76
 374 01a6 B1010000 		.4byte	0x1b1
 375 01aa 0A       		.uleb128 0xa
ARM GAS  C:\Users\hima\AppData\Local\Temp\cc7F3o1l.s 			page 10


 376 01ab 80010000 		.4byte	0x180
 377 01af 03       		.byte	0x3
 378 01b0 00       		.byte	0
 379 01b1 0B       		.uleb128 0xb
 380 01b2 20       		.byte	0x20
 381 01b3 05       		.byte	0x5
 382 01b4 23       		.byte	0x23
 383 01b5 02020000 		.4byte	0x202
 384 01b9 0C       		.uleb128 0xc
 385 01ba 34080000 		.4byte	.LASF52
 386 01be 05       		.byte	0x5
 387 01bf 24       		.byte	0x24
 388 01c0 87010000 		.4byte	0x187
 389 01c4 00       		.byte	0
 390 01c5 0C       		.uleb128 0xc
 391 01c6 7E040000 		.4byte	.LASF53
 392 01ca 05       		.byte	0x5
 393 01cb 25       		.byte	0x25
 394 01cc 8C010000 		.4byte	0x18c
 395 01d0 04       		.byte	0x4
 396 01d1 0C       		.uleb128 0xc
 397 01d2 90030000 		.4byte	.LASF54
 398 01d6 05       		.byte	0x5
 399 01d7 26       		.byte	0x26
 400 01d8 8C010000 		.4byte	0x18c
 401 01dc 08       		.byte	0x8
 402 01dd 0C       		.uleb128 0xc
 403 01de 6D040000 		.4byte	.LASF55
 404 01e2 05       		.byte	0x5
 405 01e3 27       		.byte	0x27
 406 01e4 8C010000 		.4byte	0x18c
 407 01e8 0C       		.byte	0xc
 408 01e9 0C       		.uleb128 0xc
 409 01ea 68070000 		.4byte	.LASF56
 410 01ee 05       		.byte	0x5
 411 01ef 28       		.byte	0x28
 412 01f0 87010000 		.4byte	0x187
 413 01f4 10       		.byte	0x10
 414 01f5 0C       		.uleb128 0xc
 415 01f6 DE070000 		.4byte	.LASF57
 416 01fa 05       		.byte	0x5
 417 01fb 29       		.byte	0x29
 418 01fc 02020000 		.4byte	0x202
 419 0200 14       		.byte	0x14
 420 0201 00       		.byte	0
 421 0202 07       		.uleb128 0x7
 422 0203 07020000 		.4byte	0x207
 423 0207 08       		.uleb128 0x8
 424 0208 91010000 		.4byte	0x191
 425 020c 03       		.uleb128 0x3
 426 020d 3D040000 		.4byte	.LASF58
 427 0211 05       		.byte	0x5
 428 0212 2A       		.byte	0x2a
 429 0213 B1010000 		.4byte	0x1b1
 430 0217 0B       		.uleb128 0xb
 431 0218 20       		.byte	0x20
 432 0219 05       		.byte	0x5
ARM GAS  C:\Users\hima\AppData\Local\Temp\cc7F3o1l.s 			page 11


 433 021a 2F       		.byte	0x2f
 434 021b 5C020000 		.4byte	0x25c
 435 021f 0C       		.uleb128 0xc
 436 0220 73060000 		.4byte	.LASF59
 437 0224 05       		.byte	0x5
 438 0225 30       		.byte	0x30
 439 0226 8C010000 		.4byte	0x18c
 440 022a 00       		.byte	0
 441 022b 0C       		.uleb128 0xc
 442 022c D9040000 		.4byte	.LASF60
 443 0230 05       		.byte	0x5
 444 0231 31       		.byte	0x31
 445 0232 8C010000 		.4byte	0x18c
 446 0236 04       		.byte	0x4
 447 0237 0C       		.uleb128 0xc
 448 0238 11030000 		.4byte	.LASF61
 449 023c 05       		.byte	0x5
 450 023d 32       		.byte	0x32
 451 023e 8C010000 		.4byte	0x18c
 452 0242 08       		.byte	0x8
 453 0243 0C       		.uleb128 0xc
 454 0244 72040000 		.4byte	.LASF62
 455 0248 05       		.byte	0x5
 456 0249 33       		.byte	0x33
 457 024a 87010000 		.4byte	0x187
 458 024e 0C       		.byte	0xc
 459 024f 0C       		.uleb128 0xc
 460 0250 DE070000 		.4byte	.LASF57
 461 0254 05       		.byte	0x5
 462 0255 34       		.byte	0x34
 463 0256 5C020000 		.4byte	0x25c
 464 025a 10       		.byte	0x10
 465 025b 00       		.byte	0
 466 025c 07       		.uleb128 0x7
 467 025d 61020000 		.4byte	0x261
 468 0261 08       		.uleb128 0x8
 469 0262 A1010000 		.4byte	0x1a1
 470 0266 03       		.uleb128 0x3
 471 0267 F0030000 		.4byte	.LASF63
 472 026b 05       		.byte	0x5
 473 026c 35       		.byte	0x35
 474 026d 17020000 		.4byte	0x217
 475 0271 0D       		.uleb128 0xd
 476 0272 C5060000 		.4byte	.LASF64
 477 0276 06       		.byte	0x6
 478 0277 B701     		.2byte	0x1b7
 479 0279 7D020000 		.4byte	0x27d
 480 027d 0E       		.uleb128 0xe
 481 027e 04       		.byte	0x4
 482 027f 83020000 		.4byte	0x283
 483 0283 0F       		.uleb128 0xf
 484 0284 02       		.uleb128 0x2
 485 0285 01       		.byte	0x1
 486 0286 08       		.byte	0x8
 487 0287 BC050000 		.4byte	.LASF65
 488 028b 02       		.uleb128 0x2
 489 028c 04       		.byte	0x4
ARM GAS  C:\Users\hima\AppData\Local\Temp\cc7F3o1l.s 			page 12


 490 028d 04       		.byte	0x4
 491 028e 52030000 		.4byte	.LASF66
 492 0292 02       		.uleb128 0x2
 493 0293 08       		.byte	0x8
 494 0294 04       		.byte	0x4
 495 0295 05070000 		.4byte	.LASF67
 496 0299 03       		.uleb128 0x3
 497 029a C4010000 		.4byte	.LASF68
 498 029e 07       		.byte	0x7
 499 029f 3E       		.byte	0x3e
 500 02a0 A4020000 		.4byte	0x2a4
 501 02a4 0E       		.uleb128 0xe
 502 02a5 04       		.byte	0x4
 503 02a6 AA020000 		.4byte	0x2aa
 504 02aa 10       		.uleb128 0x10
 505 02ab B5020000 		.4byte	0x2b5
 506 02af 11       		.uleb128 0x11
 507 02b0 B5020000 		.4byte	0x2b5
 508 02b4 00       		.byte	0
 509 02b5 0E       		.uleb128 0xe
 510 02b6 04       		.byte	0x4
 511 02b7 76000000 		.4byte	0x76
 512 02bb 03       		.uleb128 0x3
 513 02bc 1B030000 		.4byte	.LASF69
 514 02c0 07       		.byte	0x7
 515 02c1 41       		.byte	0x41
 516 02c2 7D020000 		.4byte	0x27d
 517 02c6 03       		.uleb128 0x3
 518 02c7 77000000 		.4byte	.LASF70
 519 02cb 07       		.byte	0x7
 520 02cc 44       		.byte	0x44
 521 02cd D1020000 		.4byte	0x2d1
 522 02d1 0E       		.uleb128 0xe
 523 02d2 04       		.byte	0x4
 524 02d3 99020000 		.4byte	0x299
 525 02d7 0B       		.uleb128 0xb
 526 02d8 2C       		.byte	0x2c
 527 02d9 07       		.byte	0x7
 528 02da 78       		.byte	0x78
 529 02db 64030000 		.4byte	0x364
 530 02df 0C       		.uleb128 0xc
 531 02e0 70050000 		.4byte	.LASF71
 532 02e4 07       		.byte	0x7
 533 02e5 7A       		.byte	0x7a
 534 02e6 76000000 		.4byte	0x76
 535 02ea 00       		.byte	0
 536 02eb 0C       		.uleb128 0xc
 537 02ec 40070000 		.4byte	.LASF72
 538 02f0 07       		.byte	0x7
 539 02f1 7B       		.byte	0x7b
 540 02f2 76000000 		.4byte	0x76
 541 02f6 04       		.byte	0x4
 542 02f7 0C       		.uleb128 0xc
 543 02f8 8D010000 		.4byte	.LASF73
 544 02fc 07       		.byte	0x7
 545 02fd 7C       		.byte	0x7c
 546 02fe 76000000 		.4byte	0x76
ARM GAS  C:\Users\hima\AppData\Local\Temp\cc7F3o1l.s 			page 13


 547 0302 08       		.byte	0x8
 548 0303 0C       		.uleb128 0xc
 549 0304 E4030000 		.4byte	.LASF74
 550 0308 07       		.byte	0x7
 551 0309 7D       		.byte	0x7d
 552 030a 75010000 		.4byte	0x175
 553 030e 0C       		.byte	0xc
 554 030f 0C       		.uleb128 0xc
 555 0310 17020000 		.4byte	.LASF75
 556 0314 07       		.byte	0x7
 557 0315 7F       		.byte	0x7f
 558 0316 64030000 		.4byte	0x364
 559 031a 10       		.byte	0x10
 560 031b 0C       		.uleb128 0xc
 561 031c 0C020000 		.4byte	.LASF76
 562 0320 07       		.byte	0x7
 563 0321 80       		.byte	0x80
 564 0322 6A030000 		.4byte	0x36a
 565 0326 14       		.byte	0x14
 566 0327 0C       		.uleb128 0xc
 567 0328 3B070000 		.4byte	.LASF77
 568 032c 07       		.byte	0x7
 569 032d 81       		.byte	0x81
 570 032e 76000000 		.4byte	0x76
 571 0332 18       		.byte	0x18
 572 0333 0C       		.uleb128 0xc
 573 0334 C4030000 		.4byte	.LASF78
 574 0338 07       		.byte	0x7
 575 0339 82       		.byte	0x82
 576 033a 76000000 		.4byte	0x76
 577 033e 1C       		.byte	0x1c
 578 033f 0C       		.uleb128 0xc
 579 0340 47060000 		.4byte	.LASF79
 580 0344 07       		.byte	0x7
 581 0345 84       		.byte	0x84
 582 0346 C6020000 		.4byte	0x2c6
 583 034a 20       		.byte	0x20
 584 034b 0C       		.uleb128 0xc
 585 034c A9000000 		.4byte	.LASF80
 586 0350 07       		.byte	0x7
 587 0351 85       		.byte	0x85
 588 0352 BB020000 		.4byte	0x2bb
 589 0356 24       		.byte	0x24
 590 0357 0C       		.uleb128 0xc
 591 0358 0C070000 		.4byte	.LASF81
 592 035c 07       		.byte	0x7
 593 035d 86       		.byte	0x86
 594 035e BB020000 		.4byte	0x2bb
 595 0362 28       		.byte	0x28
 596 0363 00       		.byte	0
 597 0364 0E       		.uleb128 0xe
 598 0365 04       		.byte	0x4
 599 0366 0C020000 		.4byte	0x20c
 600 036a 0E       		.uleb128 0xe
 601 036b 04       		.byte	0x4
 602 036c 66020000 		.4byte	0x266
 603 0370 03       		.uleb128 0x3
ARM GAS  C:\Users\hima\AppData\Local\Temp\cc7F3o1l.s 			page 14


 604 0371 B9070000 		.4byte	.LASF82
 605 0375 07       		.byte	0x7
 606 0376 87       		.byte	0x87
 607 0377 D7020000 		.4byte	0x2d7
 608 037b 0B       		.uleb128 0xb
 609 037c 14       		.byte	0x14
 610 037d 07       		.byte	0x7
 611 037e 8A       		.byte	0x8a
 612 037f C0030000 		.4byte	0x3c0
 613 0383 0C       		.uleb128 0xc
 614 0384 37020000 		.4byte	.LASF83
 615 0388 07       		.byte	0x7
 616 0389 8C       		.byte	0x8c
 617 038a 76000000 		.4byte	0x76
 618 038e 00       		.byte	0
 619 038f 0C       		.uleb128 0xc
 620 0390 94040000 		.4byte	.LASF84
 621 0394 07       		.byte	0x7
 622 0395 8D       		.byte	0x8d
 623 0396 76000000 		.4byte	0x76
 624 039a 04       		.byte	0x4
 625 039b 0C       		.uleb128 0xc
 626 039c 26070000 		.4byte	.LASF85
 627 03a0 07       		.byte	0x7
 628 03a1 8E       		.byte	0x8e
 629 03a2 76000000 		.4byte	0x76
 630 03a6 08       		.byte	0x8
 631 03a7 0C       		.uleb128 0xc
 632 03a8 05040000 		.4byte	.LASF86
 633 03ac 07       		.byte	0x7
 634 03ad 90       		.byte	0x90
 635 03ae 76000000 		.4byte	0x76
 636 03b2 0C       		.byte	0xc
 637 03b3 0C       		.uleb128 0xc
 638 03b4 67050000 		.4byte	.LASF87
 639 03b8 07       		.byte	0x7
 640 03b9 91       		.byte	0x91
 641 03ba 76000000 		.4byte	0x76
 642 03be 10       		.byte	0x10
 643 03bf 00       		.byte	0
 644 03c0 03       		.uleb128 0x3
 645 03c1 87060000 		.4byte	.LASF88
 646 03c5 07       		.byte	0x7
 647 03c6 93       		.byte	0x93
 648 03c7 7B030000 		.4byte	0x37b
 649 03cb 0B       		.uleb128 0xb
 650 03cc 34       		.byte	0x34
 651 03cd 07       		.byte	0x7
 652 03ce 96       		.byte	0x96
 653 03cf 10040000 		.4byte	0x410
 654 03d3 0C       		.uleb128 0xc
 655 03d4 3C080000 		.4byte	.LASF89
 656 03d8 07       		.byte	0x7
 657 03d9 99       		.byte	0x99
 658 03da C0030000 		.4byte	0x3c0
 659 03de 00       		.byte	0
 660 03df 0C       		.uleb128 0xc
ARM GAS  C:\Users\hima\AppData\Local\Temp\cc7F3o1l.s 			page 15


 661 03e0 69000000 		.4byte	.LASF90
 662 03e4 07       		.byte	0x7
 663 03e5 9C       		.byte	0x9c
 664 03e6 C0030000 		.4byte	0x3c0
 665 03ea 14       		.byte	0x14
 666 03eb 0C       		.uleb128 0xc
 667 03ec F8050000 		.4byte	.LASF91
 668 03f0 07       		.byte	0x7
 669 03f1 9F       		.byte	0x9f
 670 03f2 76000000 		.4byte	0x76
 671 03f6 28       		.byte	0x28
 672 03f7 0C       		.uleb128 0xc
 673 03f8 60080000 		.4byte	.LASF92
 674 03fc 07       		.byte	0x7
 675 03fd A2       		.byte	0xa2
 676 03fe C6020000 		.4byte	0x2c6
 677 0402 2C       		.byte	0x2c
 678 0403 0C       		.uleb128 0xc
 679 0404 23000000 		.4byte	.LASF93
 680 0408 07       		.byte	0x7
 681 0409 A5       		.byte	0xa5
 682 040a 71020000 		.4byte	0x271
 683 040e 30       		.byte	0x30
 684 040f 00       		.byte	0
 685 0410 03       		.uleb128 0x3
 686 0411 BC000000 		.4byte	.LASF94
 687 0415 07       		.byte	0x7
 688 0416 A6       		.byte	0xa6
 689 0417 CB030000 		.4byte	0x3cb
 690 041b 05       		.uleb128 0x5
 691 041c 04       		.byte	0x4
 692 041d 08       		.byte	0x8
 693 041e 43       		.byte	0x43
 694 041f 72040000 		.4byte	0x472
 695 0423 06       		.uleb128 0x6
 696 0424 D0030000 		.4byte	.LASF95
 697 0428 00       		.sleb128 0
 698 0429 06       		.uleb128 0x6
 699 042a A0030000 		.4byte	.LASF96
 700 042e 8182A804 		.sleb128 9044225
 701 0432 06       		.uleb128 0x6
 702 0433 75030000 		.4byte	.LASF97
 703 0437 8282A804 		.sleb128 9044226
 704 043b 06       		.uleb128 0x6
 705 043c 1D050000 		.4byte	.LASF98
 706 0440 8382A804 		.sleb128 9044227
 707 0444 06       		.uleb128 0x6
 708 0445 39030000 		.4byte	.LASF99
 709 0449 8482A804 		.sleb128 9044228
 710 044d 06       		.uleb128 0x6
 711 044e 86050000 		.4byte	.LASF100
 712 0452 8282A004 		.sleb128 8913154
 713 0456 06       		.uleb128 0x6
 714 0457 12080000 		.4byte	.LASF101
 715 045b 8382A004 		.sleb128 8913155
 716 045f 06       		.uleb128 0x6
 717 0460 CF050000 		.4byte	.LASF102
ARM GAS  C:\Users\hima\AppData\Local\Temp\cc7F3o1l.s 			page 16


 718 0464 8182A004 		.sleb128 8913153
 719 0468 06       		.uleb128 0x6
 720 0469 1C060000 		.4byte	.LASF103
 721 046d 8082A004 		.sleb128 8913152
 722 0471 00       		.byte	0
 723 0472 03       		.uleb128 0x3
 724 0473 36000000 		.4byte	.LASF104
 725 0477 08       		.byte	0x8
 726 0478 58       		.byte	0x58
 727 0479 1B040000 		.4byte	0x41b
 728 047d 12       		.uleb128 0x12
 729 047e 38050000 		.4byte	.LASF105
 730 0482 01       		.byte	0x1
 731 0483 73       		.byte	0x73
 732 0484 00000000 		.4byte	.LFB59
 733 0488 10000000 		.4byte	.LFE59-.LFB59
 734 048c 01       		.uleb128 0x1
 735 048d 9C       		.byte	0x9c
 736 048e A6040000 		.4byte	0x4a6
 737 0492 13       		.uleb128 0x13
 738 0493 08000000 		.4byte	.LVL0
 739 0497 AF050000 		.4byte	0x5af
 740 049b 14       		.uleb128 0x14
 741 049c 01       		.uleb128 0x1
 742 049d 50       		.byte	0x50
 743 049e 05       		.uleb128 0x5
 744 049f 03       		.byte	0x3
 745 04a0 00000000 		.4byte	.LANCHOR0
 746 04a4 00       		.byte	0
 747 04a5 00       		.byte	0
 748 04a6 12       		.uleb128 0x12
 749 04a7 4A080000 		.4byte	.LASF106
 750 04ab 01       		.byte	0x1
 751 04ac 3E       		.byte	0x3e
 752 04ad 00000000 		.4byte	.LFB57
 753 04b1 14000000 		.4byte	.LFE57-.LFB57
 754 04b5 01       		.uleb128 0x1
 755 04b6 9C       		.byte	0x9c
 756 04b7 EB040000 		.4byte	0x4eb
 757 04bb 15       		.uleb128 0x15
 758 04bc B2040000 		.4byte	.LASF108
 759 04c0 01       		.byte	0x1
 760 04c1 44       		.byte	0x44
 761 04c2 A1010000 		.4byte	0x1a1
 762 04c6 05       		.uleb128 0x5
 763 04c7 03       		.byte	0x3
 764 04c8 60010000 		.4byte	ipcSemaArray.9241
 765 04cc 13       		.uleb128 0x13
 766 04cd 0E000000 		.4byte	.LVL1
 767 04d1 C6050000 		.4byte	0x5c6
 768 04d5 14       		.uleb128 0x14
 769 04d6 01       		.uleb128 0x1
 770 04d7 52       		.byte	0x52
 771 04d8 05       		.uleb128 0x5
 772 04d9 03       		.byte	0x3
 773 04da 60010000 		.4byte	.LANCHOR1+96
 774 04de 14       		.uleb128 0x14
ARM GAS  C:\Users\hima\AppData\Local\Temp\cc7F3o1l.s 			page 17


 775 04df 01       		.uleb128 0x1
 776 04e0 51       		.byte	0x51
 777 04e1 02       		.uleb128 0x2
 778 04e2 08       		.byte	0x8
 779 04e3 80       		.byte	0x80
 780 04e4 14       		.uleb128 0x14
 781 04e5 01       		.uleb128 0x1
 782 04e6 50       		.byte	0x50
 783 04e7 01       		.uleb128 0x1
 784 04e8 34       		.byte	0x34
 785 04e9 00       		.byte	0
 786 04ea 00       		.byte	0
 787 04eb 12       		.uleb128 0x12
 788 04ec 00000000 		.4byte	.LASF107
 789 04f0 01       		.byte	0x1
 790 04f1 5B       		.byte	0x5b
 791 04f2 00000000 		.4byte	.LFB58
 792 04f6 24000000 		.4byte	.LFE58-.LFB58
 793 04fa 01       		.uleb128 0x1
 794 04fb 9C       		.byte	0x9c
 795 04fc 79050000 		.4byte	0x579
 796 0500 16       		.uleb128 0x16
 797 0501 33050000 		.4byte	.LASF109
 798 0505 01       		.byte	0x1
 799 0506 5D       		.byte	0x5d
 800 0507 76000000 		.4byte	0x76
 801 050b 00000000 		.4byte	.LLST0
 802 050f 15       		.uleb128 0x15
 803 0510 26040000 		.4byte	.LASF110
 804 0514 01       		.byte	0x1
 805 0515 61       		.byte	0x61
 806 0516 79050000 		.4byte	0x579
 807 051a 05       		.uleb128 0x5
 808 051b 03       		.byte	0x3
 809 051c 70010000 		.4byte	cy_ipc_pipe_sysCbArray.9246
 810 0520 15       		.uleb128 0x15
 811 0521 D3060000 		.4byte	.LASF111
 812 0525 01       		.byte	0x1
 813 0526 63       		.byte	0x63
 814 0527 89050000 		.4byte	0x589
 815 052b 05       		.uleb128 0x5
 816 052c 03       		.byte	0x3
 817 052d 00000000 		.4byte	systemPipeConfig.9247
 818 0531 17       		.uleb128 0x17
 819 0532 06000000 		.4byte	.LVL2
 820 0536 E5050000 		.4byte	0x5e5
 821 053a 18       		.uleb128 0x18
 822 053b 0E000000 		.4byte	.LVL5
 823 053f F1050000 		.4byte	0x5f1
 824 0543 51050000 		.4byte	0x551
 825 0547 14       		.uleb128 0x14
 826 0548 01       		.uleb128 0x1
 827 0549 50       		.byte	0x50
 828 054a 05       		.uleb128 0x5
 829 054b 03       		.byte	0x3
 830 054c 00000000 		.4byte	.LANCHOR0
 831 0550 00       		.byte	0
ARM GAS  C:\Users\hima\AppData\Local\Temp\cc7F3o1l.s 			page 18


 832 0551 18       		.uleb128 0x18
 833 0552 14000000 		.4byte	.LVL6
 834 0556 02060000 		.4byte	0x602
 835 055a 68050000 		.4byte	0x568
 836 055e 14       		.uleb128 0x14
 837 055f 01       		.uleb128 0x1
 838 0560 50       		.byte	0x50
 839 0561 05       		.uleb128 0x5
 840 0562 03       		.byte	0x3
 841 0563 00000000 		.4byte	.LANCHOR2
 842 0567 00       		.byte	0
 843 0568 13       		.uleb128 0x13
 844 0569 1A000000 		.4byte	.LVL7
 845 056d 19060000 		.4byte	0x619
 846 0571 14       		.uleb128 0x14
 847 0572 01       		.uleb128 0x1
 848 0573 50       		.byte	0x50
 849 0574 02       		.uleb128 0x2
 850 0575 74       		.byte	0x74
 851 0576 00       		.sleb128 0
 852 0577 00       		.byte	0
 853 0578 00       		.byte	0
 854 0579 09       		.uleb128 0x9
 855 057a 99020000 		.4byte	0x299
 856 057e 89050000 		.4byte	0x589
 857 0582 0A       		.uleb128 0xa
 858 0583 80010000 		.4byte	0x180
 859 0587 07       		.byte	0x7
 860 0588 00       		.byte	0
 861 0589 07       		.uleb128 0x7
 862 058a 10040000 		.4byte	0x410
 863 058e 09       		.uleb128 0x9
 864 058f 70030000 		.4byte	0x370
 865 0593 9E050000 		.4byte	0x59e
 866 0597 0A       		.uleb128 0xa
 867 0598 80010000 		.4byte	0x180
 868 059c 07       		.byte	0x7
 869 059d 00       		.byte	0
 870 059e 15       		.uleb128 0x15
 871 059f 0F040000 		.4byte	.LASF112
 872 05a3 01       		.byte	0x1
 873 05a4 18       		.byte	0x18
 874 05a5 8E050000 		.4byte	0x58e
 875 05a9 05       		.uleb128 0x5
 876 05aa 03       		.byte	0x3
 877 05ab 00000000 		.4byte	cy_ipc_pipe_sysEpArray
 878 05af 19       		.uleb128 0x19
 879 05b0 74070000 		.4byte	.LASF113
 880 05b4 07       		.byte	0x7
 881 05b5 FA       		.byte	0xfa
 882 05b6 C0050000 		.4byte	0x5c0
 883 05ba 11       		.uleb128 0x11
 884 05bb C0050000 		.4byte	0x5c0
 885 05bf 00       		.byte	0
 886 05c0 0E       		.uleb128 0xe
 887 05c1 04       		.byte	0x4
 888 05c2 70030000 		.4byte	0x370
ARM GAS  C:\Users\hima\AppData\Local\Temp\cc7F3o1l.s 			page 19


 889 05c6 1A       		.uleb128 0x1a
 890 05c7 58020000 		.4byte	.LASF119
 891 05cb 08       		.byte	0x8
 892 05cc 65       		.byte	0x65
 893 05cd 72040000 		.4byte	0x472
 894 05d1 E5050000 		.4byte	0x5e5
 895 05d5 11       		.uleb128 0x11
 896 05d6 76000000 		.4byte	0x76
 897 05da 11       		.uleb128 0x11
 898 05db 76000000 		.4byte	0x76
 899 05df 11       		.uleb128 0x11
 900 05e0 B5020000 		.4byte	0x2b5
 901 05e4 00       		.byte	0
 902 05e5 1B       		.uleb128 0x1b
 903 05e6 69020000 		.4byte	.LASF120
 904 05ea 06       		.byte	0x6
 905 05eb 4803     		.2byte	0x348
 906 05ed 76000000 		.4byte	0x76
 907 05f1 19       		.uleb128 0x19
 908 05f2 88020000 		.4byte	.LASF114
 909 05f6 07       		.byte	0x7
 910 05f7 FC       		.byte	0xfc
 911 05f8 02060000 		.4byte	0x602
 912 05fc 11       		.uleb128 0x11
 913 05fd C0050000 		.4byte	0x5c0
 914 0601 00       		.byte	0
 915 0602 19       		.uleb128 0x19
 916 0603 98000000 		.4byte	.LASF115
 917 0607 07       		.byte	0x7
 918 0608 FD       		.byte	0xfd
 919 0609 13060000 		.4byte	0x613
 920 060d 11       		.uleb128 0x11
 921 060e 13060000 		.4byte	0x613
 922 0612 00       		.byte	0
 923 0613 0E       		.uleb128 0xe
 924 0614 04       		.byte	0x4
 925 0615 89050000 		.4byte	0x589
 926 0619 1C       		.uleb128 0x1c
 927 061a E7070000 		.4byte	.LASF121
 928 061e 06       		.byte	0x6
 929 061f 5703     		.2byte	0x357
 930 0621 11       		.uleb128 0x11
 931 0622 76000000 		.4byte	0x76
 932 0626 00       		.byte	0
 933 0627 00       		.byte	0
 934              		.section	.debug_abbrev,"",%progbits
 935              	.Ldebug_abbrev0:
 936 0000 01       		.uleb128 0x1
 937 0001 11       		.uleb128 0x11
 938 0002 01       		.byte	0x1
 939 0003 25       		.uleb128 0x25
 940 0004 0E       		.uleb128 0xe
 941 0005 13       		.uleb128 0x13
 942 0006 0B       		.uleb128 0xb
 943 0007 03       		.uleb128 0x3
 944 0008 0E       		.uleb128 0xe
 945 0009 1B       		.uleb128 0x1b
ARM GAS  C:\Users\hima\AppData\Local\Temp\cc7F3o1l.s 			page 20


 946 000a 0E       		.uleb128 0xe
 947 000b 55       		.uleb128 0x55
 948 000c 17       		.uleb128 0x17
 949 000d 11       		.uleb128 0x11
 950 000e 01       		.uleb128 0x1
 951 000f 10       		.uleb128 0x10
 952 0010 17       		.uleb128 0x17
 953 0011 00       		.byte	0
 954 0012 00       		.byte	0
 955 0013 02       		.uleb128 0x2
 956 0014 24       		.uleb128 0x24
 957 0015 00       		.byte	0
 958 0016 0B       		.uleb128 0xb
 959 0017 0B       		.uleb128 0xb
 960 0018 3E       		.uleb128 0x3e
 961 0019 0B       		.uleb128 0xb
 962 001a 03       		.uleb128 0x3
 963 001b 0E       		.uleb128 0xe
 964 001c 00       		.byte	0
 965 001d 00       		.byte	0
 966 001e 03       		.uleb128 0x3
 967 001f 16       		.uleb128 0x16
 968 0020 00       		.byte	0
 969 0021 03       		.uleb128 0x3
 970 0022 0E       		.uleb128 0xe
 971 0023 3A       		.uleb128 0x3a
 972 0024 0B       		.uleb128 0xb
 973 0025 3B       		.uleb128 0x3b
 974 0026 0B       		.uleb128 0xb
 975 0027 49       		.uleb128 0x49
 976 0028 13       		.uleb128 0x13
 977 0029 00       		.byte	0
 978 002a 00       		.byte	0
 979 002b 04       		.uleb128 0x4
 980 002c 24       		.uleb128 0x24
 981 002d 00       		.byte	0
 982 002e 0B       		.uleb128 0xb
 983 002f 0B       		.uleb128 0xb
 984 0030 3E       		.uleb128 0x3e
 985 0031 0B       		.uleb128 0xb
 986 0032 03       		.uleb128 0x3
 987 0033 08       		.uleb128 0x8
 988 0034 00       		.byte	0
 989 0035 00       		.byte	0
 990 0036 05       		.uleb128 0x5
 991 0037 04       		.uleb128 0x4
 992 0038 01       		.byte	0x1
 993 0039 0B       		.uleb128 0xb
 994 003a 0B       		.uleb128 0xb
 995 003b 3A       		.uleb128 0x3a
 996 003c 0B       		.uleb128 0xb
 997 003d 3B       		.uleb128 0x3b
 998 003e 0B       		.uleb128 0xb
 999 003f 01       		.uleb128 0x1
 1000 0040 13       		.uleb128 0x13
 1001 0041 00       		.byte	0
 1002 0042 00       		.byte	0
ARM GAS  C:\Users\hima\AppData\Local\Temp\cc7F3o1l.s 			page 21


 1003 0043 06       		.uleb128 0x6
 1004 0044 28       		.uleb128 0x28
 1005 0045 00       		.byte	0
 1006 0046 03       		.uleb128 0x3
 1007 0047 0E       		.uleb128 0xe
 1008 0048 1C       		.uleb128 0x1c
 1009 0049 0D       		.uleb128 0xd
 1010 004a 00       		.byte	0
 1011 004b 00       		.byte	0
 1012 004c 07       		.uleb128 0x7
 1013 004d 26       		.uleb128 0x26
 1014 004e 00       		.byte	0
 1015 004f 49       		.uleb128 0x49
 1016 0050 13       		.uleb128 0x13
 1017 0051 00       		.byte	0
 1018 0052 00       		.byte	0
 1019 0053 08       		.uleb128 0x8
 1020 0054 35       		.uleb128 0x35
 1021 0055 00       		.byte	0
 1022 0056 49       		.uleb128 0x49
 1023 0057 13       		.uleb128 0x13
 1024 0058 00       		.byte	0
 1025 0059 00       		.byte	0
 1026 005a 09       		.uleb128 0x9
 1027 005b 01       		.uleb128 0x1
 1028 005c 01       		.byte	0x1
 1029 005d 49       		.uleb128 0x49
 1030 005e 13       		.uleb128 0x13
 1031 005f 01       		.uleb128 0x1
 1032 0060 13       		.uleb128 0x13
 1033 0061 00       		.byte	0
 1034 0062 00       		.byte	0
 1035 0063 0A       		.uleb128 0xa
 1036 0064 21       		.uleb128 0x21
 1037 0065 00       		.byte	0
 1038 0066 49       		.uleb128 0x49
 1039 0067 13       		.uleb128 0x13
 1040 0068 2F       		.uleb128 0x2f
 1041 0069 0B       		.uleb128 0xb
 1042 006a 00       		.byte	0
 1043 006b 00       		.byte	0
 1044 006c 0B       		.uleb128 0xb
 1045 006d 13       		.uleb128 0x13
 1046 006e 01       		.byte	0x1
 1047 006f 0B       		.uleb128 0xb
 1048 0070 0B       		.uleb128 0xb
 1049 0071 3A       		.uleb128 0x3a
 1050 0072 0B       		.uleb128 0xb
 1051 0073 3B       		.uleb128 0x3b
 1052 0074 0B       		.uleb128 0xb
 1053 0075 01       		.uleb128 0x1
 1054 0076 13       		.uleb128 0x13
 1055 0077 00       		.byte	0
 1056 0078 00       		.byte	0
 1057 0079 0C       		.uleb128 0xc
 1058 007a 0D       		.uleb128 0xd
 1059 007b 00       		.byte	0
ARM GAS  C:\Users\hima\AppData\Local\Temp\cc7F3o1l.s 			page 22


 1060 007c 03       		.uleb128 0x3
 1061 007d 0E       		.uleb128 0xe
 1062 007e 3A       		.uleb128 0x3a
 1063 007f 0B       		.uleb128 0xb
 1064 0080 3B       		.uleb128 0x3b
 1065 0081 0B       		.uleb128 0xb
 1066 0082 49       		.uleb128 0x49
 1067 0083 13       		.uleb128 0x13
 1068 0084 38       		.uleb128 0x38
 1069 0085 0B       		.uleb128 0xb
 1070 0086 00       		.byte	0
 1071 0087 00       		.byte	0
 1072 0088 0D       		.uleb128 0xd
 1073 0089 16       		.uleb128 0x16
 1074 008a 00       		.byte	0
 1075 008b 03       		.uleb128 0x3
 1076 008c 0E       		.uleb128 0xe
 1077 008d 3A       		.uleb128 0x3a
 1078 008e 0B       		.uleb128 0xb
 1079 008f 3B       		.uleb128 0x3b
 1080 0090 05       		.uleb128 0x5
 1081 0091 49       		.uleb128 0x49
 1082 0092 13       		.uleb128 0x13
 1083 0093 00       		.byte	0
 1084 0094 00       		.byte	0
 1085 0095 0E       		.uleb128 0xe
 1086 0096 0F       		.uleb128 0xf
 1087 0097 00       		.byte	0
 1088 0098 0B       		.uleb128 0xb
 1089 0099 0B       		.uleb128 0xb
 1090 009a 49       		.uleb128 0x49
 1091 009b 13       		.uleb128 0x13
 1092 009c 00       		.byte	0
 1093 009d 00       		.byte	0
 1094 009e 0F       		.uleb128 0xf
 1095 009f 15       		.uleb128 0x15
 1096 00a0 00       		.byte	0
 1097 00a1 27       		.uleb128 0x27
 1098 00a2 19       		.uleb128 0x19
 1099 00a3 00       		.byte	0
 1100 00a4 00       		.byte	0
 1101 00a5 10       		.uleb128 0x10
 1102 00a6 15       		.uleb128 0x15
 1103 00a7 01       		.byte	0x1
 1104 00a8 27       		.uleb128 0x27
 1105 00a9 19       		.uleb128 0x19
 1106 00aa 01       		.uleb128 0x1
 1107 00ab 13       		.uleb128 0x13
 1108 00ac 00       		.byte	0
 1109 00ad 00       		.byte	0
 1110 00ae 11       		.uleb128 0x11
 1111 00af 05       		.uleb128 0x5
 1112 00b0 00       		.byte	0
 1113 00b1 49       		.uleb128 0x49
 1114 00b2 13       		.uleb128 0x13
 1115 00b3 00       		.byte	0
 1116 00b4 00       		.byte	0
ARM GAS  C:\Users\hima\AppData\Local\Temp\cc7F3o1l.s 			page 23


 1117 00b5 12       		.uleb128 0x12
 1118 00b6 2E       		.uleb128 0x2e
 1119 00b7 01       		.byte	0x1
 1120 00b8 3F       		.uleb128 0x3f
 1121 00b9 19       		.uleb128 0x19
 1122 00ba 03       		.uleb128 0x3
 1123 00bb 0E       		.uleb128 0xe
 1124 00bc 3A       		.uleb128 0x3a
 1125 00bd 0B       		.uleb128 0xb
 1126 00be 3B       		.uleb128 0x3b
 1127 00bf 0B       		.uleb128 0xb
 1128 00c0 27       		.uleb128 0x27
 1129 00c1 19       		.uleb128 0x19
 1130 00c2 11       		.uleb128 0x11
 1131 00c3 01       		.uleb128 0x1
 1132 00c4 12       		.uleb128 0x12
 1133 00c5 06       		.uleb128 0x6
 1134 00c6 40       		.uleb128 0x40
 1135 00c7 18       		.uleb128 0x18
 1136 00c8 9742     		.uleb128 0x2117
 1137 00ca 19       		.uleb128 0x19
 1138 00cb 01       		.uleb128 0x1
 1139 00cc 13       		.uleb128 0x13
 1140 00cd 00       		.byte	0
 1141 00ce 00       		.byte	0
 1142 00cf 13       		.uleb128 0x13
 1143 00d0 898201   		.uleb128 0x4109
 1144 00d3 01       		.byte	0x1
 1145 00d4 11       		.uleb128 0x11
 1146 00d5 01       		.uleb128 0x1
 1147 00d6 31       		.uleb128 0x31
 1148 00d7 13       		.uleb128 0x13
 1149 00d8 00       		.byte	0
 1150 00d9 00       		.byte	0
 1151 00da 14       		.uleb128 0x14
 1152 00db 8A8201   		.uleb128 0x410a
 1153 00de 00       		.byte	0
 1154 00df 02       		.uleb128 0x2
 1155 00e0 18       		.uleb128 0x18
 1156 00e1 9142     		.uleb128 0x2111
 1157 00e3 18       		.uleb128 0x18
 1158 00e4 00       		.byte	0
 1159 00e5 00       		.byte	0
 1160 00e6 15       		.uleb128 0x15
 1161 00e7 34       		.uleb128 0x34
 1162 00e8 00       		.byte	0
 1163 00e9 03       		.uleb128 0x3
 1164 00ea 0E       		.uleb128 0xe
 1165 00eb 3A       		.uleb128 0x3a
 1166 00ec 0B       		.uleb128 0xb
 1167 00ed 3B       		.uleb128 0x3b
 1168 00ee 0B       		.uleb128 0xb
 1169 00ef 49       		.uleb128 0x49
 1170 00f0 13       		.uleb128 0x13
 1171 00f1 02       		.uleb128 0x2
 1172 00f2 18       		.uleb128 0x18
 1173 00f3 00       		.byte	0
ARM GAS  C:\Users\hima\AppData\Local\Temp\cc7F3o1l.s 			page 24


 1174 00f4 00       		.byte	0
 1175 00f5 16       		.uleb128 0x16
 1176 00f6 34       		.uleb128 0x34
 1177 00f7 00       		.byte	0
 1178 00f8 03       		.uleb128 0x3
 1179 00f9 0E       		.uleb128 0xe
 1180 00fa 3A       		.uleb128 0x3a
 1181 00fb 0B       		.uleb128 0xb
 1182 00fc 3B       		.uleb128 0x3b
 1183 00fd 0B       		.uleb128 0xb
 1184 00fe 49       		.uleb128 0x49
 1185 00ff 13       		.uleb128 0x13
 1186 0100 02       		.uleb128 0x2
 1187 0101 17       		.uleb128 0x17
 1188 0102 00       		.byte	0
 1189 0103 00       		.byte	0
 1190 0104 17       		.uleb128 0x17
 1191 0105 898201   		.uleb128 0x4109
 1192 0108 00       		.byte	0
 1193 0109 11       		.uleb128 0x11
 1194 010a 01       		.uleb128 0x1
 1195 010b 31       		.uleb128 0x31
 1196 010c 13       		.uleb128 0x13
 1197 010d 00       		.byte	0
 1198 010e 00       		.byte	0
 1199 010f 18       		.uleb128 0x18
 1200 0110 898201   		.uleb128 0x4109
 1201 0113 01       		.byte	0x1
 1202 0114 11       		.uleb128 0x11
 1203 0115 01       		.uleb128 0x1
 1204 0116 31       		.uleb128 0x31
 1205 0117 13       		.uleb128 0x13
 1206 0118 01       		.uleb128 0x1
 1207 0119 13       		.uleb128 0x13
 1208 011a 00       		.byte	0
 1209 011b 00       		.byte	0
 1210 011c 19       		.uleb128 0x19
 1211 011d 2E       		.uleb128 0x2e
 1212 011e 01       		.byte	0x1
 1213 011f 3F       		.uleb128 0x3f
 1214 0120 19       		.uleb128 0x19
 1215 0121 03       		.uleb128 0x3
 1216 0122 0E       		.uleb128 0xe
 1217 0123 3A       		.uleb128 0x3a
 1218 0124 0B       		.uleb128 0xb
 1219 0125 3B       		.uleb128 0x3b
 1220 0126 0B       		.uleb128 0xb
 1221 0127 27       		.uleb128 0x27
 1222 0128 19       		.uleb128 0x19
 1223 0129 3C       		.uleb128 0x3c
 1224 012a 19       		.uleb128 0x19
 1225 012b 01       		.uleb128 0x1
 1226 012c 13       		.uleb128 0x13
 1227 012d 00       		.byte	0
 1228 012e 00       		.byte	0
 1229 012f 1A       		.uleb128 0x1a
 1230 0130 2E       		.uleb128 0x2e
ARM GAS  C:\Users\hima\AppData\Local\Temp\cc7F3o1l.s 			page 25


 1231 0131 01       		.byte	0x1
 1232 0132 3F       		.uleb128 0x3f
 1233 0133 19       		.uleb128 0x19
 1234 0134 03       		.uleb128 0x3
 1235 0135 0E       		.uleb128 0xe
 1236 0136 3A       		.uleb128 0x3a
 1237 0137 0B       		.uleb128 0xb
 1238 0138 3B       		.uleb128 0x3b
 1239 0139 0B       		.uleb128 0xb
 1240 013a 27       		.uleb128 0x27
 1241 013b 19       		.uleb128 0x19
 1242 013c 49       		.uleb128 0x49
 1243 013d 13       		.uleb128 0x13
 1244 013e 3C       		.uleb128 0x3c
 1245 013f 19       		.uleb128 0x19
 1246 0140 01       		.uleb128 0x1
 1247 0141 13       		.uleb128 0x13
 1248 0142 00       		.byte	0
 1249 0143 00       		.byte	0
 1250 0144 1B       		.uleb128 0x1b
 1251 0145 2E       		.uleb128 0x2e
 1252 0146 00       		.byte	0
 1253 0147 3F       		.uleb128 0x3f
 1254 0148 19       		.uleb128 0x19
 1255 0149 03       		.uleb128 0x3
 1256 014a 0E       		.uleb128 0xe
 1257 014b 3A       		.uleb128 0x3a
 1258 014c 0B       		.uleb128 0xb
 1259 014d 3B       		.uleb128 0x3b
 1260 014e 05       		.uleb128 0x5
 1261 014f 27       		.uleb128 0x27
 1262 0150 19       		.uleb128 0x19
 1263 0151 49       		.uleb128 0x49
 1264 0152 13       		.uleb128 0x13
 1265 0153 3C       		.uleb128 0x3c
 1266 0154 19       		.uleb128 0x19
 1267 0155 00       		.byte	0
 1268 0156 00       		.byte	0
 1269 0157 1C       		.uleb128 0x1c
 1270 0158 2E       		.uleb128 0x2e
 1271 0159 01       		.byte	0x1
 1272 015a 3F       		.uleb128 0x3f
 1273 015b 19       		.uleb128 0x19
 1274 015c 03       		.uleb128 0x3
 1275 015d 0E       		.uleb128 0xe
 1276 015e 3A       		.uleb128 0x3a
 1277 015f 0B       		.uleb128 0xb
 1278 0160 3B       		.uleb128 0x3b
 1279 0161 05       		.uleb128 0x5
 1280 0162 27       		.uleb128 0x27
 1281 0163 19       		.uleb128 0x19
 1282 0164 3C       		.uleb128 0x3c
 1283 0165 19       		.uleb128 0x19
 1284 0166 00       		.byte	0
 1285 0167 00       		.byte	0
 1286 0168 00       		.byte	0
 1287              		.section	.debug_loc,"",%progbits
ARM GAS  C:\Users\hima\AppData\Local\Temp\cc7F3o1l.s 			page 26


 1288              	.Ldebug_loc0:
 1289              	.LLST0:
 1290 0000 08000000 		.4byte	.LVL3
 1291 0004 0A000000 		.4byte	.LVL4
 1292 0008 0100     		.2byte	0x1
 1293 000a 50       		.byte	0x50
 1294 000b 0A000000 		.4byte	.LVL4
 1295 000f 1A000000 		.4byte	.LVL8
 1296 0013 0100     		.2byte	0x1
 1297 0015 54       		.byte	0x54
 1298 0016 00000000 		.4byte	0
 1299 001a 00000000 		.4byte	0
 1300              		.section	.debug_aranges,"",%progbits
 1301 0000 2C000000 		.4byte	0x2c
 1302 0004 0200     		.2byte	0x2
 1303 0006 00000000 		.4byte	.Ldebug_info0
 1304 000a 04       		.byte	0x4
 1305 000b 00       		.byte	0
 1306 000c 0000     		.2byte	0
 1307 000e 0000     		.2byte	0
 1308 0010 00000000 		.4byte	.LFB59
 1309 0014 10000000 		.4byte	.LFE59-.LFB59
 1310 0018 00000000 		.4byte	.LFB57
 1311 001c 14000000 		.4byte	.LFE57-.LFB57
 1312 0020 00000000 		.4byte	.LFB58
 1313 0024 24000000 		.4byte	.LFE58-.LFB58
 1314 0028 00000000 		.4byte	0
 1315 002c 00000000 		.4byte	0
 1316              		.section	.debug_ranges,"",%progbits
 1317              	.Ldebug_ranges0:
 1318 0000 00000000 		.4byte	.LFB59
 1319 0004 10000000 		.4byte	.LFE59
 1320 0008 00000000 		.4byte	.LFB57
 1321 000c 14000000 		.4byte	.LFE57
 1322 0010 00000000 		.4byte	.LFB58
 1323 0014 24000000 		.4byte	.LFE58
 1324 0018 00000000 		.4byte	0
 1325 001c 00000000 		.4byte	0
 1326              		.section	.debug_line,"",%progbits
 1327              	.Ldebug_line0:
 1328 0000 7D020000 		.section	.debug_str,"MS",%progbits,1
 1328      02003F02 
 1328      00000201 
 1328      FB0E0D00 
 1328      01010101 
 1329              	.LASF107:
 1330 0000 43795F49 		.ascii	"Cy_IPC_SystemPipeInit\000"
 1330      50435F53 
 1330      79737465 
 1330      6D506970 
 1330      65496E69 
 1331              	.LASF16:
 1332 0016 53797354 		.ascii	"SysTick_IRQn\000"
 1332      69636B5F 
 1332      4952516E 
 1332      00
 1333              	.LASF93:
ARM GAS  C:\Users\hima\AppData\Local\Temp\cc7F3o1l.s 			page 27


 1334 0023 75736572 		.ascii	"userPipeIsrHandler\000"
 1334      50697065 
 1334      49737248 
 1334      616E646C 
 1334      657200
 1335              	.LASF104:
 1336 0036 63795F65 		.ascii	"cy_en_ipcsema_status_t\000"
 1336      6E5F6970 
 1336      6373656D 
 1336      615F7374 
 1336      61747573 
 1337              	.LASF18:
 1338 004d 4E766963 		.ascii	"NvicMux1_IRQn\000"
 1338      4D757831 
 1338      5F495251 
 1338      6E00
 1339              	.LASF21:
 1340 005b 4E766963 		.ascii	"NvicMux4_IRQn\000"
 1340      4D757834 
 1340      5F495251 
 1340      6E00
 1341              	.LASF90:
 1342 0069 65703143 		.ascii	"ep1ConfigData\000"
 1342      6F6E6669 
 1342      67446174 
 1342      6100
 1343              	.LASF70:
 1344 0077 63795F69 		.ascii	"cy_ipc_pipe_callback_array_ptr_t\000"
 1344      70635F70 
 1344      6970655F 
 1344      63616C6C 
 1344      6261636B 
 1345              	.LASF115:
 1346 0098 43795F49 		.ascii	"Cy_IPC_Pipe_Init\000"
 1346      50435F50 
 1346      6970655F 
 1346      496E6974 
 1346      00
 1347              	.LASF80:
 1348 00a9 72656C65 		.ascii	"releaseCallbackPtr\000"
 1348      61736543 
 1348      616C6C62 
 1348      61636B50 
 1348      747200
 1349              	.LASF94:
 1350 00bc 63795F73 		.ascii	"cy_stc_ipc_pipe_config_t\000"
 1350      74635F69 
 1350      70635F70 
 1350      6970655F 
 1350      636F6E66 
 1351              	.LASF33:
 1352 00d5 4E766963 		.ascii	"NvicMux16_IRQn\000"
 1352      4D757831 
 1352      365F4952 
 1352      516E00
 1353              	.LASF51:
 1354 00e4 73697A65 		.ascii	"sizetype\000"
ARM GAS  C:\Users\hima\AppData\Local\Temp\cc7F3o1l.s 			page 28


 1354      74797065 
 1354      00
 1355              	.LASF116:
 1356 00ed 474E5520 		.ascii	"GNU C 4.9.3 20150303 (release) [ARM/embedded-4_9-br"
 1356      4320342E 
 1356      392E3320 
 1356      32303135 
 1356      30333033 
 1357 0120 616E6368 		.ascii	"anch revision 221220] -mcpu=cortex-m0plus -mthumb -"
 1357      20726576 
 1357      6973696F 
 1357      6E203232 
 1357      31323230 
 1358 0153 67202D4F 		.ascii	"g -Og -ffunction-sections -ffat-lto-objects\000"
 1358      67202D66 
 1358      66756E63 
 1358      74696F6E 
 1358      2D736563 
 1359              	.LASF25:
 1360 017f 4E766963 		.ascii	"NvicMux8_IRQn\000"
 1360      4D757838 
 1360      5F495251 
 1360      6E00
 1361              	.LASF73:
 1362 018d 70697065 		.ascii	"pipeIntMask\000"
 1362      496E744D 
 1362      61736B00 
 1363              	.LASF22:
 1364 0199 4E766963 		.ascii	"NvicMux5_IRQn\000"
 1364      4D757835 
 1364      5F495251 
 1364      6E00
 1365              	.LASF31:
 1366 01a7 4E766963 		.ascii	"NvicMux14_IRQn\000"
 1366      4D757831 
 1366      345F4952 
 1366      516E00
 1367              	.LASF19:
 1368 01b6 4E766963 		.ascii	"NvicMux2_IRQn\000"
 1368      4D757832 
 1368      5F495251 
 1368      6E00
 1369              	.LASF68:
 1370 01c4 63795F69 		.ascii	"cy_ipc_pipe_callback_ptr_t\000"
 1370      70635F70 
 1370      6970655F 
 1370      63616C6C 
 1370      6261636B 
 1371              	.LASF28:
 1372 01df 4E766963 		.ascii	"NvicMux11_IRQn\000"
 1372      4D757831 
 1372      315F4952 
 1372      516E00
 1373              	.LASF47:
 1374 01ee 4E766963 		.ascii	"NvicMux30_IRQn\000"
 1374      4D757833 
 1374      305F4952 
ARM GAS  C:\Users\hima\AppData\Local\Temp\cc7F3o1l.s 			page 29


 1374      516E00
 1375              	.LASF43:
 1376 01fd 4E766963 		.ascii	"NvicMux26_IRQn\000"
 1376      4D757832 
 1376      365F4952 
 1376      516E00
 1377              	.LASF76:
 1378 020c 69706349 		.ascii	"ipcIntrPtr\000"
 1378      6E747250 
 1378      747200
 1379              	.LASF75:
 1380 0217 69706350 		.ascii	"ipcPtr\000"
 1380      747200
 1381              	.LASF2:
 1382 021e 73686F72 		.ascii	"short int\000"
 1382      7420696E 
 1382      7400
 1383              	.LASF40:
 1384 0228 4E766963 		.ascii	"NvicMux23_IRQn\000"
 1384      4D757832 
 1384      335F4952 
 1384      516E00
 1385              	.LASF83:
 1386 0237 6970634E 		.ascii	"ipcNotifierNumber\000"
 1386      6F746966 
 1386      6965724E 
 1386      756D6265 
 1386      7200
 1387              	.LASF37:
 1388 0249 4E766963 		.ascii	"NvicMux20_IRQn\000"
 1388      4D757832 
 1388      305F4952 
 1388      516E00
 1389              	.LASF119:
 1390 0258 43795F49 		.ascii	"Cy_IPC_Sema_Init\000"
 1390      50435F53 
 1390      656D615F 
 1390      496E6974 
 1390      00
 1391              	.LASF120:
 1392 0269 43795F53 		.ascii	"Cy_SysLib_EnterCriticalSection\000"
 1392      79734C69 
 1392      625F456E 
 1392      74657243 
 1392      72697469 
 1393              	.LASF114:
 1394 0288 43795F49 		.ascii	"Cy_IPC_Pipe_Config\000"
 1394      50435F50 
 1394      6970655F 
 1394      436F6E66 
 1394      696700
 1395              	.LASF118:
 1396 029b 433A5C55 		.ascii	"C:\\Users\\hima\\OneDrive - Cypress Semiconductor\\"
 1396      73657273 
 1396      5C68696D 
 1396      615C4F6E 
 1396      65447269 
ARM GAS  C:\Users\hima\AppData\Local\Temp\cc7F3o1l.s 			page 30


 1397 02ca 48696D61 		.ascii	"Hima\\MyCases\\Q1-18\\I2S PSoC6\\HA700_ver2\\HA700_"
 1397      5C4D7943 
 1397      61736573 
 1397      5C51312D 
 1397      31385C49 
 1398 02f8 76657232 		.ascii	"ver2\\PSoC6_MPU6050.cydsn\000"
 1398      5C50536F 
 1398      43365F4D 
 1398      50553630 
 1398      35302E63 
 1399              	.LASF61:
 1400 0311 494E5452 		.ascii	"INTR_MASK\000"
 1400      5F4D4153 
 1400      4B00
 1401              	.LASF69:
 1402 031b 63795F69 		.ascii	"cy_ipc_pipe_relcallback_ptr_t\000"
 1402      70635F70 
 1402      6970655F 
 1402      72656C63 
 1402      616C6C62 
 1403              	.LASF99:
 1404 0339 43595F49 		.ascii	"CY_IPC_SEMA_OUT_OF_RANGE\000"
 1404      50435F53 
 1404      454D415F 
 1404      4F55545F 
 1404      4F465F52 
 1405              	.LASF66:
 1406 0352 666C6F61 		.ascii	"float\000"
 1406      7400
 1407              	.LASF35:
 1408 0358 4E766963 		.ascii	"NvicMux18_IRQn\000"
 1408      4D757831 
 1408      385F4952 
 1408      516E00
 1409              	.LASF6:
 1410 0367 6C6F6E67 		.ascii	"long long int\000"
 1410      206C6F6E 
 1410      6720696E 
 1410      7400
 1411              	.LASF97:
 1412 0375 43595F49 		.ascii	"CY_IPC_SEMA_ERROR_UNLOCKED\000"
 1412      50435F53 
 1412      454D415F 
 1412      4552524F 
 1412      525F554E 
 1413              	.LASF54:
 1414 0390 4E4F5449 		.ascii	"NOTIFY\000"
 1414      465900
 1415              	.LASF4:
 1416 0397 6C6F6E67 		.ascii	"long int\000"
 1416      20696E74 
 1416      00
 1417              	.LASF96:
 1418 03a0 43595F49 		.ascii	"CY_IPC_SEMA_ERROR_LOCKED\000"
 1418      50435F53 
 1418      454D415F 
 1418      4552524F 
ARM GAS  C:\Users\hima\AppData\Local\Temp\cc7F3o1l.s 			page 31


 1418      525F4C4F 
 1419              	.LASF11:
 1420 03b9 52657365 		.ascii	"Reset_IRQn\000"
 1420      745F4952 
 1420      516E00
 1421              	.LASF78:
 1422 03c4 636C6965 		.ascii	"clientCount\000"
 1422      6E74436F 
 1422      756E7400 
 1423              	.LASF95:
 1424 03d0 43595F49 		.ascii	"CY_IPC_SEMA_SUCCESS\000"
 1424      50435F53 
 1424      454D415F 
 1424      53554343 
 1424      45535300 
 1425              	.LASF74:
 1426 03e4 70697065 		.ascii	"pipeIntrSrc\000"
 1426      496E7472 
 1426      53726300 
 1427              	.LASF63:
 1428 03f0 4950435F 		.ascii	"IPC_INTR_STRUCT_Type\000"
 1428      494E5452 
 1428      5F535452 
 1428      5543545F 
 1428      54797065 
 1429              	.LASF86:
 1430 0405 65704164 		.ascii	"epAddress\000"
 1430      64726573 
 1430      7300
 1431              	.LASF112:
 1432 040f 63795F69 		.ascii	"cy_ipc_pipe_sysEpArray\000"
 1432      70635F70 
 1432      6970655F 
 1432      73797345 
 1432      70417272 
 1433              	.LASF110:
 1434 0426 63795F69 		.ascii	"cy_ipc_pipe_sysCbArray\000"
 1434      70635F70 
 1434      6970655F 
 1434      73797343 
 1434      62417272 
 1435              	.LASF58:
 1436 043d 4950435F 		.ascii	"IPC_STRUCT_Type\000"
 1436      53545255 
 1436      43545F54 
 1436      79706500 
 1437              	.LASF49:
 1438 044d 756E636F 		.ascii	"unconnected_IRQn\000"
 1438      6E6E6563 
 1438      7465645F 
 1438      4952516E 
 1438      00
 1439              	.LASF34:
 1440 045e 4E766963 		.ascii	"NvicMux17_IRQn\000"
 1440      4D757831 
 1440      375F4952 
 1440      516E00
ARM GAS  C:\Users\hima\AppData\Local\Temp\cc7F3o1l.s 			page 32


 1441              	.LASF55:
 1442 046d 44415441 		.ascii	"DATA\000"
 1442      00
 1443              	.LASF62:
 1444 0472 494E5452 		.ascii	"INTR_MASKED\000"
 1444      5F4D4153 
 1444      4B454400 
 1445              	.LASF53:
 1446 047e 52454C45 		.ascii	"RELEASE\000"
 1446      41534500 
 1447              	.LASF1:
 1448 0486 756E7369 		.ascii	"unsigned char\000"
 1448      676E6564 
 1448      20636861 
 1448      7200
 1449              	.LASF84:
 1450 0494 6970634E 		.ascii	"ipcNotifierPriority\000"
 1450      6F746966 
 1450      69657250 
 1450      72696F72 
 1450      69747900 
 1451              	.LASF50:
 1452 04a8 4952516E 		.ascii	"IRQn_Type\000"
 1452      5F547970 
 1452      6500
 1453              	.LASF108:
 1454 04b2 69706353 		.ascii	"ipcSemaArray\000"
 1454      656D6141 
 1454      72726179 
 1454      00
 1455              	.LASF17:
 1456 04bf 4E766963 		.ascii	"NvicMux0_IRQn\000"
 1456      4D757830 
 1456      5F495251 
 1456      6E00
 1457              	.LASF0:
 1458 04cd 7369676E 		.ascii	"signed char\000"
 1458      65642063 
 1458      68617200 
 1459              	.LASF60:
 1460 04d9 494E5452 		.ascii	"INTR_SET\000"
 1460      5F534554 
 1460      00
 1461              	.LASF7:
 1462 04e2 6C6F6E67 		.ascii	"long long unsigned int\000"
 1462      206C6F6E 
 1462      6720756E 
 1462      7369676E 
 1462      65642069 
 1463              	.LASF10:
 1464 04f9 75696E74 		.ascii	"uint32_t\000"
 1464      33325F74 
 1464      00
 1465              	.LASF29:
 1466 0502 4E766963 		.ascii	"NvicMux12_IRQn\000"
 1466      4D757831 
 1466      325F4952 
ARM GAS  C:\Users\hima\AppData\Local\Temp\cc7F3o1l.s 			page 33


 1466      516E00
 1467              	.LASF15:
 1468 0511 50656E64 		.ascii	"PendSV_IRQn\000"
 1468      53565F49 
 1468      52516E00 
 1469              	.LASF98:
 1470 051d 43595F49 		.ascii	"CY_IPC_SEMA_BAD_PARAM\000"
 1470      50435F53 
 1470      454D415F 
 1470      4241445F 
 1470      50415241 
 1471              	.LASF109:
 1472 0533 696E7472 		.ascii	"intr\000"
 1472      00
 1473              	.LASF105:
 1474 0538 4E766963 		.ascii	"NvicMux1_IRQHandler\000"
 1474      4D757831 
 1474      5F495251 
 1474      48616E64 
 1474      6C657200 
 1475              	.LASF14:
 1476 054c 53564361 		.ascii	"SVCall_IRQn\000"
 1476      6C6C5F49 
 1476      52516E00 
 1477              	.LASF13:
 1478 0558 48617264 		.ascii	"HardFault_IRQn\000"
 1478      4661756C 
 1478      745F4952 
 1478      516E00
 1479              	.LASF87:
 1480 0567 6570436F 		.ascii	"epConfig\000"
 1480      6E666967 
 1480      00
 1481              	.LASF71:
 1482 0570 69706343 		.ascii	"ipcChan\000"
 1482      68616E00 
 1483              	.LASF26:
 1484 0578 4E766963 		.ascii	"NvicMux9_IRQn\000"
 1484      4D757839 
 1484      5F495251 
 1484      6E00
 1485              	.LASF100:
 1486 0586 43595F49 		.ascii	"CY_IPC_SEMA_NOT_ACQUIRED\000"
 1486      50435F53 
 1486      454D415F 
 1486      4E4F545F 
 1486      41435155 
 1487              	.LASF36:
 1488 059f 4E766963 		.ascii	"NvicMux19_IRQn\000"
 1488      4D757831 
 1488      395F4952 
 1488      516E00
 1489              	.LASF23:
 1490 05ae 4E766963 		.ascii	"NvicMux6_IRQn\000"
 1490      4D757836 
 1490      5F495251 
 1490      6E00
ARM GAS  C:\Users\hima\AppData\Local\Temp\cc7F3o1l.s 			page 34


 1491              	.LASF65:
 1492 05bc 63686172 		.ascii	"char\000"
 1492      00
 1493              	.LASF20:
 1494 05c1 4E766963 		.ascii	"NvicMux3_IRQn\000"
 1494      4D757833 
 1494      5F495251 
 1494      6E00
 1495              	.LASF102:
 1496 05cf 43595F49 		.ascii	"CY_IPC_SEMA_STATUS_LOCKED\000"
 1496      50435F53 
 1496      454D415F 
 1496      53544154 
 1496      55535F4C 
 1497              	.LASF30:
 1498 05e9 4E766963 		.ascii	"NvicMux13_IRQn\000"
 1498      4D757831 
 1498      335F4952 
 1498      516E00
 1499              	.LASF91:
 1500 05f8 656E6470 		.ascii	"endpointClientsCount\000"
 1500      6F696E74 
 1500      436C6965 
 1500      6E747343 
 1500      6F756E74 
 1501              	.LASF44:
 1502 060d 4E766963 		.ascii	"NvicMux27_IRQn\000"
 1502      4D757832 
 1502      375F4952 
 1502      516E00
 1503              	.LASF103:
 1504 061c 43595F49 		.ascii	"CY_IPC_SEMA_STATUS_UNLOCKED\000"
 1504      50435F53 
 1504      454D415F 
 1504      53544154 
 1504      55535F55 
 1505              	.LASF27:
 1506 0638 4E766963 		.ascii	"NvicMux10_IRQn\000"
 1506      4D757831 
 1506      305F4952 
 1506      516E00
 1507              	.LASF79:
 1508 0647 63616C6C 		.ascii	"callbackArray\000"
 1508      6261636B 
 1508      41727261 
 1508      7900
 1509              	.LASF41:
 1510 0655 4E766963 		.ascii	"NvicMux24_IRQn\000"
 1510      4D757832 
 1510      345F4952 
 1510      516E00
 1511              	.LASF46:
 1512 0664 4E766963 		.ascii	"NvicMux29_IRQn\000"
 1512      4D757832 
 1512      395F4952 
 1512      516E00
 1513              	.LASF59:
ARM GAS  C:\Users\hima\AppData\Local\Temp\cc7F3o1l.s 			page 35


 1514 0673 494E5452 		.ascii	"INTR\000"
 1514      00
 1515              	.LASF38:
 1516 0678 4E766963 		.ascii	"NvicMux21_IRQn\000"
 1516      4D757832 
 1516      315F4952 
 1516      516E00
 1517              	.LASF88:
 1518 0687 63795F73 		.ascii	"cy_stc_ipc_pipe_ep_config_t\000"
 1518      74635F69 
 1518      70635F70 
 1518      6970655F 
 1518      65705F63 
 1519              	.LASF32:
 1520 06a3 4E766963 		.ascii	"NvicMux15_IRQn\000"
 1520      4D757831 
 1520      355F4952 
 1520      516E00
 1521              	.LASF3:
 1522 06b2 73686F72 		.ascii	"short unsigned int\000"
 1522      7420756E 
 1522      7369676E 
 1522      65642069 
 1522      6E7400
 1523              	.LASF64:
 1524 06c5 63795F69 		.ascii	"cy_israddress\000"
 1524      73726164 
 1524      64726573 
 1524      7300
 1525              	.LASF111:
 1526 06d3 73797374 		.ascii	"systemPipeConfig\000"
 1526      656D5069 
 1526      7065436F 
 1526      6E666967 
 1526      00
 1527              	.LASF5:
 1528 06e4 6C6F6E67 		.ascii	"long unsigned int\000"
 1528      20756E73 
 1528      69676E65 
 1528      6420696E 
 1528      7400
 1529              	.LASF48:
 1530 06f6 4E766963 		.ascii	"NvicMux31_IRQn\000"
 1530      4D757833 
 1530      315F4952 
 1530      516E00
 1531              	.LASF67:
 1532 0705 646F7562 		.ascii	"double\000"
 1532      6C6500
 1533              	.LASF81:
 1534 070c 64656661 		.ascii	"defaultReleaseCallbackPtr\000"
 1534      756C7452 
 1534      656C6561 
 1534      73654361 
 1534      6C6C6261 
 1535              	.LASF85:
 1536 0726 6970634E 		.ascii	"ipcNotifierMuxNumber\000"
ARM GAS  C:\Users\hima\AppData\Local\Temp\cc7F3o1l.s 			page 36


 1536      6F746966 
 1536      6965724D 
 1536      75784E75 
 1536      6D626572 
 1537              	.LASF77:
 1538 073b 62757379 		.ascii	"busy\000"
 1538      00
 1539              	.LASF72:
 1540 0740 696E7472 		.ascii	"intrChan\000"
 1540      4368616E 
 1540      00
 1541              	.LASF9:
 1542 0749 5F5F7569 		.ascii	"__uint32_t\000"
 1542      6E743332 
 1542      5F7400
 1543              	.LASF12:
 1544 0754 4E6F6E4D 		.ascii	"NonMaskableInt_IRQn\000"
 1544      61736B61 
 1544      626C6549 
 1544      6E745F49 
 1544      52516E00 
 1545              	.LASF56:
 1546 0768 4C4F434B 		.ascii	"LOCK_STATUS\000"
 1546      5F535441 
 1546      54555300 
 1547              	.LASF113:
 1548 0774 43795F49 		.ascii	"Cy_IPC_Pipe_ExecCallback\000"
 1548      50435F50 
 1548      6970655F 
 1548      45786563 
 1548      43616C6C 
 1549              	.LASF24:
 1550 078d 4E766963 		.ascii	"NvicMux7_IRQn\000"
 1550      4D757837 
 1550      5F495251 
 1550      6E00
 1551              	.LASF45:
 1552 079b 4E766963 		.ascii	"NvicMux28_IRQn\000"
 1552      4D757832 
 1552      385F4952 
 1552      516E00
 1553              	.LASF42:
 1554 07aa 4E766963 		.ascii	"NvicMux25_IRQn\000"
 1554      4D757832 
 1554      355F4952 
 1554      516E00
 1555              	.LASF82:
 1556 07b9 63795F73 		.ascii	"cy_stc_ipc_pipe_ep_t\000"
 1556      74635F69 
 1556      70635F70 
 1556      6970655F 
 1556      65705F74 
 1557              	.LASF117:
 1558 07ce 63795F69 		.ascii	"cy_ipc_config.c\000"
 1558      70635F63 
 1558      6F6E6669 
 1558      672E6300 
ARM GAS  C:\Users\hima\AppData\Local\Temp\cc7F3o1l.s 			page 37


 1559              	.LASF57:
 1560 07de 52455345 		.ascii	"RESERVED\000"
 1560      52564544 
 1560      00
 1561              	.LASF121:
 1562 07e7 43795F53 		.ascii	"Cy_SysLib_ExitCriticalSection\000"
 1562      79734C69 
 1562      625F4578 
 1562      69744372 
 1562      69746963 
 1563              	.LASF8:
 1564 0805 756E7369 		.ascii	"unsigned int\000"
 1564      676E6564 
 1564      20696E74 
 1564      00
 1565              	.LASF101:
 1566 0812 43595F49 		.ascii	"CY_IPC_SEMA_LOCKED\000"
 1566      50435F53 
 1566      454D415F 
 1566      4C4F434B 
 1566      454400
 1567              	.LASF39:
 1568 0825 4E766963 		.ascii	"NvicMux22_IRQn\000"
 1568      4D757832 
 1568      325F4952 
 1568      516E00
 1569              	.LASF52:
 1570 0834 41435155 		.ascii	"ACQUIRE\000"
 1570      49524500 
 1571              	.LASF89:
 1572 083c 65703043 		.ascii	"ep0ConfigData\000"
 1572      6F6E6669 
 1572      67446174 
 1572      6100
 1573              	.LASF106:
 1574 084a 43795F49 		.ascii	"Cy_IPC_SystemSemaInit\000"
 1574      50435F53 
 1574      79737465 
 1574      6D53656D 
 1574      61496E69 
 1575              	.LASF92:
 1576 0860 656E6470 		.ascii	"endpointsCallbacksArray\000"
 1576      6F696E74 
 1576      7343616C 
 1576      6C626163 
 1576      6B734172 
 1577              		.ident	"GCC: (GNU Tools for ARM Embedded Processors) 4.9.3 20150303 (release) [ARM/embedded-4_9-br
