ARM GAS  C:\Users\Vishwas\AppData\Local\Temp\ccVNnna3.s 			page 1


   1              		.syntax unified
   2              		.cpu cortex-m0plus
   3              		.fpu softvfp
   4              		.eabi_attribute 20, 1
   5              		.eabi_attribute 21, 1
   6              		.eabi_attribute 23, 3
   7              		.eabi_attribute 24, 1
   8              		.eabi_attribute 25, 1
   9              		.eabi_attribute 26, 1
  10              		.eabi_attribute 30, 1
  11              		.eabi_attribute 34, 0
  12              		.eabi_attribute 18, 4
  13              		.thumb
  14              		.syntax unified
  15              		.file	"cymetadata.c"
  16              		.text
  17              	.Ltext0:
  18              		.cfi_sections	.debug_frame
  19              		.global	cy_metadata
  20              		.section	.cymeta,"a",%progbits
  21              		.align	2
  22              		.type	cy_metadata, %object
  23              		.size	cy_metadata, 12
  24              	cy_metadata:
  25 0000 00       		.byte	0
  26 0001 05       		.byte	5
  27 0002 E2       		.byte	-30
  28 0003 06       		.byte	6
  29 0004 21       		.byte	33
  30 0005 00       		.byte	0
  31 0006 21       		.byte	33
  32 0007 01       		.byte	1
  33 0008 00       		.byte	0
  34 0009 00       		.byte	0
  35 000a 00       		.byte	0
  36 000b 00       		.byte	0
  37              		.text
  38              	.Letext0:
  39              		.file 1 "c:\\program files (x86)\\gnu tools arm embedded\\5.4 2016q3\\arm-none-eabi\\include\\mach
  40              		.file 2 "c:\\program files (x86)\\gnu tools arm embedded\\5.4 2016q3\\arm-none-eabi\\include\\sys\
  41              		.file 3 "Generated_Source\\PSoC6\\cymetadata.c"
  42              		.section	.debug_info,"",%progbits
  43              	.Ldebug_info0:
  44 0000 A8000000 		.4byte	0xa8
  45 0004 0400     		.2byte	0x4
  46 0006 00000000 		.4byte	.Ldebug_abbrev0
  47 000a 04       		.byte	0x4
  48 000b 01       		.uleb128 0x1
  49 000c 16000000 		.4byte	.LASF12
  50 0010 0C       		.byte	0xc
  51 0011 43010000 		.4byte	.LASF13
  52 0015 B6000000 		.4byte	.LASF14
  53 0019 00000000 		.4byte	.Ldebug_line0
  54 001d 02       		.uleb128 0x2
  55 001e 01       		.byte	0x1
  56 001f 06       		.byte	0x6
  57 0020 BD010000 		.4byte	.LASF0
ARM GAS  C:\Users\Vishwas\AppData\Local\Temp\ccVNnna3.s 			page 2


  58 0024 03       		.uleb128 0x3
  59 0025 00000000 		.4byte	.LASF9
  60 0029 01       		.byte	0x1
  61 002a 1D       		.byte	0x1d
  62 002b 2F000000 		.4byte	0x2f
  63 002f 02       		.uleb128 0x2
  64 0030 01       		.byte	0x1
  65 0031 08       		.byte	0x8
  66 0032 A8000000 		.4byte	.LASF1
  67 0036 02       		.uleb128 0x2
  68 0037 02       		.byte	0x2
  69 0038 05       		.byte	0x5
  70 0039 AA010000 		.4byte	.LASF2
  71 003d 02       		.uleb128 0x2
  72 003e 02       		.byte	0x2
  73 003f 07       		.byte	0x7
  74 0040 30010000 		.4byte	.LASF3
  75 0044 02       		.uleb128 0x2
  76 0045 04       		.byte	0x4
  77 0046 05       		.byte	0x5
  78 0047 B4010000 		.4byte	.LASF4
  79 004b 02       		.uleb128 0x2
  80 004c 04       		.byte	0x4
  81 004d 07       		.byte	0x7
  82 004e 1E010000 		.4byte	.LASF5
  83 0052 02       		.uleb128 0x2
  84 0053 08       		.byte	0x8
  85 0054 05       		.byte	0x5
  86 0055 9C010000 		.4byte	.LASF6
  87 0059 02       		.uleb128 0x2
  88 005a 08       		.byte	0x8
  89 005b 07       		.byte	0x7
  90 005c 74010000 		.4byte	.LASF7
  91 0060 04       		.uleb128 0x4
  92 0061 04       		.byte	0x4
  93 0062 05       		.byte	0x5
  94 0063 696E7400 		.ascii	"int\000"
  95 0067 02       		.uleb128 0x2
  96 0068 04       		.byte	0x4
  97 0069 07       		.byte	0x7
  98 006a 67010000 		.4byte	.LASF8
  99 006e 03       		.uleb128 0x3
 100 006f 8B010000 		.4byte	.LASF10
 101 0073 02       		.byte	0x2
 102 0074 18       		.byte	0x18
 103 0075 24000000 		.4byte	0x24
 104 0079 05       		.uleb128 0x5
 105 007a 90000000 		.4byte	0x90
 106 007e 89000000 		.4byte	0x89
 107 0082 06       		.uleb128 0x6
 108 0083 89000000 		.4byte	0x89
 109 0087 0B       		.byte	0xb
 110 0088 00       		.byte	0
 111 0089 02       		.uleb128 0x2
 112 008a 04       		.byte	0x4
 113 008b 07       		.byte	0x7
 114 008c 93010000 		.4byte	.LASF11
ARM GAS  C:\Users\Vishwas\AppData\Local\Temp\ccVNnna3.s 			page 3


 115 0090 07       		.uleb128 0x7
 116 0091 6E000000 		.4byte	0x6e
 117 0095 08       		.uleb128 0x8
 118 0096 0A000000 		.4byte	.LASF15
 119 009a 03       		.byte	0x3
 120 009b 1F       		.byte	0x1f
 121 009c A6000000 		.4byte	0xa6
 122 00a0 05       		.uleb128 0x5
 123 00a1 03       		.byte	0x3
 124 00a2 00000000 		.4byte	cy_metadata
 125 00a6 07       		.uleb128 0x7
 126 00a7 79000000 		.4byte	0x79
 127 00ab 00       		.byte	0
 128              		.section	.debug_abbrev,"",%progbits
 129              	.Ldebug_abbrev0:
 130 0000 01       		.uleb128 0x1
 131 0001 11       		.uleb128 0x11
 132 0002 01       		.byte	0x1
 133 0003 25       		.uleb128 0x25
 134 0004 0E       		.uleb128 0xe
 135 0005 13       		.uleb128 0x13
 136 0006 0B       		.uleb128 0xb
 137 0007 03       		.uleb128 0x3
 138 0008 0E       		.uleb128 0xe
 139 0009 1B       		.uleb128 0x1b
 140 000a 0E       		.uleb128 0xe
 141 000b 10       		.uleb128 0x10
 142 000c 17       		.uleb128 0x17
 143 000d 00       		.byte	0
 144 000e 00       		.byte	0
 145 000f 02       		.uleb128 0x2
 146 0010 24       		.uleb128 0x24
 147 0011 00       		.byte	0
 148 0012 0B       		.uleb128 0xb
 149 0013 0B       		.uleb128 0xb
 150 0014 3E       		.uleb128 0x3e
 151 0015 0B       		.uleb128 0xb
 152 0016 03       		.uleb128 0x3
 153 0017 0E       		.uleb128 0xe
 154 0018 00       		.byte	0
 155 0019 00       		.byte	0
 156 001a 03       		.uleb128 0x3
 157 001b 16       		.uleb128 0x16
 158 001c 00       		.byte	0
 159 001d 03       		.uleb128 0x3
 160 001e 0E       		.uleb128 0xe
 161 001f 3A       		.uleb128 0x3a
 162 0020 0B       		.uleb128 0xb
 163 0021 3B       		.uleb128 0x3b
 164 0022 0B       		.uleb128 0xb
 165 0023 49       		.uleb128 0x49
 166 0024 13       		.uleb128 0x13
 167 0025 00       		.byte	0
 168 0026 00       		.byte	0
 169 0027 04       		.uleb128 0x4
 170 0028 24       		.uleb128 0x24
 171 0029 00       		.byte	0
ARM GAS  C:\Users\Vishwas\AppData\Local\Temp\ccVNnna3.s 			page 4


 172 002a 0B       		.uleb128 0xb
 173 002b 0B       		.uleb128 0xb
 174 002c 3E       		.uleb128 0x3e
 175 002d 0B       		.uleb128 0xb
 176 002e 03       		.uleb128 0x3
 177 002f 08       		.uleb128 0x8
 178 0030 00       		.byte	0
 179 0031 00       		.byte	0
 180 0032 05       		.uleb128 0x5
 181 0033 01       		.uleb128 0x1
 182 0034 01       		.byte	0x1
 183 0035 49       		.uleb128 0x49
 184 0036 13       		.uleb128 0x13
 185 0037 01       		.uleb128 0x1
 186 0038 13       		.uleb128 0x13
 187 0039 00       		.byte	0
 188 003a 00       		.byte	0
 189 003b 06       		.uleb128 0x6
 190 003c 21       		.uleb128 0x21
 191 003d 00       		.byte	0
 192 003e 49       		.uleb128 0x49
 193 003f 13       		.uleb128 0x13
 194 0040 2F       		.uleb128 0x2f
 195 0041 0B       		.uleb128 0xb
 196 0042 00       		.byte	0
 197 0043 00       		.byte	0
 198 0044 07       		.uleb128 0x7
 199 0045 26       		.uleb128 0x26
 200 0046 00       		.byte	0
 201 0047 49       		.uleb128 0x49
 202 0048 13       		.uleb128 0x13
 203 0049 00       		.byte	0
 204 004a 00       		.byte	0
 205 004b 08       		.uleb128 0x8
 206 004c 34       		.uleb128 0x34
 207 004d 00       		.byte	0
 208 004e 03       		.uleb128 0x3
 209 004f 0E       		.uleb128 0xe
 210 0050 3A       		.uleb128 0x3a
 211 0051 0B       		.uleb128 0xb
 212 0052 3B       		.uleb128 0x3b
 213 0053 0B       		.uleb128 0xb
 214 0054 49       		.uleb128 0x49
 215 0055 13       		.uleb128 0x13
 216 0056 3F       		.uleb128 0x3f
 217 0057 19       		.uleb128 0x19
 218 0058 02       		.uleb128 0x2
 219 0059 18       		.uleb128 0x18
 220 005a 00       		.byte	0
 221 005b 00       		.byte	0
 222 005c 00       		.byte	0
 223              		.section	.debug_aranges,"",%progbits
 224 0000 14000000 		.4byte	0x14
 225 0004 0200     		.2byte	0x2
 226 0006 00000000 		.4byte	.Ldebug_info0
 227 000a 04       		.byte	0x4
 228 000b 00       		.byte	0
ARM GAS  C:\Users\Vishwas\AppData\Local\Temp\ccVNnna3.s 			page 5


 229 000c 0000     		.2byte	0
 230 000e 0000     		.2byte	0
 231 0010 00000000 		.4byte	0
 232 0014 00000000 		.4byte	0
 233              		.section	.debug_line,"",%progbits
 234              	.Ldebug_line0:
 235 0000 0B010000 		.section	.debug_str,"MS",%progbits,1
 235      02000501 
 235      00000201 
 235      FB0E0D00 
 235      01010101 
 236              	.LASF9:
 237 0000 5F5F7569 		.ascii	"__uint8_t\000"
 237      6E74385F 
 237      7400
 238              	.LASF15:
 239 000a 63795F6D 		.ascii	"cy_metadata\000"
 239      65746164 
 239      61746100 
 240              	.LASF12:
 241 0016 474E5520 		.ascii	"GNU C11 5.4.1 20160919 (release) [ARM/embedded-5-br"
 241      43313120 
 241      352E342E 
 241      31203230 
 241      31363039 
 242 0049 616E6368 		.ascii	"anch revision 240496] -mcpu=cortex-m0plus -mthumb -"
 242      20726576 
 242      6973696F 
 242      6E203234 
 242      30343936 
 243 007c 67202D4F 		.ascii	"g -Og -ffunction-sections -ffat-lto-objects\000"
 243      67202D66 
 243      66756E63 
 243      74696F6E 
 243      2D736563 
 244              	.LASF1:
 245 00a8 756E7369 		.ascii	"unsigned char\000"
 245      676E6564 
 245      20636861 
 245      7200
 246              	.LASF14:
 247 00b6 433A5C55 		.ascii	"C:\\Users\\Vishwas\\Downloads\\Chrome\\Project___De"
 247      73657273 
 247      5C566973 
 247      68776173 
 247      5C446F77 
 248 00e4 70656E64 		.ascii	"pendencies (1)\\Project + Dependencies\\PSoC6_MPU60"
 248      656E6369 
 248      65732028 
 248      31295C50 
 248      726F6A65 
 249 0115 35302E63 		.ascii	"50.cydsn\000"
 249      7964736E 
 249      00
 250              	.LASF5:
 251 011e 6C6F6E67 		.ascii	"long unsigned int\000"
 251      20756E73 
ARM GAS  C:\Users\Vishwas\AppData\Local\Temp\ccVNnna3.s 			page 6


 251      69676E65 
 251      6420696E 
 251      7400
 252              	.LASF3:
 253 0130 73686F72 		.ascii	"short unsigned int\000"
 253      7420756E 
 253      7369676E 
 253      65642069 
 253      6E7400
 254              	.LASF13:
 255 0143 47656E65 		.ascii	"Generated_Source\\PSoC6\\cymetadata.c\000"
 255      72617465 
 255      645F536F 
 255      75726365 
 255      5C50536F 
 256              	.LASF8:
 257 0167 756E7369 		.ascii	"unsigned int\000"
 257      676E6564 
 257      20696E74 
 257      00
 258              	.LASF7:
 259 0174 6C6F6E67 		.ascii	"long long unsigned int\000"
 259      206C6F6E 
 259      6720756E 
 259      7369676E 
 259      65642069 
 260              	.LASF10:
 261 018b 75696E74 		.ascii	"uint8_t\000"
 261      385F7400 
 262              	.LASF11:
 263 0193 73697A65 		.ascii	"sizetype\000"
 263      74797065 
 263      00
 264              	.LASF6:
 265 019c 6C6F6E67 		.ascii	"long long int\000"
 265      206C6F6E 
 265      6720696E 
 265      7400
 266              	.LASF2:
 267 01aa 73686F72 		.ascii	"short int\000"
 267      7420696E 
 267      7400
 268              	.LASF4:
 269 01b4 6C6F6E67 		.ascii	"long int\000"
 269      20696E74 
 269      00
 270              	.LASF0:
 271 01bd 7369676E 		.ascii	"signed char\000"
 271      65642063 
 271      68617200 
 272              		.ident	"GCC: (GNU Tools for ARM Embedded Processors) 5.4.1 20160919 (release) [ARM/embedded-5-bran
