ARM GAS  C:\Users\hima\AppData\Local\Temp\ccREzgFa.s 			page 1


   1              		.cpu cortex-m0plus
   2              		.fpu softvfp
   3              		.eabi_attribute 20, 1
   4              		.eabi_attribute 21, 1
   5              		.eabi_attribute 23, 3
   6              		.eabi_attribute 24, 1
   7              		.eabi_attribute 25, 1
   8              		.eabi_attribute 26, 1
   9              		.eabi_attribute 30, 1
  10              		.eabi_attribute 34, 0
  11              		.eabi_attribute 18, 4
  12              		.code	16
  13              		.file	"data.c"
  14              		.text
  15              	.Ltext0:
  16              		.cfi_sections	.debug_frame
  17              		.comm	CGZ,2,2
  18              		.comm	CGY,2,2
  19              		.comm	CGX,2,2
  20              		.global	CAZ
  21              		.global	CAY
  22              		.global	CAX
  23              		.bss
  24              		.align	1
  25              		.type	CAZ, %object
  26              		.size	CAZ, 2
  27              	CAZ:
  28 0000 0000     		.space	2
  29              		.type	CAY, %object
  30              		.size	CAY, 2
  31              	CAY:
  32 0002 0000     		.space	2
  33              		.type	CAX, %object
  34              		.size	CAX, 2
  35              	CAX:
  36 0004 0000     		.space	2
  37              		.text
  38              	.Letext0:
  39              		.file 1 "c:\\program files (x86)\\cypress\\psoc creator\\3.3\\psoc creator\\import\\gnu\\arm\\4.9.
  40              		.file 2 "c:\\program files (x86)\\cypress\\psoc creator\\3.3\\psoc creator\\import\\gnu\\arm\\4.9.
  41              		.file 3 "Generated_Source\\PSoC6\\pdl\\drivers/peripheral/scb/cy_scb_i2c.h"
  42              		.file 4 "Generated_Source\\PSoC6\\pdl\\drivers/peripheral/scb/cy_scb_uart.h"
  43              		.file 5 "Generated_Source\\PSoC6/I2C_MPU9250.h"
  44              		.file 6 "Generated_Source\\PSoC6/UART.h"
  45              		.file 7 "data.c"
  46              		.section	.debug_info,"",%progbits
  47              	.Ldebug_info0:
  48 0000 BA030000 		.4byte	0x3ba
  49 0004 0400     		.2byte	0x4
  50 0006 00000000 		.4byte	.Ldebug_abbrev0
  51 000a 04       		.byte	0x4
  52 000b 01       		.uleb128 0x1
  53 000c 7D000000 		.4byte	.LASF66
  54 0010 01       		.byte	0x1
  55 0011 38010000 		.4byte	.LASF67
  56 0015 85010000 		.4byte	.LASF68
  57 0019 00000000 		.4byte	.Ldebug_line0
ARM GAS  C:\Users\hima\AppData\Local\Temp\ccREzgFa.s 			page 2


  58 001d 02       		.uleb128 0x2
  59 001e 01       		.byte	0x1
  60 001f 06       		.byte	0x6
  61 0020 C0020000 		.4byte	.LASF0
  62 0024 03       		.uleb128 0x3
  63 0025 59020000 		.4byte	.LASF2
  64 0029 01       		.byte	0x1
  65 002a 1D       		.byte	0x1d
  66 002b 2F000000 		.4byte	0x2f
  67 002f 02       		.uleb128 0x2
  68 0030 01       		.byte	0x1
  69 0031 08       		.byte	0x8
  70 0032 A8020000 		.4byte	.LASF1
  71 0036 03       		.uleb128 0x3
  72 0037 09040000 		.4byte	.LASF3
  73 003b 01       		.byte	0x1
  74 003c 29       		.byte	0x29
  75 003d 41000000 		.4byte	0x41
  76 0041 02       		.uleb128 0x2
  77 0042 02       		.byte	0x2
  78 0043 05       		.byte	0x5
  79 0044 6A000000 		.4byte	.LASF4
  80 0048 02       		.uleb128 0x2
  81 0049 02       		.byte	0x2
  82 004a 07       		.byte	0x7
  83 004b 5C030000 		.4byte	.LASF5
  84 004f 02       		.uleb128 0x2
  85 0050 04       		.byte	0x4
  86 0051 05       		.byte	0x5
  87 0052 46040000 		.4byte	.LASF6
  88 0056 03       		.uleb128 0x3
  89 0057 3F010000 		.4byte	.LASF7
  90 005b 01       		.byte	0x1
  91 005c 41       		.byte	0x41
  92 005d 61000000 		.4byte	0x61
  93 0061 02       		.uleb128 0x2
  94 0062 04       		.byte	0x4
  95 0063 07       		.byte	0x7
  96 0064 40030000 		.4byte	.LASF8
  97 0068 02       		.uleb128 0x2
  98 0069 08       		.byte	0x8
  99 006a 05       		.byte	0x5
 100 006b 1A020000 		.4byte	.LASF9
 101 006f 02       		.uleb128 0x2
 102 0070 08       		.byte	0x8
 103 0071 07       		.byte	0x7
 104 0072 DD020000 		.4byte	.LASF10
 105 0076 04       		.uleb128 0x4
 106 0077 04       		.byte	0x4
 107 0078 05       		.byte	0x5
 108 0079 696E7400 		.ascii	"int\000"
 109 007d 02       		.uleb128 0x2
 110 007e 04       		.byte	0x4
 111 007f 07       		.byte	0x7
 112 0080 1B030000 		.4byte	.LASF11
 113 0084 03       		.uleb128 0x3
 114 0085 69010000 		.4byte	.LASF12
ARM GAS  C:\Users\hima\AppData\Local\Temp\ccREzgFa.s 			page 3


 115 0089 02       		.byte	0x2
 116 008a 15       		.byte	0x15
 117 008b 24000000 		.4byte	0x24
 118 008f 03       		.uleb128 0x3
 119 0090 A7030000 		.4byte	.LASF13
 120 0094 02       		.byte	0x2
 121 0095 20       		.byte	0x20
 122 0096 36000000 		.4byte	0x36
 123 009a 03       		.uleb128 0x3
 124 009b F4020000 		.4byte	.LASF14
 125 009f 02       		.byte	0x2
 126 00a0 2D       		.byte	0x2d
 127 00a1 56000000 		.4byte	0x56
 128 00a5 02       		.uleb128 0x2
 129 00a6 04       		.byte	0x4
 130 00a7 07       		.byte	0x7
 131 00a8 74000000 		.4byte	.LASF15
 132 00ac 05       		.uleb128 0x5
 133 00ad 9A000000 		.4byte	0x9a
 134 00b1 02       		.uleb128 0x2
 135 00b2 01       		.byte	0x1
 136 00b3 08       		.byte	0x8
 137 00b4 28020000 		.4byte	.LASF16
 138 00b8 02       		.uleb128 0x2
 139 00b9 04       		.byte	0x4
 140 00ba 04       		.byte	0x4
 141 00bb 04020000 		.4byte	.LASF17
 142 00bf 02       		.uleb128 0x2
 143 00c0 08       		.byte	0x8
 144 00c1 04       		.byte	0x4
 145 00c2 C4030000 		.4byte	.LASF18
 146 00c6 06       		.uleb128 0x6
 147 00c7 04       		.byte	0x4
 148 00c8 02       		.uleb128 0x2
 149 00c9 01       		.byte	0x1
 150 00ca 02       		.byte	0x2
 151 00cb AF030000 		.4byte	.LASF19
 152 00cf 07       		.uleb128 0x7
 153 00d0 01       		.byte	0x1
 154 00d1 03       		.byte	0x3
 155 00d2 B701     		.2byte	0x1b7
 156 00d4 E5000000 		.4byte	0xe5
 157 00d8 08       		.uleb128 0x8
 158 00d9 D7030000 		.4byte	.LASF20
 159 00dd 00       		.sleb128 0
 160 00de 08       		.uleb128 0x8
 161 00df B5030000 		.4byte	.LASF21
 162 00e3 01       		.sleb128 1
 163 00e4 00       		.byte	0
 164 00e5 09       		.uleb128 0x9
 165 00e6 28030000 		.4byte	.LASF22
 166 00ea 03       		.byte	0x3
 167 00eb BA01     		.2byte	0x1ba
 168 00ed CF000000 		.4byte	0xcf
 169 00f1 09       		.uleb128 0x9
 170 00f2 FD020000 		.4byte	.LASF23
 171 00f6 03       		.byte	0x3
ARM GAS  C:\Users\hima\AppData\Local\Temp\ccREzgFa.s 			page 4


 172 00f7 CC01     		.2byte	0x1cc
 173 00f9 FD000000 		.4byte	0xfd
 174 00fd 0A       		.uleb128 0xa
 175 00fe 04       		.byte	0x4
 176 00ff 03010000 		.4byte	0x103
 177 0103 0B       		.uleb128 0xb
 178 0104 0E010000 		.4byte	0x10e
 179 0108 0C       		.uleb128 0xc
 180 0109 9A000000 		.4byte	0x9a
 181 010d 00       		.byte	0
 182 010e 09       		.uleb128 0x9
 183 010f 75030000 		.4byte	.LASF24
 184 0113 03       		.byte	0x3
 185 0114 D701     		.2byte	0x1d7
 186 0116 1A010000 		.4byte	0x11a
 187 011a 0A       		.uleb128 0xa
 188 011b 04       		.byte	0x4
 189 011c 20010000 		.4byte	0x120
 190 0120 0D       		.uleb128 0xd
 191 0121 E5000000 		.4byte	0xe5
 192 0125 2F010000 		.4byte	0x12f
 193 0129 0C       		.uleb128 0xc
 194 012a 9A000000 		.4byte	0x9a
 195 012e 00       		.byte	0
 196 012f 0E       		.uleb128 0xe
 197 0130 77040000 		.4byte	.LASF48
 198 0134 4C       		.byte	0x4c
 199 0135 03       		.byte	0x3
 200 0136 3E02     		.2byte	0x23e
 201 0138 4E020000 		.4byte	0x24e
 202 013c 0F       		.uleb128 0xf
 203 013d F7030000 		.4byte	.LASF25
 204 0141 03       		.byte	0x3
 205 0142 4102     		.2byte	0x241
 206 0144 C8000000 		.4byte	0xc8
 207 0148 00       		.byte	0
 208 0149 0F       		.uleb128 0xf
 209 014a 0A020000 		.4byte	.LASF26
 210 014e 03       		.byte	0x3
 211 014f 4202     		.2byte	0x242
 212 0151 C8000000 		.4byte	0xc8
 213 0155 01       		.byte	0x1
 214 0156 0F       		.uleb128 0xf
 215 0157 45000000 		.4byte	.LASF27
 216 015b 03       		.byte	0x3
 217 015c 4402     		.2byte	0x244
 218 015e AC000000 		.4byte	0xac
 219 0162 04       		.byte	0x4
 220 0163 0F       		.uleb128 0xf
 221 0164 9A030000 		.4byte	.LASF28
 222 0168 03       		.byte	0x3
 223 0169 4602     		.2byte	0x246
 224 016b AC000000 		.4byte	0xac
 225 016f 08       		.byte	0x8
 226 0170 0F       		.uleb128 0xf
 227 0171 13040000 		.4byte	.LASF29
 228 0175 03       		.byte	0x3
ARM GAS  C:\Users\hima\AppData\Local\Temp\ccREzgFa.s 			page 5


 229 0176 4702     		.2byte	0x247
 230 0178 C8000000 		.4byte	0xc8
 231 017c 0C       		.byte	0xc
 232 017d 0F       		.uleb128 0xf
 233 017e 4D020000 		.4byte	.LASF30
 234 0182 03       		.byte	0x3
 235 0183 4802     		.2byte	0x248
 236 0185 C8000000 		.4byte	0xc8
 237 0189 0D       		.byte	0xd
 238 018a 0F       		.uleb128 0xf
 239 018b 5C010000 		.4byte	.LASF31
 240 018f 03       		.byte	0x3
 241 0190 4A02     		.2byte	0x24a
 242 0192 4E020000 		.4byte	0x24e
 243 0196 10       		.byte	0x10
 244 0197 0F       		.uleb128 0xf
 245 0198 CC020000 		.4byte	.LASF32
 246 019c 03       		.byte	0x3
 247 019d 4B02     		.2byte	0x24b
 248 019f 9A000000 		.4byte	0x9a
 249 01a3 14       		.byte	0x14
 250 01a4 0F       		.uleb128 0xf
 251 01a5 0F000000 		.4byte	.LASF33
 252 01a9 03       		.byte	0x3
 253 01aa 4C02     		.2byte	0x24c
 254 01ac AC000000 		.4byte	0xac
 255 01b0 18       		.byte	0x18
 256 01b1 0F       		.uleb128 0xf
 257 01b2 00000000 		.4byte	.LASF34
 258 01b6 03       		.byte	0x3
 259 01b7 4D02     		.2byte	0x24d
 260 01b9 AC000000 		.4byte	0xac
 261 01bd 1C       		.byte	0x1c
 262 01be 0F       		.uleb128 0xf
 263 01bf CB030000 		.4byte	.LASF35
 264 01c3 03       		.byte	0x3
 265 01c4 4F02     		.2byte	0x24f
 266 01c6 AC000000 		.4byte	0xac
 267 01ca 20       		.byte	0x20
 268 01cb 0F       		.uleb128 0xf
 269 01cc 67040000 		.4byte	.LASF36
 270 01d0 03       		.byte	0x3
 271 01d1 5002     		.2byte	0x250
 272 01d3 54020000 		.4byte	0x254
 273 01d7 24       		.byte	0x24
 274 01d8 0F       		.uleb128 0xf
 275 01d9 8E040000 		.4byte	.LASF37
 276 01dd 03       		.byte	0x3
 277 01de 5202     		.2byte	0x252
 278 01e0 4E020000 		.4byte	0x24e
 279 01e4 28       		.byte	0x28
 280 01e5 0F       		.uleb128 0xf
 281 01e6 74020000 		.4byte	.LASF38
 282 01ea 03       		.byte	0x3
 283 01eb 5302     		.2byte	0x253
 284 01ed 9A000000 		.4byte	0x9a
 285 01f1 2C       		.byte	0x2c
ARM GAS  C:\Users\hima\AppData\Local\Temp\ccREzgFa.s 			page 6


 286 01f2 0F       		.uleb128 0xf
 287 01f3 E6030000 		.4byte	.LASF39
 288 01f7 03       		.byte	0x3
 289 01f8 5402     		.2byte	0x254
 290 01fa AC000000 		.4byte	0xac
 291 01fe 30       		.byte	0x30
 292 01ff 0F       		.uleb128 0xf
 293 0200 27010000 		.4byte	.LASF40
 294 0204 03       		.byte	0x3
 295 0205 5502     		.2byte	0x255
 296 0207 AC000000 		.4byte	0xac
 297 020b 34       		.byte	0x34
 298 020c 0F       		.uleb128 0xf
 299 020d 2D000000 		.4byte	.LASF41
 300 0211 03       		.byte	0x3
 301 0212 5702     		.2byte	0x257
 302 0214 4E020000 		.4byte	0x24e
 303 0218 38       		.byte	0x38
 304 0219 0F       		.uleb128 0xf
 305 021a 2D020000 		.4byte	.LASF42
 306 021e 03       		.byte	0x3
 307 021f 5802     		.2byte	0x258
 308 0221 9A000000 		.4byte	0x9a
 309 0225 3C       		.byte	0x3c
 310 0226 0F       		.uleb128 0xf
 311 0227 63020000 		.4byte	.LASF43
 312 022b 03       		.byte	0x3
 313 022c 5902     		.2byte	0x259
 314 022e AC000000 		.4byte	0xac
 315 0232 40       		.byte	0x40
 316 0233 0F       		.uleb128 0xf
 317 0234 91030000 		.4byte	.LASF44
 318 0238 03       		.byte	0x3
 319 0239 5F02     		.2byte	0x25f
 320 023b F1000000 		.4byte	0xf1
 321 023f 44       		.byte	0x44
 322 0240 0F       		.uleb128 0xf
 323 0241 60040000 		.4byte	.LASF45
 324 0245 03       		.byte	0x3
 325 0246 6602     		.2byte	0x266
 326 0248 0E010000 		.4byte	0x10e
 327 024c 48       		.byte	0x48
 328 024d 00       		.byte	0
 329 024e 0A       		.uleb128 0xa
 330 024f 04       		.byte	0x4
 331 0250 84000000 		.4byte	0x84
 332 0254 05       		.uleb128 0x5
 333 0255 C8000000 		.4byte	0xc8
 334 0259 09       		.uleb128 0x9
 335 025a 86020000 		.4byte	.LASF46
 336 025e 03       		.byte	0x3
 337 025f 6902     		.2byte	0x269
 338 0261 2F010000 		.4byte	0x12f
 339 0265 09       		.uleb128 0x9
 340 0266 4B000000 		.4byte	.LASF47
 341 026a 04       		.byte	0x4
 342 026b A601     		.2byte	0x1a6
ARM GAS  C:\Users\hima\AppData\Local\Temp\ccREzgFa.s 			page 7


 343 026d FD000000 		.4byte	0xfd
 344 0271 0E       		.uleb128 0xe
 345 0272 0F010000 		.4byte	.LASF49
 346 0276 38       		.byte	0x38
 347 0277 04       		.byte	0x4
 348 0278 4202     		.2byte	0x242
 349 027a 35030000 		.4byte	0x335
 350 027e 0F       		.uleb128 0xf
 351 027f 4A010000 		.4byte	.LASF50
 352 0283 04       		.byte	0x4
 353 0284 4502     		.2byte	0x245
 354 0286 AC000000 		.4byte	0xac
 355 028a 00       		.byte	0
 356 028b 0F       		.uleb128 0xf
 357 028c 9F020000 		.4byte	.LASF51
 358 0290 04       		.byte	0x4
 359 0291 4602     		.2byte	0x246
 360 0293 AC000000 		.4byte	0xac
 361 0297 04       		.byte	0x4
 362 0298 0F       		.uleb128 0xf
 363 0299 B6020000 		.4byte	.LASF52
 364 029d 04       		.byte	0x4
 365 029e 4802     		.2byte	0x248
 366 02a0 C6000000 		.4byte	0xc6
 367 02a4 08       		.byte	0x8
 368 02a5 0F       		.uleb128 0xf
 369 02a6 3F020000 		.4byte	.LASF53
 370 02aa 04       		.byte	0x4
 371 02ab 4902     		.2byte	0x249
 372 02ad 9A000000 		.4byte	0x9a
 373 02b1 0C       		.byte	0xc
 374 02b2 0F       		.uleb128 0xf
 375 02b3 F6010000 		.4byte	.LASF54
 376 02b7 04       		.byte	0x4
 377 02b8 4A02     		.2byte	0x24a
 378 02ba AC000000 		.4byte	0xac
 379 02be 10       		.byte	0x10
 380 02bf 0F       		.uleb128 0xf
 381 02c0 1F000000 		.4byte	.LASF55
 382 02c4 04       		.byte	0x4
 383 02c5 4B02     		.2byte	0x24b
 384 02c7 AC000000 		.4byte	0xac
 385 02cb 14       		.byte	0x14
 386 02cc 0F       		.uleb128 0xf
 387 02cd 6F030000 		.4byte	.LASF56
 388 02d1 04       		.byte	0x4
 389 02d2 4D02     		.2byte	0x24d
 390 02d4 C6000000 		.4byte	0xc6
 391 02d8 18       		.byte	0x18
 392 02d9 0F       		.uleb128 0xf
 393 02da 3B000000 		.4byte	.LASF57
 394 02de 04       		.byte	0x4
 395 02df 4E02     		.2byte	0x24e
 396 02e1 9A000000 		.4byte	0x9a
 397 02e5 1C       		.byte	0x1c
 398 02e6 0F       		.uleb128 0xf
 399 02e7 53010000 		.4byte	.LASF58
ARM GAS  C:\Users\hima\AppData\Local\Temp\ccREzgFa.s 			page 8


 400 02eb 04       		.byte	0x4
 401 02ec 4F02     		.2byte	0x24f
 402 02ee AC000000 		.4byte	0xac
 403 02f2 20       		.byte	0x20
 404 02f3 0F       		.uleb128 0xf
 405 02f4 14020000 		.4byte	.LASF59
 406 02f8 04       		.byte	0x4
 407 02f9 5102     		.2byte	0x251
 408 02fb C6000000 		.4byte	0xc6
 409 02ff 24       		.byte	0x24
 410 0300 0F       		.uleb128 0xf
 411 0301 52030000 		.4byte	.LASF60
 412 0305 04       		.byte	0x4
 413 0306 5202     		.2byte	0x252
 414 0308 9A000000 		.4byte	0x9a
 415 030c 28       		.byte	0x28
 416 030d 0F       		.uleb128 0xf
 417 030e 4F040000 		.4byte	.LASF61
 418 0312 04       		.byte	0x4
 419 0313 5302     		.2byte	0x253
 420 0315 AC000000 		.4byte	0xac
 421 0319 2C       		.byte	0x2c
 422 031a 0F       		.uleb128 0xf
 423 031b 91030000 		.4byte	.LASF44
 424 031f 04       		.byte	0x4
 425 0320 5802     		.2byte	0x258
 426 0322 65020000 		.4byte	0x265
 427 0326 30       		.byte	0x30
 428 0327 0F       		.uleb128 0xf
 429 0328 01040000 		.4byte	.LASF62
 430 032c 04       		.byte	0x4
 431 032d 5B02     		.2byte	0x25b
 432 032f 9A000000 		.4byte	0x9a
 433 0333 34       		.byte	0x34
 434 0334 00       		.byte	0
 435 0335 09       		.uleb128 0x9
 436 0336 1F040000 		.4byte	.LASF63
 437 033a 04       		.byte	0x4
 438 033b 5E02     		.2byte	0x25e
 439 033d 71020000 		.4byte	0x271
 440 0341 10       		.uleb128 0x10
 441 0342 71010000 		.4byte	.LASF64
 442 0346 05       		.byte	0x5
 443 0347 7F       		.byte	0x7f
 444 0348 59020000 		.4byte	0x259
 445 034c 10       		.uleb128 0x10
 446 034d 39040000 		.4byte	.LASF65
 447 0351 06       		.byte	0x6
 448 0352 87       		.byte	0x87
 449 0353 35030000 		.4byte	0x335
 450 0357 11       		.uleb128 0x11
 451 0358 43415800 		.ascii	"CAX\000"
 452 035c 07       		.byte	0x7
 453 035d 0E       		.byte	0xe
 454 035e 8F000000 		.4byte	0x8f
 455 0362 05       		.uleb128 0x5
 456 0363 03       		.byte	0x3
ARM GAS  C:\Users\hima\AppData\Local\Temp\ccREzgFa.s 			page 9


 457 0364 00000000 		.4byte	CAX
 458 0368 11       		.uleb128 0x11
 459 0369 43415900 		.ascii	"CAY\000"
 460 036d 07       		.byte	0x7
 461 036e 0E       		.byte	0xe
 462 036f 8F000000 		.4byte	0x8f
 463 0373 05       		.uleb128 0x5
 464 0374 03       		.byte	0x3
 465 0375 00000000 		.4byte	CAY
 466 0379 11       		.uleb128 0x11
 467 037a 43415A00 		.ascii	"CAZ\000"
 468 037e 07       		.byte	0x7
 469 037f 0E       		.byte	0xe
 470 0380 8F000000 		.4byte	0x8f
 471 0384 05       		.uleb128 0x5
 472 0385 03       		.byte	0x3
 473 0386 00000000 		.4byte	CAZ
 474 038a 11       		.uleb128 0x11
 475 038b 43475800 		.ascii	"CGX\000"
 476 038f 07       		.byte	0x7
 477 0390 0F       		.byte	0xf
 478 0391 8F000000 		.4byte	0x8f
 479 0395 05       		.uleb128 0x5
 480 0396 03       		.byte	0x3
 481 0397 00000000 		.4byte	CGX
 482 039b 11       		.uleb128 0x11
 483 039c 43475900 		.ascii	"CGY\000"
 484 03a0 07       		.byte	0x7
 485 03a1 0F       		.byte	0xf
 486 03a2 8F000000 		.4byte	0x8f
 487 03a6 05       		.uleb128 0x5
 488 03a7 03       		.byte	0x3
 489 03a8 00000000 		.4byte	CGY
 490 03ac 11       		.uleb128 0x11
 491 03ad 43475A00 		.ascii	"CGZ\000"
 492 03b1 07       		.byte	0x7
 493 03b2 0F       		.byte	0xf
 494 03b3 8F000000 		.4byte	0x8f
 495 03b7 05       		.uleb128 0x5
 496 03b8 03       		.byte	0x3
 497 03b9 00000000 		.4byte	CGZ
 498 03bd 00       		.byte	0
 499              		.section	.debug_abbrev,"",%progbits
 500              	.Ldebug_abbrev0:
 501 0000 01       		.uleb128 0x1
 502 0001 11       		.uleb128 0x11
 503 0002 01       		.byte	0x1
 504 0003 25       		.uleb128 0x25
 505 0004 0E       		.uleb128 0xe
 506 0005 13       		.uleb128 0x13
 507 0006 0B       		.uleb128 0xb
 508 0007 03       		.uleb128 0x3
 509 0008 0E       		.uleb128 0xe
 510 0009 1B       		.uleb128 0x1b
 511 000a 0E       		.uleb128 0xe
 512 000b 10       		.uleb128 0x10
 513 000c 17       		.uleb128 0x17
ARM GAS  C:\Users\hima\AppData\Local\Temp\ccREzgFa.s 			page 10


 514 000d 00       		.byte	0
 515 000e 00       		.byte	0
 516 000f 02       		.uleb128 0x2
 517 0010 24       		.uleb128 0x24
 518 0011 00       		.byte	0
 519 0012 0B       		.uleb128 0xb
 520 0013 0B       		.uleb128 0xb
 521 0014 3E       		.uleb128 0x3e
 522 0015 0B       		.uleb128 0xb
 523 0016 03       		.uleb128 0x3
 524 0017 0E       		.uleb128 0xe
 525 0018 00       		.byte	0
 526 0019 00       		.byte	0
 527 001a 03       		.uleb128 0x3
 528 001b 16       		.uleb128 0x16
 529 001c 00       		.byte	0
 530 001d 03       		.uleb128 0x3
 531 001e 0E       		.uleb128 0xe
 532 001f 3A       		.uleb128 0x3a
 533 0020 0B       		.uleb128 0xb
 534 0021 3B       		.uleb128 0x3b
 535 0022 0B       		.uleb128 0xb
 536 0023 49       		.uleb128 0x49
 537 0024 13       		.uleb128 0x13
 538 0025 00       		.byte	0
 539 0026 00       		.byte	0
 540 0027 04       		.uleb128 0x4
 541 0028 24       		.uleb128 0x24
 542 0029 00       		.byte	0
 543 002a 0B       		.uleb128 0xb
 544 002b 0B       		.uleb128 0xb
 545 002c 3E       		.uleb128 0x3e
 546 002d 0B       		.uleb128 0xb
 547 002e 03       		.uleb128 0x3
 548 002f 08       		.uleb128 0x8
 549 0030 00       		.byte	0
 550 0031 00       		.byte	0
 551 0032 05       		.uleb128 0x5
 552 0033 35       		.uleb128 0x35
 553 0034 00       		.byte	0
 554 0035 49       		.uleb128 0x49
 555 0036 13       		.uleb128 0x13
 556 0037 00       		.byte	0
 557 0038 00       		.byte	0
 558 0039 06       		.uleb128 0x6
 559 003a 0F       		.uleb128 0xf
 560 003b 00       		.byte	0
 561 003c 0B       		.uleb128 0xb
 562 003d 0B       		.uleb128 0xb
 563 003e 00       		.byte	0
 564 003f 00       		.byte	0
 565 0040 07       		.uleb128 0x7
 566 0041 04       		.uleb128 0x4
 567 0042 01       		.byte	0x1
 568 0043 0B       		.uleb128 0xb
 569 0044 0B       		.uleb128 0xb
 570 0045 3A       		.uleb128 0x3a
ARM GAS  C:\Users\hima\AppData\Local\Temp\ccREzgFa.s 			page 11


 571 0046 0B       		.uleb128 0xb
 572 0047 3B       		.uleb128 0x3b
 573 0048 05       		.uleb128 0x5
 574 0049 01       		.uleb128 0x1
 575 004a 13       		.uleb128 0x13
 576 004b 00       		.byte	0
 577 004c 00       		.byte	0
 578 004d 08       		.uleb128 0x8
 579 004e 28       		.uleb128 0x28
 580 004f 00       		.byte	0
 581 0050 03       		.uleb128 0x3
 582 0051 0E       		.uleb128 0xe
 583 0052 1C       		.uleb128 0x1c
 584 0053 0D       		.uleb128 0xd
 585 0054 00       		.byte	0
 586 0055 00       		.byte	0
 587 0056 09       		.uleb128 0x9
 588 0057 16       		.uleb128 0x16
 589 0058 00       		.byte	0
 590 0059 03       		.uleb128 0x3
 591 005a 0E       		.uleb128 0xe
 592 005b 3A       		.uleb128 0x3a
 593 005c 0B       		.uleb128 0xb
 594 005d 3B       		.uleb128 0x3b
 595 005e 05       		.uleb128 0x5
 596 005f 49       		.uleb128 0x49
 597 0060 13       		.uleb128 0x13
 598 0061 00       		.byte	0
 599 0062 00       		.byte	0
 600 0063 0A       		.uleb128 0xa
 601 0064 0F       		.uleb128 0xf
 602 0065 00       		.byte	0
 603 0066 0B       		.uleb128 0xb
 604 0067 0B       		.uleb128 0xb
 605 0068 49       		.uleb128 0x49
 606 0069 13       		.uleb128 0x13
 607 006a 00       		.byte	0
 608 006b 00       		.byte	0
 609 006c 0B       		.uleb128 0xb
 610 006d 15       		.uleb128 0x15
 611 006e 01       		.byte	0x1
 612 006f 27       		.uleb128 0x27
 613 0070 19       		.uleb128 0x19
 614 0071 01       		.uleb128 0x1
 615 0072 13       		.uleb128 0x13
 616 0073 00       		.byte	0
 617 0074 00       		.byte	0
 618 0075 0C       		.uleb128 0xc
 619 0076 05       		.uleb128 0x5
 620 0077 00       		.byte	0
 621 0078 49       		.uleb128 0x49
 622 0079 13       		.uleb128 0x13
 623 007a 00       		.byte	0
 624 007b 00       		.byte	0
 625 007c 0D       		.uleb128 0xd
 626 007d 15       		.uleb128 0x15
 627 007e 01       		.byte	0x1
ARM GAS  C:\Users\hima\AppData\Local\Temp\ccREzgFa.s 			page 12


 628 007f 27       		.uleb128 0x27
 629 0080 19       		.uleb128 0x19
 630 0081 49       		.uleb128 0x49
 631 0082 13       		.uleb128 0x13
 632 0083 01       		.uleb128 0x1
 633 0084 13       		.uleb128 0x13
 634 0085 00       		.byte	0
 635 0086 00       		.byte	0
 636 0087 0E       		.uleb128 0xe
 637 0088 13       		.uleb128 0x13
 638 0089 01       		.byte	0x1
 639 008a 03       		.uleb128 0x3
 640 008b 0E       		.uleb128 0xe
 641 008c 0B       		.uleb128 0xb
 642 008d 0B       		.uleb128 0xb
 643 008e 3A       		.uleb128 0x3a
 644 008f 0B       		.uleb128 0xb
 645 0090 3B       		.uleb128 0x3b
 646 0091 05       		.uleb128 0x5
 647 0092 01       		.uleb128 0x1
 648 0093 13       		.uleb128 0x13
 649 0094 00       		.byte	0
 650 0095 00       		.byte	0
 651 0096 0F       		.uleb128 0xf
 652 0097 0D       		.uleb128 0xd
 653 0098 00       		.byte	0
 654 0099 03       		.uleb128 0x3
 655 009a 0E       		.uleb128 0xe
 656 009b 3A       		.uleb128 0x3a
 657 009c 0B       		.uleb128 0xb
 658 009d 3B       		.uleb128 0x3b
 659 009e 05       		.uleb128 0x5
 660 009f 49       		.uleb128 0x49
 661 00a0 13       		.uleb128 0x13
 662 00a1 38       		.uleb128 0x38
 663 00a2 0B       		.uleb128 0xb
 664 00a3 00       		.byte	0
 665 00a4 00       		.byte	0
 666 00a5 10       		.uleb128 0x10
 667 00a6 34       		.uleb128 0x34
 668 00a7 00       		.byte	0
 669 00a8 03       		.uleb128 0x3
 670 00a9 0E       		.uleb128 0xe
 671 00aa 3A       		.uleb128 0x3a
 672 00ab 0B       		.uleb128 0xb
 673 00ac 3B       		.uleb128 0x3b
 674 00ad 0B       		.uleb128 0xb
 675 00ae 49       		.uleb128 0x49
 676 00af 13       		.uleb128 0x13
 677 00b0 3F       		.uleb128 0x3f
 678 00b1 19       		.uleb128 0x19
 679 00b2 3C       		.uleb128 0x3c
 680 00b3 19       		.uleb128 0x19
 681 00b4 00       		.byte	0
 682 00b5 00       		.byte	0
 683 00b6 11       		.uleb128 0x11
 684 00b7 34       		.uleb128 0x34
ARM GAS  C:\Users\hima\AppData\Local\Temp\ccREzgFa.s 			page 13


 685 00b8 00       		.byte	0
 686 00b9 03       		.uleb128 0x3
 687 00ba 08       		.uleb128 0x8
 688 00bb 3A       		.uleb128 0x3a
 689 00bc 0B       		.uleb128 0xb
 690 00bd 3B       		.uleb128 0x3b
 691 00be 0B       		.uleb128 0xb
 692 00bf 49       		.uleb128 0x49
 693 00c0 13       		.uleb128 0x13
 694 00c1 3F       		.uleb128 0x3f
 695 00c2 19       		.uleb128 0x19
 696 00c3 02       		.uleb128 0x2
 697 00c4 18       		.uleb128 0x18
 698 00c5 00       		.byte	0
 699 00c6 00       		.byte	0
 700 00c7 00       		.byte	0
 701              		.section	.debug_aranges,"",%progbits
 702 0000 14000000 		.4byte	0x14
 703 0004 0200     		.2byte	0x2
 704 0006 00000000 		.4byte	.Ldebug_info0
 705 000a 04       		.byte	0x4
 706 000b 00       		.byte	0
 707 000c 0000     		.2byte	0
 708 000e 0000     		.2byte	0
 709 0010 00000000 		.4byte	0
 710 0014 00000000 		.4byte	0
 711              		.section	.debug_line,"",%progbits
 712              	.Ldebug_line0:
 713 0000 A0010000 		.section	.debug_str,"MS",%progbits,1
 713      02009A01 
 713      00000201 
 713      FB0E0D00 
 713      01010101 
 714              	.LASF34:
 715 0000 6D617374 		.ascii	"masterNumBytes\000"
 715      65724E75 
 715      6D427974 
 715      657300
 716              	.LASF33:
 717 000f 6D617374 		.ascii	"masterBufferIdx\000"
 717      65724275 
 717      66666572 
 717      49647800 
 718              	.LASF55:
 719 001f 72785269 		.ascii	"rxRingBufTail\000"
 719      6E674275 
 719      66546169 
 719      6C00
 720              	.LASF41:
 721 002d 736C6176 		.ascii	"slaveRxBuffer\000"
 721      65527842 
 721      75666665 
 721      7200
 722              	.LASF57:
 723 003b 72784275 		.ascii	"rxBufSize\000"
 723      6653697A 
 723      6500
ARM GAS  C:\Users\hima\AppData\Local\Temp\ccREzgFa.s 			page 14


 724              	.LASF27:
 725 0045 73746174 		.ascii	"state\000"
 725      6500
 726              	.LASF47:
 727 004b 63795F63 		.ascii	"cy_cb_scb_uart_handle_events_t\000"
 727      625F7363 
 727      625F7561 
 727      72745F68 
 727      616E646C 
 728              	.LASF4:
 729 006a 73686F72 		.ascii	"short int\000"
 729      7420696E 
 729      7400
 730              	.LASF15:
 731 0074 73697A65 		.ascii	"sizetype\000"
 731      74797065 
 731      00
 732              	.LASF66:
 733 007d 474E5520 		.ascii	"GNU C 4.9.3 20150303 (release) [ARM/embedded-4_9-br"
 733      4320342E 
 733      392E3320 
 733      32303135 
 733      30333033 
 734 00b0 616E6368 		.ascii	"anch revision 221220] -mcpu=cortex-m0plus -mthumb -"
 734      20726576 
 734      6973696F 
 734      6E203232 
 734      31323230 
 735 00e3 67202D4F 		.ascii	"g -Og -ffunction-sections -ffat-lto-objects\000"
 735      67202D66 
 735      66756E63 
 735      74696F6E 
 735      2D736563 
 736              	.LASF49:
 737 010f 63795F73 		.ascii	"cy_stc_scb_uart_context\000"
 737      74635F73 
 737      63625F75 
 737      6172745F 
 737      636F6E74 
 738              	.LASF40:
 739 0127 736C6176 		.ascii	"slaveTxBufferCnt\000"
 739      65547842 
 739      75666665 
 739      72436E74 
 739      00
 740              	.LASF67:
 741 0138 64617461 		.ascii	"data.c\000"
 741      2E6300
 742              	.LASF7:
 743 013f 5F5F7569 		.ascii	"__uint32_t\000"
 743      6E743332 
 743      5F7400
 744              	.LASF50:
 745 014a 74785374 		.ascii	"txStatus\000"
 745      61747573 
 745      00
 746              	.LASF58:
ARM GAS  C:\Users\hima\AppData\Local\Temp\ccREzgFa.s 			page 15


 747 0153 72784275 		.ascii	"rxBufIdx\000"
 747      66496478 
 747      00
 748              	.LASF31:
 749 015c 6D617374 		.ascii	"masterBuffer\000"
 749      65724275 
 749      66666572 
 749      00
 750              	.LASF12:
 751 0169 75696E74 		.ascii	"uint8_t\000"
 751      385F7400 
 752              	.LASF64:
 753 0171 4932435F 		.ascii	"I2C_MPU9250_context\000"
 753      4D505539 
 753      3235305F 
 753      636F6E74 
 753      65787400 
 754              	.LASF68:
 755 0185 433A5C55 		.ascii	"C:\\Users\\hima\\OneDrive - Cypress Semiconductor\\"
 755      73657273 
 755      5C68696D 
 755      615C4F6E 
 755      65447269 
 756 01b4 48696D61 		.ascii	"Hima\\MyCases\\Q1-18\\I2S PSoC6\\HA700_ver2\\HA700_"
 756      5C4D7943 
 756      61736573 
 756      5C51312D 
 756      31385C49 
 757 01e2 76657232 		.ascii	"ver2\\Design01.cydsn\000"
 757      5C446573 
 757      69676E30 
 757      312E6379 
 757      64736E00 
 758              	.LASF54:
 759 01f6 72785269 		.ascii	"rxRingBufHead\000"
 759      6E674275 
 759      66486561 
 759      6400
 760              	.LASF17:
 761 0204 666C6F61 		.ascii	"float\000"
 761      7400
 762              	.LASF26:
 763 020a 75736554 		.ascii	"useTxFifo\000"
 763      78466966 
 763      6F00
 764              	.LASF59:
 765 0214 74784275 		.ascii	"txBuf\000"
 765      6600
 766              	.LASF9:
 767 021a 6C6F6E67 		.ascii	"long long int\000"
 767      206C6F6E 
 767      6720696E 
 767      7400
 768              	.LASF16:
 769 0228 63686172 		.ascii	"char\000"
 769      00
 770              	.LASF42:
ARM GAS  C:\Users\hima\AppData\Local\Temp\ccREzgFa.s 			page 16


 771 022d 736C6176 		.ascii	"slaveRxBufferSize\000"
 771      65527842 
 771      75666665 
 771      7253697A 
 771      6500
 772              	.LASF53:
 773 023f 72785269 		.ascii	"rxRingBufSize\000"
 773      6E674275 
 773      6653697A 
 773      6500
 774              	.LASF30:
 775 024d 6D617374 		.ascii	"masterRdDir\000"
 775      65725264 
 775      44697200 
 776              	.LASF2:
 777 0259 5F5F7569 		.ascii	"__uint8_t\000"
 777      6E74385F 
 777      7400
 778              	.LASF43:
 779 0263 736C6176 		.ascii	"slaveRxBufferIdx\000"
 779      65527842 
 779      75666665 
 779      72496478 
 779      00
 780              	.LASF38:
 781 0274 736C6176 		.ascii	"slaveTxBufferSize\000"
 781      65547842 
 781      75666665 
 781      7253697A 
 781      6500
 782              	.LASF46:
 783 0286 63795F73 		.ascii	"cy_stc_scb_i2c_context_t\000"
 783      74635F73 
 783      63625F69 
 783      32635F63 
 783      6F6E7465 
 784              	.LASF51:
 785 029f 72785374 		.ascii	"rxStatus\000"
 785      61747573 
 785      00
 786              	.LASF1:
 787 02a8 756E7369 		.ascii	"unsigned char\000"
 787      676E6564 
 787      20636861 
 787      7200
 788              	.LASF52:
 789 02b6 72785269 		.ascii	"rxRingBuf\000"
 789      6E674275 
 789      6600
 790              	.LASF0:
 791 02c0 7369676E 		.ascii	"signed char\000"
 791      65642063 
 791      68617200 
 792              	.LASF32:
 793 02cc 6D617374 		.ascii	"masterBufferSize\000"
 793      65724275 
 793      66666572 
ARM GAS  C:\Users\hima\AppData\Local\Temp\ccREzgFa.s 			page 17


 793      53697A65 
 793      00
 794              	.LASF10:
 795 02dd 6C6F6E67 		.ascii	"long long unsigned int\000"
 795      206C6F6E 
 795      6720756E 
 795      7369676E 
 795      65642069 
 796              	.LASF14:
 797 02f4 75696E74 		.ascii	"uint32_t\000"
 797      33325F74 
 797      00
 798              	.LASF23:
 799 02fd 63795F63 		.ascii	"cy_cb_scb_i2c_handle_events_t\000"
 799      625F7363 
 799      625F6932 
 799      635F6861 
 799      6E646C65 
 800              	.LASF11:
 801 031b 756E7369 		.ascii	"unsigned int\000"
 801      676E6564 
 801      20696E74 
 801      00
 802              	.LASF22:
 803 0328 63795F65 		.ascii	"cy_en_scb_i2c_command_t\000"
 803      6E5F7363 
 803      625F6932 
 803      635F636F 
 803      6D6D616E 
 804              	.LASF8:
 805 0340 6C6F6E67 		.ascii	"long unsigned int\000"
 805      20756E73 
 805      69676E65 
 805      6420696E 
 805      7400
 806              	.LASF60:
 807 0352 74784275 		.ascii	"txBufSize\000"
 807      6653697A 
 807      6500
 808              	.LASF5:
 809 035c 73686F72 		.ascii	"short unsigned int\000"
 809      7420756E 
 809      7369676E 
 809      65642069 
 809      6E7400
 810              	.LASF56:
 811 036f 72784275 		.ascii	"rxBuf\000"
 811      6600
 812              	.LASF24:
 813 0375 63795F63 		.ascii	"cy_cb_scb_i2c_handle_addr_t\000"
 813      625F7363 
 813      625F6932 
 813      635F6861 
 813      6E646C65 
 814              	.LASF44:
 815 0391 63624576 		.ascii	"cbEvents\000"
 815      656E7473 
ARM GAS  C:\Users\hima\AppData\Local\Temp\ccREzgFa.s 			page 18


 815      00
 816              	.LASF28:
 817 039a 6D617374 		.ascii	"masterStatus\000"
 817      65725374 
 817      61747573 
 817      00
 818              	.LASF13:
 819 03a7 696E7431 		.ascii	"int16_t\000"
 819      365F7400 
 820              	.LASF19:
 821 03af 5F426F6F 		.ascii	"_Bool\000"
 821      6C00
 822              	.LASF21:
 823 03b5 43595F53 		.ascii	"CY_SCB_I2C_NAK\000"
 823      43425F49 
 823      32435F4E 
 823      414B00
 824              	.LASF18:
 825 03c4 646F7562 		.ascii	"double\000"
 825      6C6500
 826              	.LASF35:
 827 03cb 736C6176 		.ascii	"slaveStatus\000"
 827      65537461 
 827      74757300 
 828              	.LASF20:
 829 03d7 43595F53 		.ascii	"CY_SCB_I2C_ACK\000"
 829      43425F49 
 829      32435F41 
 829      434B00
 830              	.LASF39:
 831 03e6 736C6176 		.ascii	"slaveTxBufferIdx\000"
 831      65547842 
 831      75666665 
 831      72496478 
 831      00
 832              	.LASF25:
 833 03f7 75736552 		.ascii	"useRxFifo\000"
 833      78466966 
 833      6F00
 834              	.LASF62:
 835 0401 696E6974 		.ascii	"initKey\000"
 835      4B657900 
 836              	.LASF3:
 837 0409 5F5F696E 		.ascii	"__int16_t\000"
 837      7431365F 
 837      7400
 838              	.LASF29:
 839 0413 6D617374 		.ascii	"masterPause\000"
 839      65725061 
 839      75736500 
 840              	.LASF63:
 841 041f 63795F73 		.ascii	"cy_stc_scb_uart_context_t\000"
 841      74635F73 
 841      63625F75 
 841      6172745F 
 841      636F6E74 
 842              	.LASF65:
ARM GAS  C:\Users\hima\AppData\Local\Temp\ccREzgFa.s 			page 19


 843 0439 55415254 		.ascii	"UART_context\000"
 843      5F636F6E 
 843      74657874 
 843      00
 844              	.LASF6:
 845 0446 6C6F6E67 		.ascii	"long int\000"
 845      20696E74 
 845      00
 846              	.LASF61:
 847 044f 74784C65 		.ascii	"txLeftToTransmit\000"
 847      6674546F 
 847      5472616E 
 847      736D6974 
 847      00
 848              	.LASF45:
 849 0460 63624164 		.ascii	"cbAddr\000"
 849      647200
 850              	.LASF36:
 851 0467 736C6176 		.ascii	"slaveRdBufEmpty\000"
 851      65526442 
 851      7566456D 
 851      70747900 
 852              	.LASF48:
 853 0477 63795F73 		.ascii	"cy_stc_scb_i2c_context\000"
 853      74635F73 
 853      63625F69 
 853      32635F63 
 853      6F6E7465 
 854              	.LASF37:
 855 048e 736C6176 		.ascii	"slaveTxBuffer\000"
 855      65547842 
 855      75666665 
 855      7200
 856              		.ident	"GCC: (GNU Tools for ARM Embedded Processors) 4.9.3 20150303 (release) [ARM/embedded-4_9-br
