ARM GAS  C:\Users\Vishwas\AppData\Local\Temp\ccIuShwj.s 			page 1


   1              		.syntax unified
   2              		.cpu cortex-m0plus
   3              		.fpu softvfp
   4              		.eabi_attribute 20, 1
   5              		.eabi_attribute 21, 1
   6              		.eabi_attribute 23, 3
   7              		.eabi_attribute 24, 1
   8              		.eabi_attribute 25, 1
   9              		.eabi_attribute 26, 1
  10              		.eabi_attribute 30, 1
  11              		.eabi_attribute 34, 0
  12              		.eabi_attribute 18, 4
  13              		.thumb
  14              		.syntax unified
  15              		.file	"main_cm0p.c"
  16              		.text
  17              	.Ltext0:
  18              		.cfi_sections	.debug_frame
  19              		.section	.text.main,"ax",%progbits
  20              		.align	2
  21              		.global	main
  22              		.code	16
  23              		.thumb_func
  24              		.type	main, %function
  25              	main:
  26              	.LFB420:
  27              		.file 1 "main_cm0p.c"
   1:main_cm0p.c   **** /* ========================================
   2:main_cm0p.c   ****  *
   3:main_cm0p.c   ****  * Copyright YOUR COMPANY, THE YEAR
   4:main_cm0p.c   ****  * All Rights Reserved
   5:main_cm0p.c   ****  * UNPUBLISHED, LICENSED SOFTWARE.
   6:main_cm0p.c   ****  *
   7:main_cm0p.c   ****  * CONFIDENTIAL AND PROPRIETARY INFORMATION
   8:main_cm0p.c   ****  * WHICH IS THE PROPERTY OF your company.
   9:main_cm0p.c   ****  *
  10:main_cm0p.c   ****  * ========================================
  11:main_cm0p.c   **** */
  12:main_cm0p.c   **** #include "project.h"
  13:main_cm0p.c   **** 
  14:main_cm0p.c   **** int main(void)
  15:main_cm0p.c   **** {
  28              		.loc 1 15 0
  29              		.cfi_startproc
  30              		@ Volatile: function does not return.
  31              		@ args = 0, pretend = 0, frame = 0
  32              		@ frame_needed = 0, uses_anonymous_args = 0
  33 0000 10B5     		push	{r4, lr}
  34              		.cfi_def_cfa_offset 8
  35              		.cfi_offset 4, -8
  36              		.cfi_offset 14, -4
  37              	.LBB4:
  38              	.LBB5:
  39              		.file 2 "Generated_Source\\PSoC6\\pdl\\cmsis/include/cmsis_gcc.h"
   1:Generated_Source\PSoC6\pdl\cmsis/include/cmsis_gcc.h **** /**************************************************************************//**
   2:Generated_Source\PSoC6\pdl\cmsis/include/cmsis_gcc.h ****  * @file     cmsis_gcc.h
   3:Generated_Source\PSoC6\pdl\cmsis/include/cmsis_gcc.h ****  * @brief    CMSIS compiler GCC header file
ARM GAS  C:\Users\Vishwas\AppData\Local\Temp\ccIuShwj.s 			page 2


   4:Generated_Source\PSoC6\pdl\cmsis/include/cmsis_gcc.h ****  * @version  V5.0.3
   5:Generated_Source\PSoC6\pdl\cmsis/include/cmsis_gcc.h ****  * @date     16. January 2018
   6:Generated_Source\PSoC6\pdl\cmsis/include/cmsis_gcc.h ****  ******************************************************************************/
   7:Generated_Source\PSoC6\pdl\cmsis/include/cmsis_gcc.h **** /*
   8:Generated_Source\PSoC6\pdl\cmsis/include/cmsis_gcc.h ****  * Copyright (c) 2009-2017 ARM Limited. All rights reserved.
   9:Generated_Source\PSoC6\pdl\cmsis/include/cmsis_gcc.h ****  *
  10:Generated_Source\PSoC6\pdl\cmsis/include/cmsis_gcc.h ****  * SPDX-License-Identifier: Apache-2.0
  11:Generated_Source\PSoC6\pdl\cmsis/include/cmsis_gcc.h ****  *
  12:Generated_Source\PSoC6\pdl\cmsis/include/cmsis_gcc.h ****  * Licensed under the Apache License, Version 2.0 (the License); you may
  13:Generated_Source\PSoC6\pdl\cmsis/include/cmsis_gcc.h ****  * not use this file except in compliance with the License.
  14:Generated_Source\PSoC6\pdl\cmsis/include/cmsis_gcc.h ****  * You may obtain a copy of the License at
  15:Generated_Source\PSoC6\pdl\cmsis/include/cmsis_gcc.h ****  *
  16:Generated_Source\PSoC6\pdl\cmsis/include/cmsis_gcc.h ****  * www.apache.org/licenses/LICENSE-2.0
  17:Generated_Source\PSoC6\pdl\cmsis/include/cmsis_gcc.h ****  *
  18:Generated_Source\PSoC6\pdl\cmsis/include/cmsis_gcc.h ****  * Unless required by applicable law or agreed to in writing, software
  19:Generated_Source\PSoC6\pdl\cmsis/include/cmsis_gcc.h ****  * distributed under the License is distributed on an AS IS BASIS, WITHOUT
  20:Generated_Source\PSoC6\pdl\cmsis/include/cmsis_gcc.h ****  * WARRANTIES OR CONDITIONS OF ANY KIND, either express or implied.
  21:Generated_Source\PSoC6\pdl\cmsis/include/cmsis_gcc.h ****  * See the License for the specific language governing permissions and
  22:Generated_Source\PSoC6\pdl\cmsis/include/cmsis_gcc.h ****  * limitations under the License.
  23:Generated_Source\PSoC6\pdl\cmsis/include/cmsis_gcc.h ****  */
  24:Generated_Source\PSoC6\pdl\cmsis/include/cmsis_gcc.h **** 
  25:Generated_Source\PSoC6\pdl\cmsis/include/cmsis_gcc.h **** #ifndef __CMSIS_GCC_H
  26:Generated_Source\PSoC6\pdl\cmsis/include/cmsis_gcc.h **** #define __CMSIS_GCC_H
  27:Generated_Source\PSoC6\pdl\cmsis/include/cmsis_gcc.h **** 
  28:Generated_Source\PSoC6\pdl\cmsis/include/cmsis_gcc.h **** /* ignore some GCC warnings */
  29:Generated_Source\PSoC6\pdl\cmsis/include/cmsis_gcc.h **** #pragma GCC diagnostic push
  30:Generated_Source\PSoC6\pdl\cmsis/include/cmsis_gcc.h **** #pragma GCC diagnostic ignored "-Wsign-conversion"
  31:Generated_Source\PSoC6\pdl\cmsis/include/cmsis_gcc.h **** #pragma GCC diagnostic ignored "-Wconversion"
  32:Generated_Source\PSoC6\pdl\cmsis/include/cmsis_gcc.h **** #pragma GCC diagnostic ignored "-Wunused-parameter"
  33:Generated_Source\PSoC6\pdl\cmsis/include/cmsis_gcc.h **** 
  34:Generated_Source\PSoC6\pdl\cmsis/include/cmsis_gcc.h **** /* Fallback for __has_builtin */
  35:Generated_Source\PSoC6\pdl\cmsis/include/cmsis_gcc.h **** #ifndef __has_builtin
  36:Generated_Source\PSoC6\pdl\cmsis/include/cmsis_gcc.h ****   #define __has_builtin(x) (0)
  37:Generated_Source\PSoC6\pdl\cmsis/include/cmsis_gcc.h **** #endif
  38:Generated_Source\PSoC6\pdl\cmsis/include/cmsis_gcc.h **** 
  39:Generated_Source\PSoC6\pdl\cmsis/include/cmsis_gcc.h **** /* CMSIS compiler specific defines */
  40:Generated_Source\PSoC6\pdl\cmsis/include/cmsis_gcc.h **** #ifndef   __ASM
  41:Generated_Source\PSoC6\pdl\cmsis/include/cmsis_gcc.h ****   #define __ASM                                  __asm
  42:Generated_Source\PSoC6\pdl\cmsis/include/cmsis_gcc.h **** #endif
  43:Generated_Source\PSoC6\pdl\cmsis/include/cmsis_gcc.h **** #ifndef   __INLINE
  44:Generated_Source\PSoC6\pdl\cmsis/include/cmsis_gcc.h ****   #define __INLINE                               inline
  45:Generated_Source\PSoC6\pdl\cmsis/include/cmsis_gcc.h **** #endif
  46:Generated_Source\PSoC6\pdl\cmsis/include/cmsis_gcc.h **** #ifndef   __STATIC_INLINE
  47:Generated_Source\PSoC6\pdl\cmsis/include/cmsis_gcc.h ****   #define __STATIC_INLINE                        static inline
  48:Generated_Source\PSoC6\pdl\cmsis/include/cmsis_gcc.h **** #endif
  49:Generated_Source\PSoC6\pdl\cmsis/include/cmsis_gcc.h **** #ifndef   __STATIC_FORCEINLINE                 
  50:Generated_Source\PSoC6\pdl\cmsis/include/cmsis_gcc.h ****   #define __STATIC_FORCEINLINE                   __attribute__((always_inline)) static inline
  51:Generated_Source\PSoC6\pdl\cmsis/include/cmsis_gcc.h **** #endif                                           
  52:Generated_Source\PSoC6\pdl\cmsis/include/cmsis_gcc.h **** #ifndef   __NO_RETURN
  53:Generated_Source\PSoC6\pdl\cmsis/include/cmsis_gcc.h ****   #define __NO_RETURN                            __attribute__((__noreturn__))
  54:Generated_Source\PSoC6\pdl\cmsis/include/cmsis_gcc.h **** #endif
  55:Generated_Source\PSoC6\pdl\cmsis/include/cmsis_gcc.h **** #ifndef   __USED
  56:Generated_Source\PSoC6\pdl\cmsis/include/cmsis_gcc.h ****   #define __USED                                 __attribute__((used))
  57:Generated_Source\PSoC6\pdl\cmsis/include/cmsis_gcc.h **** #endif
  58:Generated_Source\PSoC6\pdl\cmsis/include/cmsis_gcc.h **** #ifndef   __WEAK
  59:Generated_Source\PSoC6\pdl\cmsis/include/cmsis_gcc.h ****   #define __WEAK                                 __attribute__((weak))
  60:Generated_Source\PSoC6\pdl\cmsis/include/cmsis_gcc.h **** #endif
ARM GAS  C:\Users\Vishwas\AppData\Local\Temp\ccIuShwj.s 			page 3


  61:Generated_Source\PSoC6\pdl\cmsis/include/cmsis_gcc.h **** #ifndef   __PACKED
  62:Generated_Source\PSoC6\pdl\cmsis/include/cmsis_gcc.h ****   #define __PACKED                               __attribute__((packed, aligned(1)))
  63:Generated_Source\PSoC6\pdl\cmsis/include/cmsis_gcc.h **** #endif
  64:Generated_Source\PSoC6\pdl\cmsis/include/cmsis_gcc.h **** #ifndef   __PACKED_STRUCT
  65:Generated_Source\PSoC6\pdl\cmsis/include/cmsis_gcc.h ****   #define __PACKED_STRUCT                        struct __attribute__((packed, aligned(1)))
  66:Generated_Source\PSoC6\pdl\cmsis/include/cmsis_gcc.h **** #endif
  67:Generated_Source\PSoC6\pdl\cmsis/include/cmsis_gcc.h **** #ifndef   __PACKED_UNION
  68:Generated_Source\PSoC6\pdl\cmsis/include/cmsis_gcc.h ****   #define __PACKED_UNION                         union __attribute__((packed, aligned(1)))
  69:Generated_Source\PSoC6\pdl\cmsis/include/cmsis_gcc.h **** #endif
  70:Generated_Source\PSoC6\pdl\cmsis/include/cmsis_gcc.h **** #ifndef   __UNALIGNED_UINT32        /* deprecated */
  71:Generated_Source\PSoC6\pdl\cmsis/include/cmsis_gcc.h ****   #pragma GCC diagnostic push
  72:Generated_Source\PSoC6\pdl\cmsis/include/cmsis_gcc.h ****   #pragma GCC diagnostic ignored "-Wpacked"
  73:Generated_Source\PSoC6\pdl\cmsis/include/cmsis_gcc.h ****   #pragma GCC diagnostic ignored "-Wattributes"
  74:Generated_Source\PSoC6\pdl\cmsis/include/cmsis_gcc.h ****   struct __attribute__((packed)) T_UINT32 { uint32_t v; };
  75:Generated_Source\PSoC6\pdl\cmsis/include/cmsis_gcc.h ****   #pragma GCC diagnostic pop
  76:Generated_Source\PSoC6\pdl\cmsis/include/cmsis_gcc.h ****   #define __UNALIGNED_UINT32(x)                  (((struct T_UINT32 *)(x))->v)
  77:Generated_Source\PSoC6\pdl\cmsis/include/cmsis_gcc.h **** #endif
  78:Generated_Source\PSoC6\pdl\cmsis/include/cmsis_gcc.h **** #ifndef   __UNALIGNED_UINT16_WRITE
  79:Generated_Source\PSoC6\pdl\cmsis/include/cmsis_gcc.h ****   #pragma GCC diagnostic push
  80:Generated_Source\PSoC6\pdl\cmsis/include/cmsis_gcc.h ****   #pragma GCC diagnostic ignored "-Wpacked"
  81:Generated_Source\PSoC6\pdl\cmsis/include/cmsis_gcc.h ****   #pragma GCC diagnostic ignored "-Wattributes"
  82:Generated_Source\PSoC6\pdl\cmsis/include/cmsis_gcc.h ****   __PACKED_STRUCT T_UINT16_WRITE { uint16_t v; };
  83:Generated_Source\PSoC6\pdl\cmsis/include/cmsis_gcc.h ****   #pragma GCC diagnostic pop
  84:Generated_Source\PSoC6\pdl\cmsis/include/cmsis_gcc.h ****   #define __UNALIGNED_UINT16_WRITE(addr, val)    (void)((((struct T_UINT16_WRITE *)(void *)(addr))-
  85:Generated_Source\PSoC6\pdl\cmsis/include/cmsis_gcc.h **** #endif
  86:Generated_Source\PSoC6\pdl\cmsis/include/cmsis_gcc.h **** #ifndef   __UNALIGNED_UINT16_READ
  87:Generated_Source\PSoC6\pdl\cmsis/include/cmsis_gcc.h ****   #pragma GCC diagnostic push
  88:Generated_Source\PSoC6\pdl\cmsis/include/cmsis_gcc.h ****   #pragma GCC diagnostic ignored "-Wpacked"
  89:Generated_Source\PSoC6\pdl\cmsis/include/cmsis_gcc.h ****   #pragma GCC diagnostic ignored "-Wattributes"
  90:Generated_Source\PSoC6\pdl\cmsis/include/cmsis_gcc.h ****   __PACKED_STRUCT T_UINT16_READ { uint16_t v; };
  91:Generated_Source\PSoC6\pdl\cmsis/include/cmsis_gcc.h ****   #pragma GCC diagnostic pop
  92:Generated_Source\PSoC6\pdl\cmsis/include/cmsis_gcc.h ****   #define __UNALIGNED_UINT16_READ(addr)          (((const struct T_UINT16_READ *)(const void *)(add
  93:Generated_Source\PSoC6\pdl\cmsis/include/cmsis_gcc.h **** #endif
  94:Generated_Source\PSoC6\pdl\cmsis/include/cmsis_gcc.h **** #ifndef   __UNALIGNED_UINT32_WRITE
  95:Generated_Source\PSoC6\pdl\cmsis/include/cmsis_gcc.h ****   #pragma GCC diagnostic push
  96:Generated_Source\PSoC6\pdl\cmsis/include/cmsis_gcc.h ****   #pragma GCC diagnostic ignored "-Wpacked"
  97:Generated_Source\PSoC6\pdl\cmsis/include/cmsis_gcc.h ****   #pragma GCC diagnostic ignored "-Wattributes"
  98:Generated_Source\PSoC6\pdl\cmsis/include/cmsis_gcc.h ****   __PACKED_STRUCT T_UINT32_WRITE { uint32_t v; };
  99:Generated_Source\PSoC6\pdl\cmsis/include/cmsis_gcc.h ****   #pragma GCC diagnostic pop
 100:Generated_Source\PSoC6\pdl\cmsis/include/cmsis_gcc.h ****   #define __UNALIGNED_UINT32_WRITE(addr, val)    (void)((((struct T_UINT32_WRITE *)(void *)(addr))-
 101:Generated_Source\PSoC6\pdl\cmsis/include/cmsis_gcc.h **** #endif
 102:Generated_Source\PSoC6\pdl\cmsis/include/cmsis_gcc.h **** #ifndef   __UNALIGNED_UINT32_READ
 103:Generated_Source\PSoC6\pdl\cmsis/include/cmsis_gcc.h ****   #pragma GCC diagnostic push
 104:Generated_Source\PSoC6\pdl\cmsis/include/cmsis_gcc.h ****   #pragma GCC diagnostic ignored "-Wpacked"
 105:Generated_Source\PSoC6\pdl\cmsis/include/cmsis_gcc.h ****   #pragma GCC diagnostic ignored "-Wattributes"
 106:Generated_Source\PSoC6\pdl\cmsis/include/cmsis_gcc.h ****   __PACKED_STRUCT T_UINT32_READ { uint32_t v; };
 107:Generated_Source\PSoC6\pdl\cmsis/include/cmsis_gcc.h ****   #pragma GCC diagnostic pop
 108:Generated_Source\PSoC6\pdl\cmsis/include/cmsis_gcc.h ****   #define __UNALIGNED_UINT32_READ(addr)          (((const struct T_UINT32_READ *)(const void *)(add
 109:Generated_Source\PSoC6\pdl\cmsis/include/cmsis_gcc.h **** #endif
 110:Generated_Source\PSoC6\pdl\cmsis/include/cmsis_gcc.h **** #ifndef   __ALIGNED
 111:Generated_Source\PSoC6\pdl\cmsis/include/cmsis_gcc.h ****   #define __ALIGNED(x)                           __attribute__((aligned(x)))
 112:Generated_Source\PSoC6\pdl\cmsis/include/cmsis_gcc.h **** #endif
 113:Generated_Source\PSoC6\pdl\cmsis/include/cmsis_gcc.h **** #ifndef   __RESTRICT
 114:Generated_Source\PSoC6\pdl\cmsis/include/cmsis_gcc.h ****   #define __RESTRICT                             __restrict
 115:Generated_Source\PSoC6\pdl\cmsis/include/cmsis_gcc.h **** #endif
 116:Generated_Source\PSoC6\pdl\cmsis/include/cmsis_gcc.h **** 
 117:Generated_Source\PSoC6\pdl\cmsis/include/cmsis_gcc.h **** 
ARM GAS  C:\Users\Vishwas\AppData\Local\Temp\ccIuShwj.s 			page 4


 118:Generated_Source\PSoC6\pdl\cmsis/include/cmsis_gcc.h **** /* ###########################  Core Function Access  ########################### */
 119:Generated_Source\PSoC6\pdl\cmsis/include/cmsis_gcc.h **** /** \ingroup  CMSIS_Core_FunctionInterface
 120:Generated_Source\PSoC6\pdl\cmsis/include/cmsis_gcc.h ****     \defgroup CMSIS_Core_RegAccFunctions CMSIS Core Register Access Functions
 121:Generated_Source\PSoC6\pdl\cmsis/include/cmsis_gcc.h ****   @{
 122:Generated_Source\PSoC6\pdl\cmsis/include/cmsis_gcc.h ****  */
 123:Generated_Source\PSoC6\pdl\cmsis/include/cmsis_gcc.h **** 
 124:Generated_Source\PSoC6\pdl\cmsis/include/cmsis_gcc.h **** /**
 125:Generated_Source\PSoC6\pdl\cmsis/include/cmsis_gcc.h ****   \brief   Enable IRQ Interrupts
 126:Generated_Source\PSoC6\pdl\cmsis/include/cmsis_gcc.h ****   \details Enables IRQ interrupts by clearing the I-bit in the CPSR.
 127:Generated_Source\PSoC6\pdl\cmsis/include/cmsis_gcc.h ****            Can only be executed in Privileged modes.
 128:Generated_Source\PSoC6\pdl\cmsis/include/cmsis_gcc.h ****  */
 129:Generated_Source\PSoC6\pdl\cmsis/include/cmsis_gcc.h **** __STATIC_FORCEINLINE void __enable_irq(void)
 130:Generated_Source\PSoC6\pdl\cmsis/include/cmsis_gcc.h **** {
 131:Generated_Source\PSoC6\pdl\cmsis/include/cmsis_gcc.h ****   __ASM volatile ("cpsie i" : : : "memory");
  40              		.loc 2 131 0
  41              		.syntax divided
  42              	@ 131 "Generated_Source\PSoC6\pdl\cmsis/include/cmsis_gcc.h" 1
  43 0002 62B6     		cpsie i
  44              	@ 0 "" 2
  45              		.thumb
  46              		.syntax unified
  47              	.LBE5:
  48              	.LBE4:
  16:main_cm0p.c   ****     __enable_irq(); /* Enable global interrupts. */
  17:main_cm0p.c   ****     /* Enable CM4.  CY_CORTEX_M4_APPL_ADDR must be updated if CM4 memory layout is changed. */
  18:main_cm0p.c   ****     Cy_SysEnableCM4(CY_CORTEX_M4_APPL_ADDR); 
  49              		.loc 1 18 0
  50 0004 0148     		ldr	r0, .L3
  51 0006 FFF7FEFF 		bl	Cy_SysEnableCM4
  52              	.LVL0:
  53              	.L2:
  54 000a FEE7     		b	.L2
  55              	.L4:
  56              		.align	2
  57              	.L3:
  58 000c 00000810 		.word	268959744
  59              		.cfi_endproc
  60              	.LFE420:
  61              		.size	main, .-main
  62              		.text
  63              	.Letext0:
  64              		.file 3 "c:\\program files (x86)\\gnu tools arm embedded\\5.4 2016q3\\arm-none-eabi\\include\\mach
  65              		.file 4 "c:\\program files (x86)\\gnu tools arm embedded\\5.4 2016q3\\arm-none-eabi\\include\\sys\
  66              		.file 5 "Generated_Source\\PSoC6\\pdl\\drivers/peripheral/device/cy_device.h"
  67              		.file 6 "Generated_Source\\PSoC6\\pdl\\drivers/peripheral/scb/cy_scb_i2c.h"
  68              		.file 7 "Generated_Source\\PSoC6\\pdl\\drivers/peripheral/scb/cy_scb_uart.h"
  69              		.file 8 "Generated_Source\\PSoC6/I2C_MPU6050.h"
  70              		.file 9 "Generated_Source\\PSoC6/UART.h"
  71              		.file 10 "./system_psoc6.h"
  72              		.section	.debug_info,"",%progbits
  73              	.Ldebug_info0:
  74 0000 FF070000 		.4byte	0x7ff
  75 0004 0400     		.2byte	0x4
  76 0006 00000000 		.4byte	.Ldebug_abbrev0
  77 000a 04       		.byte	0x4
  78 000b 01       		.uleb128 0x1
  79 000c B2070000 		.4byte	.LASF157
ARM GAS  C:\Users\Vishwas\AppData\Local\Temp\ccIuShwj.s 			page 5


  80 0010 0C       		.byte	0xc
  81 0011 7A000000 		.4byte	.LASF158
  82 0015 8B050000 		.4byte	.LASF159
  83 0019 00000000 		.4byte	.Ldebug_ranges0+0
  84 001d 00000000 		.4byte	0
  85 0021 00000000 		.4byte	.Ldebug_line0
  86 0025 02       		.uleb128 0x2
  87 0026 02       		.byte	0x2
  88 0027 05       		.byte	0x5
  89 0028 DE060000 		.4byte	.LASF0
  90 002c 02       		.uleb128 0x2
  91 002d 01       		.byte	0x1
  92 002e 08       		.byte	0x8
  93 002f BC060000 		.4byte	.LASF1
  94 0033 02       		.uleb128 0x2
  95 0034 01       		.byte	0x1
  96 0035 06       		.byte	0x6
  97 0036 AD010000 		.4byte	.LASF2
  98 003a 03       		.uleb128 0x3
  99 003b 94000000 		.4byte	.LASF3
 100 003f 03       		.byte	0x3
 101 0040 1D       		.byte	0x1d
 102 0041 2C000000 		.4byte	0x2c
 103 0045 03       		.uleb128 0x3
 104 0046 1C030000 		.4byte	.LASF4
 105 004a 03       		.byte	0x3
 106 004b 29       		.byte	0x29
 107 004c 25000000 		.4byte	0x25
 108 0050 03       		.uleb128 0x3
 109 0051 44080000 		.4byte	.LASF5
 110 0055 03       		.byte	0x3
 111 0056 2B       		.byte	0x2b
 112 0057 5B000000 		.4byte	0x5b
 113 005b 02       		.uleb128 0x2
 114 005c 02       		.byte	0x2
 115 005d 07       		.byte	0x7
 116 005e B1080000 		.4byte	.LASF6
 117 0062 02       		.uleb128 0x2
 118 0063 04       		.byte	0x4
 119 0064 05       		.byte	0x5
 120 0065 46020000 		.4byte	.LASF7
 121 0069 03       		.uleb128 0x3
 122 006a 01030000 		.4byte	.LASF8
 123 006e 03       		.byte	0x3
 124 006f 41       		.byte	0x41
 125 0070 74000000 		.4byte	0x74
 126 0074 02       		.uleb128 0x2
 127 0075 04       		.byte	0x4
 128 0076 07       		.byte	0x7
 129 0077 CB030000 		.4byte	.LASF9
 130 007b 02       		.uleb128 0x2
 131 007c 08       		.byte	0x8
 132 007d 05       		.byte	0x5
 133 007e 9F010000 		.4byte	.LASF10
 134 0082 02       		.uleb128 0x2
 135 0083 08       		.byte	0x8
 136 0084 07       		.byte	0x7
ARM GAS  C:\Users\Vishwas\AppData\Local\Temp\ccIuShwj.s 			page 6


 137 0085 EF000000 		.4byte	.LASF11
 138 0089 04       		.uleb128 0x4
 139 008a 04       		.byte	0x4
 140 008b 05       		.byte	0x5
 141 008c 696E7400 		.ascii	"int\000"
 142 0090 02       		.uleb128 0x2
 143 0091 04       		.byte	0x4
 144 0092 07       		.byte	0x7
 145 0093 6E030000 		.4byte	.LASF12
 146 0097 03       		.uleb128 0x3
 147 0098 96090000 		.4byte	.LASF13
 148 009c 04       		.byte	0x4
 149 009d 18       		.byte	0x18
 150 009e 3A000000 		.4byte	0x3a
 151 00a2 03       		.uleb128 0x3
 152 00a3 97010000 		.4byte	.LASF14
 153 00a7 04       		.byte	0x4
 154 00a8 20       		.byte	0x20
 155 00a9 45000000 		.4byte	0x45
 156 00ad 03       		.uleb128 0x3
 157 00ae 8C030000 		.4byte	.LASF15
 158 00b2 04       		.byte	0x4
 159 00b3 24       		.byte	0x24
 160 00b4 50000000 		.4byte	0x50
 161 00b8 03       		.uleb128 0x3
 162 00b9 65070000 		.4byte	.LASF16
 163 00bd 04       		.byte	0x4
 164 00be 30       		.byte	0x30
 165 00bf 69000000 		.4byte	0x69
 166 00c3 02       		.uleb128 0x2
 167 00c4 04       		.byte	0x4
 168 00c5 07       		.byte	0x7
 169 00c6 31050000 		.4byte	.LASF17
 170 00ca 05       		.uleb128 0x5
 171 00cb B8000000 		.4byte	0xb8
 172 00cf 02       		.uleb128 0x2
 173 00d0 08       		.byte	0x8
 174 00d1 04       		.byte	0x4
 175 00d2 87070000 		.4byte	.LASF18
 176 00d6 06       		.uleb128 0x6
 177 00d7 B8       		.byte	0xb8
 178 00d8 05       		.byte	0x5
 179 00d9 34       		.byte	0x34
 180 00da E7040000 		.4byte	0x4e7
 181 00de 07       		.uleb128 0x7
 182 00df D6000000 		.4byte	.LASF19
 183 00e3 05       		.byte	0x5
 184 00e4 37       		.byte	0x37
 185 00e5 B8000000 		.4byte	0xb8
 186 00e9 00       		.byte	0
 187 00ea 07       		.uleb128 0x7
 188 00eb F6020000 		.4byte	.LASF20
 189 00ef 05       		.byte	0x5
 190 00f0 38       		.byte	0x38
 191 00f1 B8000000 		.4byte	0xb8
 192 00f5 04       		.byte	0x4
 193 00f6 07       		.uleb128 0x7
ARM GAS  C:\Users\Vishwas\AppData\Local\Temp\ccIuShwj.s 			page 7


 194 00f7 78020000 		.4byte	.LASF21
 195 00fb 05       		.byte	0x5
 196 00fc 39       		.byte	0x39
 197 00fd B8000000 		.4byte	0xb8
 198 0101 08       		.byte	0x8
 199 0102 07       		.uleb128 0x7
 200 0103 9F060000 		.4byte	.LASF22
 201 0107 05       		.byte	0x5
 202 0108 3A       		.byte	0x3a
 203 0109 B8000000 		.4byte	0xb8
 204 010d 0C       		.byte	0xc
 205 010e 07       		.uleb128 0x7
 206 010f CE010000 		.4byte	.LASF23
 207 0113 05       		.byte	0x5
 208 0114 3B       		.byte	0x3b
 209 0115 B8000000 		.4byte	0xb8
 210 0119 10       		.byte	0x10
 211 011a 07       		.uleb128 0x7
 212 011b 18020000 		.4byte	.LASF24
 213 011f 05       		.byte	0x5
 214 0120 3C       		.byte	0x3c
 215 0121 B8000000 		.4byte	0xb8
 216 0125 14       		.byte	0x14
 217 0126 07       		.uleb128 0x7
 218 0127 28040000 		.4byte	.LASF25
 219 012b 05       		.byte	0x5
 220 012c 3D       		.byte	0x3d
 221 012d B8000000 		.4byte	0xb8
 222 0131 18       		.byte	0x18
 223 0132 07       		.uleb128 0x7
 224 0133 71000000 		.4byte	.LASF26
 225 0137 05       		.byte	0x5
 226 0138 3E       		.byte	0x3e
 227 0139 B8000000 		.4byte	0xb8
 228 013d 1C       		.byte	0x1c
 229 013e 07       		.uleb128 0x7
 230 013f FF090000 		.4byte	.LASF27
 231 0143 05       		.byte	0x5
 232 0144 3F       		.byte	0x3f
 233 0145 B8000000 		.4byte	0xb8
 234 0149 20       		.byte	0x20
 235 014a 07       		.uleb128 0x7
 236 014b 26060000 		.4byte	.LASF28
 237 014f 05       		.byte	0x5
 238 0150 40       		.byte	0x40
 239 0151 B8000000 		.4byte	0xb8
 240 0155 24       		.byte	0x24
 241 0156 07       		.uleb128 0x7
 242 0157 03050000 		.4byte	.LASF29
 243 015b 05       		.byte	0x5
 244 015c 43       		.byte	0x43
 245 015d 97000000 		.4byte	0x97
 246 0161 28       		.byte	0x28
 247 0162 07       		.uleb128 0x7
 248 0163 57000000 		.4byte	.LASF30
 249 0167 05       		.byte	0x5
 250 0168 44       		.byte	0x44
ARM GAS  C:\Users\Vishwas\AppData\Local\Temp\ccIuShwj.s 			page 8


 251 0169 97000000 		.4byte	0x97
 252 016d 29       		.byte	0x29
 253 016e 07       		.uleb128 0x7
 254 016f F5090000 		.4byte	.LASF31
 255 0173 05       		.byte	0x5
 256 0174 45       		.byte	0x45
 257 0175 97000000 		.4byte	0x97
 258 0179 2A       		.byte	0x2a
 259 017a 07       		.uleb128 0x7
 260 017b 18060000 		.4byte	.LASF32
 261 017f 05       		.byte	0x5
 262 0180 46       		.byte	0x46
 263 0181 97000000 		.4byte	0x97
 264 0185 2B       		.byte	0x2b
 265 0186 07       		.uleb128 0x7
 266 0187 92040000 		.4byte	.LASF33
 267 018b 05       		.byte	0x5
 268 018c 47       		.byte	0x47
 269 018d 97000000 		.4byte	0x97
 270 0191 2C       		.byte	0x2c
 271 0192 07       		.uleb128 0x7
 272 0193 6F080000 		.4byte	.LASF34
 273 0197 05       		.byte	0x5
 274 0198 48       		.byte	0x48
 275 0199 97000000 		.4byte	0x97
 276 019d 2D       		.byte	0x2d
 277 019e 07       		.uleb128 0x7
 278 019f D7010000 		.4byte	.LASF35
 279 01a3 05       		.byte	0x5
 280 01a4 49       		.byte	0x49
 281 01a5 97000000 		.4byte	0x97
 282 01a9 2E       		.byte	0x2e
 283 01aa 07       		.uleb128 0x7
 284 01ab 10050000 		.4byte	.LASF36
 285 01af 05       		.byte	0x5
 286 01b0 4A       		.byte	0x4a
 287 01b1 97000000 		.4byte	0x97
 288 01b5 2F       		.byte	0x2f
 289 01b6 07       		.uleb128 0x7
 290 01b7 98070000 		.4byte	.LASF37
 291 01bb 05       		.byte	0x5
 292 01bc 4B       		.byte	0x4b
 293 01bd 97000000 		.4byte	0x97
 294 01c1 30       		.byte	0x30
 295 01c2 07       		.uleb128 0x7
 296 01c3 1D040000 		.4byte	.LASF38
 297 01c7 05       		.byte	0x5
 298 01c8 4E       		.byte	0x4e
 299 01c9 97000000 		.4byte	0x97
 300 01cd 31       		.byte	0x31
 301 01ce 07       		.uleb128 0x7
 302 01cf 86000000 		.4byte	.LASF39
 303 01d3 05       		.byte	0x5
 304 01d4 4F       		.byte	0x4f
 305 01d5 97000000 		.4byte	0x97
 306 01d9 32       		.byte	0x32
 307 01da 07       		.uleb128 0x7
ARM GAS  C:\Users\Vishwas\AppData\Local\Temp\ccIuShwj.s 			page 9


 308 01db 62030000 		.4byte	.LASF40
 309 01df 05       		.byte	0x5
 310 01e0 50       		.byte	0x50
 311 01e1 97000000 		.4byte	0x97
 312 01e5 33       		.byte	0x33
 313 01e6 07       		.uleb128 0x7
 314 01e7 55050000 		.4byte	.LASF41
 315 01eb 05       		.byte	0x5
 316 01ec 51       		.byte	0x51
 317 01ed 97000000 		.4byte	0x97
 318 01f1 34       		.byte	0x34
 319 01f2 07       		.uleb128 0x7
 320 01f3 E5080000 		.4byte	.LASF42
 321 01f7 05       		.byte	0x5
 322 01f8 52       		.byte	0x52
 323 01f9 A2000000 		.4byte	0xa2
 324 01fd 36       		.byte	0x36
 325 01fe 07       		.uleb128 0x7
 326 01ff 92020000 		.4byte	.LASF43
 327 0203 05       		.byte	0x5
 328 0204 53       		.byte	0x53
 329 0205 A2000000 		.4byte	0xa2
 330 0209 38       		.byte	0x38
 331 020a 07       		.uleb128 0x7
 332 020b 8E080000 		.4byte	.LASF44
 333 020f 05       		.byte	0x5
 334 0210 54       		.byte	0x54
 335 0211 A2000000 		.4byte	0xa2
 336 0215 3A       		.byte	0x3a
 337 0216 07       		.uleb128 0x7
 338 0217 09020000 		.4byte	.LASF45
 339 021b 05       		.byte	0x5
 340 021c 55       		.byte	0x55
 341 021d 97000000 		.4byte	0x97
 342 0221 3C       		.byte	0x3c
 343 0222 07       		.uleb128 0x7
 344 0223 B9020000 		.4byte	.LASF46
 345 0227 05       		.byte	0x5
 346 0228 56       		.byte	0x56
 347 0229 97000000 		.4byte	0x97
 348 022d 3D       		.byte	0x3d
 349 022e 07       		.uleb128 0x7
 350 022f 4B090000 		.4byte	.LASF47
 351 0233 05       		.byte	0x5
 352 0234 57       		.byte	0x57
 353 0235 97000000 		.4byte	0x97
 354 0239 3E       		.byte	0x3e
 355 023a 07       		.uleb128 0x7
 356 023b 65000000 		.4byte	.LASF48
 357 023f 05       		.byte	0x5
 358 0240 58       		.byte	0x58
 359 0241 97000000 		.4byte	0x97
 360 0245 3F       		.byte	0x3f
 361 0246 07       		.uleb128 0x7
 362 0247 31060000 		.4byte	.LASF49
 363 024b 05       		.byte	0x5
 364 024c 59       		.byte	0x59
ARM GAS  C:\Users\Vishwas\AppData\Local\Temp\ccIuShwj.s 			page 10


 365 024d 97000000 		.4byte	0x97
 366 0251 40       		.byte	0x40
 367 0252 07       		.uleb128 0x7
 368 0253 0C030000 		.4byte	.LASF50
 369 0257 05       		.byte	0x5
 370 0258 5A       		.byte	0x5a
 371 0259 97000000 		.4byte	0x97
 372 025d 41       		.byte	0x41
 373 025e 07       		.uleb128 0x7
 374 025f AE040000 		.4byte	.LASF51
 375 0263 05       		.byte	0x5
 376 0264 5B       		.byte	0x5b
 377 0265 97000000 		.4byte	0x97
 378 0269 42       		.byte	0x42
 379 026a 07       		.uleb128 0x7
 380 026b 04060000 		.4byte	.LASF52
 381 026f 05       		.byte	0x5
 382 0270 5C       		.byte	0x5c
 383 0271 97000000 		.4byte	0x97
 384 0275 43       		.byte	0x43
 385 0276 07       		.uleb128 0x7
 386 0277 81020000 		.4byte	.LASF53
 387 027b 05       		.byte	0x5
 388 027c 5D       		.byte	0x5d
 389 027d 97000000 		.4byte	0x97
 390 0281 44       		.byte	0x44
 391 0282 07       		.uleb128 0x7
 392 0283 00000000 		.4byte	.LASF54
 393 0287 05       		.byte	0x5
 394 0288 5E       		.byte	0x5e
 395 0289 B8000000 		.4byte	0xb8
 396 028d 48       		.byte	0x48
 397 028e 07       		.uleb128 0x7
 398 028f 6A020000 		.4byte	.LASF55
 399 0293 05       		.byte	0x5
 400 0294 5F       		.byte	0x5f
 401 0295 B8000000 		.4byte	0xb8
 402 0299 4C       		.byte	0x4c
 403 029a 07       		.uleb128 0x7
 404 029b 350A0000 		.4byte	.LASF56
 405 029f 05       		.byte	0x5
 406 02a0 60       		.byte	0x60
 407 02a1 97000000 		.4byte	0x97
 408 02a5 50       		.byte	0x50
 409 02a6 07       		.uleb128 0x7
 410 02a7 49010000 		.4byte	.LASF57
 411 02ab 05       		.byte	0x5
 412 02ac 61       		.byte	0x61
 413 02ad 97000000 		.4byte	0x97
 414 02b1 51       		.byte	0x51
 415 02b2 07       		.uleb128 0x7
 416 02b3 86090000 		.4byte	.LASF58
 417 02b7 05       		.byte	0x5
 418 02b8 62       		.byte	0x62
 419 02b9 97000000 		.4byte	0x97
 420 02bd 52       		.byte	0x52
 421 02be 07       		.uleb128 0x7
ARM GAS  C:\Users\Vishwas\AppData\Local\Temp\ccIuShwj.s 			page 11


 422 02bf 7C080000 		.4byte	.LASF59
 423 02c3 05       		.byte	0x5
 424 02c4 63       		.byte	0x63
 425 02c5 97000000 		.4byte	0x97
 426 02c9 53       		.byte	0x53
 427 02ca 07       		.uleb128 0x7
 428 02cb 55070000 		.4byte	.LASF60
 429 02cf 05       		.byte	0x5
 430 02d0 64       		.byte	0x64
 431 02d1 97000000 		.4byte	0x97
 432 02d5 54       		.byte	0x54
 433 02d6 07       		.uleb128 0x7
 434 02d7 83010000 		.4byte	.LASF61
 435 02db 05       		.byte	0x5
 436 02dc 65       		.byte	0x65
 437 02dd 97000000 		.4byte	0x97
 438 02e1 55       		.byte	0x55
 439 02e2 07       		.uleb128 0x7
 440 02e3 B7030000 		.4byte	.LASF62
 441 02e7 05       		.byte	0x5
 442 02e8 66       		.byte	0x66
 443 02e9 97000000 		.4byte	0x97
 444 02ed 56       		.byte	0x56
 445 02ee 07       		.uleb128 0x7
 446 02ef 31040000 		.4byte	.LASF63
 447 02f3 05       		.byte	0x5
 448 02f4 67       		.byte	0x67
 449 02f5 97000000 		.4byte	0x97
 450 02f9 57       		.byte	0x57
 451 02fa 07       		.uleb128 0x7
 452 02fb 1C000000 		.4byte	.LASF64
 453 02ff 05       		.byte	0x5
 454 0300 68       		.byte	0x68
 455 0301 97000000 		.4byte	0x97
 456 0305 58       		.byte	0x58
 457 0306 07       		.uleb128 0x7
 458 0307 CA060000 		.4byte	.LASF65
 459 030b 05       		.byte	0x5
 460 030c 69       		.byte	0x69
 461 030d 97000000 		.4byte	0x97
 462 0311 59       		.byte	0x59
 463 0312 07       		.uleb128 0x7
 464 0313 3A050000 		.4byte	.LASF66
 465 0317 05       		.byte	0x5
 466 0318 6E       		.byte	0x6e
 467 0319 AD000000 		.4byte	0xad
 468 031d 5A       		.byte	0x5a
 469 031e 07       		.uleb128 0x7
 470 031f C4080000 		.4byte	.LASF67
 471 0323 05       		.byte	0x5
 472 0324 6F       		.byte	0x6f
 473 0325 AD000000 		.4byte	0xad
 474 0329 5C       		.byte	0x5c
 475 032a 07       		.uleb128 0x7
 476 032b E0000000 		.4byte	.LASF68
 477 032f 05       		.byte	0x5
 478 0330 70       		.byte	0x70
ARM GAS  C:\Users\Vishwas\AppData\Local\Temp\ccIuShwj.s 			page 12


 479 0331 97000000 		.4byte	0x97
 480 0335 5E       		.byte	0x5e
 481 0336 07       		.uleb128 0x7
 482 0337 78060000 		.4byte	.LASF69
 483 033b 05       		.byte	0x5
 484 033c 71       		.byte	0x71
 485 033d 97000000 		.4byte	0x97
 486 0341 5F       		.byte	0x5f
 487 0342 07       		.uleb128 0x7
 488 0343 F3050000 		.4byte	.LASF70
 489 0347 05       		.byte	0x5
 490 0348 72       		.byte	0x72
 491 0349 97000000 		.4byte	0x97
 492 034d 60       		.byte	0x60
 493 034e 07       		.uleb128 0x7
 494 034f 51060000 		.4byte	.LASF71
 495 0353 05       		.byte	0x5
 496 0354 73       		.byte	0x73
 497 0355 B8000000 		.4byte	0xb8
 498 0359 64       		.byte	0x64
 499 035a 07       		.uleb128 0x7
 500 035b 06010000 		.4byte	.LASF72
 501 035f 05       		.byte	0x5
 502 0360 76       		.byte	0x76
 503 0361 AD000000 		.4byte	0xad
 504 0365 68       		.byte	0x68
 505 0366 07       		.uleb128 0x7
 506 0367 A5030000 		.4byte	.LASF73
 507 036b 05       		.byte	0x5
 508 036c 77       		.byte	0x77
 509 036d AD000000 		.4byte	0xad
 510 0371 6A       		.byte	0x6a
 511 0372 07       		.uleb128 0x7
 512 0373 4F040000 		.4byte	.LASF74
 513 0377 05       		.byte	0x5
 514 0378 78       		.byte	0x78
 515 0379 AD000000 		.4byte	0xad
 516 037d 6C       		.byte	0x6c
 517 037e 07       		.uleb128 0x7
 518 037f 75040000 		.4byte	.LASF75
 519 0383 05       		.byte	0x5
 520 0384 79       		.byte	0x79
 521 0385 AD000000 		.4byte	0xad
 522 0389 6E       		.byte	0x6e
 523 038a 07       		.uleb128 0x7
 524 038b F9060000 		.4byte	.LASF76
 525 038f 05       		.byte	0x5
 526 0390 7B       		.byte	0x7b
 527 0391 97000000 		.4byte	0x97
 528 0395 70       		.byte	0x70
 529 0396 07       		.uleb128 0x7
 530 0397 B9010000 		.4byte	.LASF77
 531 039b 05       		.byte	0x5
 532 039c 7C       		.byte	0x7c
 533 039d 97000000 		.4byte	0x97
 534 03a1 71       		.byte	0x71
 535 03a2 07       		.uleb128 0x7
ARM GAS  C:\Users\Vishwas\AppData\Local\Temp\ccIuShwj.s 			page 13


 536 03a3 070A0000 		.4byte	.LASF78
 537 03a7 05       		.byte	0x5
 538 03a8 7D       		.byte	0x7d
 539 03a9 97000000 		.4byte	0x97
 540 03ad 72       		.byte	0x72
 541 03ae 07       		.uleb128 0x7
 542 03af 66050000 		.4byte	.LASF79
 543 03b3 05       		.byte	0x5
 544 03b4 7E       		.byte	0x7e
 545 03b5 97000000 		.4byte	0x97
 546 03b9 73       		.byte	0x73
 547 03ba 07       		.uleb128 0x7
 548 03bb C9020000 		.4byte	.LASF80
 549 03bf 05       		.byte	0x5
 550 03c0 80       		.byte	0x80
 551 03c1 AD000000 		.4byte	0xad
 552 03c5 74       		.byte	0x74
 553 03c6 07       		.uleb128 0x7
 554 03c7 4F080000 		.4byte	.LASF81
 555 03cb 05       		.byte	0x5
 556 03cc 81       		.byte	0x81
 557 03cd AD000000 		.4byte	0xad
 558 03d1 76       		.byte	0x76
 559 03d2 07       		.uleb128 0x7
 560 03d3 A4020000 		.4byte	.LASF82
 561 03d7 05       		.byte	0x5
 562 03d8 82       		.byte	0x82
 563 03d9 AD000000 		.4byte	0xad
 564 03dd 78       		.byte	0x78
 565 03de 07       		.uleb128 0x7
 566 03df AA000000 		.4byte	.LASF83
 567 03e3 05       		.byte	0x5
 568 03e4 83       		.byte	0x83
 569 03e5 AD000000 		.4byte	0xad
 570 03e9 7A       		.byte	0x7a
 571 03ea 07       		.uleb128 0x7
 572 03eb B3090000 		.4byte	.LASF84
 573 03ef 05       		.byte	0x5
 574 03f0 86       		.byte	0x86
 575 03f1 97000000 		.4byte	0x97
 576 03f5 7C       		.byte	0x7c
 577 03f6 07       		.uleb128 0x7
 578 03f7 F2080000 		.4byte	.LASF85
 579 03fb 05       		.byte	0x5
 580 03fc 87       		.byte	0x87
 581 03fd 97000000 		.4byte	0x97
 582 0401 7D       		.byte	0x7d
 583 0402 07       		.uleb128 0x7
 584 0403 30000000 		.4byte	.LASF86
 585 0407 05       		.byte	0x5
 586 0408 88       		.byte	0x88
 587 0409 97000000 		.4byte	0x97
 588 040d 7E       		.byte	0x7e
 589 040e 07       		.uleb128 0x7
 590 040f DB020000 		.4byte	.LASF87
 591 0413 05       		.byte	0x5
 592 0414 89       		.byte	0x89
ARM GAS  C:\Users\Vishwas\AppData\Local\Temp\ccIuShwj.s 			page 14


 593 0415 97000000 		.4byte	0x97
 594 0419 7F       		.byte	0x7f
 595 041a 07       		.uleb128 0x7
 596 041b 4E030000 		.4byte	.LASF88
 597 041f 05       		.byte	0x5
 598 0420 8A       		.byte	0x8a
 599 0421 97000000 		.4byte	0x97
 600 0425 80       		.byte	0x80
 601 0426 07       		.uleb128 0x7
 602 0427 EC040000 		.4byte	.LASF89
 603 042b 05       		.byte	0x5
 604 042c 8D       		.byte	0x8d
 605 042d B8000000 		.4byte	0xb8
 606 0431 84       		.byte	0x84
 607 0432 07       		.uleb128 0x7
 608 0433 BF000000 		.4byte	.LASF90
 609 0437 05       		.byte	0x5
 610 0438 8E       		.byte	0x8e
 611 0439 B8000000 		.4byte	0xb8
 612 043d 88       		.byte	0x88
 613 043e 07       		.uleb128 0x7
 614 043f 9E090000 		.4byte	.LASF91
 615 0443 05       		.byte	0x5
 616 0444 8F       		.byte	0x8f
 617 0445 B8000000 		.4byte	0xb8
 618 0449 8C       		.byte	0x8c
 619 044a 07       		.uleb128 0x7
 620 044b 1C050000 		.4byte	.LASF92
 621 044f 05       		.byte	0x5
 622 0450 90       		.byte	0x90
 623 0451 B8000000 		.4byte	0xb8
 624 0455 90       		.byte	0x90
 625 0456 07       		.uleb128 0x7
 626 0457 2F030000 		.4byte	.LASF93
 627 045b 05       		.byte	0x5
 628 045c 91       		.byte	0x91
 629 045d B8000000 		.4byte	0xb8
 630 0461 94       		.byte	0x94
 631 0462 07       		.uleb128 0x7
 632 0463 C8040000 		.4byte	.LASF94
 633 0467 05       		.byte	0x5
 634 0468 92       		.byte	0x92
 635 0469 B8000000 		.4byte	0xb8
 636 046d 98       		.byte	0x98
 637 046e 07       		.uleb128 0x7
 638 046f D6090000 		.4byte	.LASF95
 639 0473 05       		.byte	0x5
 640 0474 93       		.byte	0x93
 641 0475 B8000000 		.4byte	0xb8
 642 0479 9C       		.byte	0x9c
 643 047a 07       		.uleb128 0x7
 644 047b 20010000 		.4byte	.LASF96
 645 047f 05       		.byte	0x5
 646 0480 94       		.byte	0x94
 647 0481 B8000000 		.4byte	0xb8
 648 0485 A0       		.byte	0xa0
 649 0486 07       		.uleb128 0x7
ARM GAS  C:\Users\Vishwas\AppData\Local\Temp\ccIuShwj.s 			page 15


 650 0487 F4010000 		.4byte	.LASF97
 651 048b 05       		.byte	0x5
 652 048c 95       		.byte	0x95
 653 048d AD000000 		.4byte	0xad
 654 0491 A4       		.byte	0xa4
 655 0492 07       		.uleb128 0x7
 656 0493 71090000 		.4byte	.LASF98
 657 0497 05       		.byte	0x5
 658 0498 96       		.byte	0x96
 659 0499 AD000000 		.4byte	0xad
 660 049d A6       		.byte	0xa6
 661 049e 07       		.uleb128 0x7
 662 049f 6C060000 		.4byte	.LASF99
 663 04a3 05       		.byte	0x5
 664 04a4 97       		.byte	0x97
 665 04a5 AD000000 		.4byte	0xad
 666 04a9 A8       		.byte	0xa8
 667 04aa 07       		.uleb128 0x7
 668 04ab A4070000 		.4byte	.LASF100
 669 04af 05       		.byte	0x5
 670 04b0 98       		.byte	0x98
 671 04b1 AD000000 		.4byte	0xad
 672 04b5 AA       		.byte	0xaa
 673 04b6 07       		.uleb128 0x7
 674 04b7 5E040000 		.4byte	.LASF101
 675 04bb 05       		.byte	0x5
 676 04bc 99       		.byte	0x99
 677 04bd AD000000 		.4byte	0xad
 678 04c1 AC       		.byte	0xac
 679 04c2 07       		.uleb128 0x7
 680 04c3 7D050000 		.4byte	.LASF102
 681 04c7 05       		.byte	0x5
 682 04c8 9A       		.byte	0x9a
 683 04c9 AD000000 		.4byte	0xad
 684 04cd AE       		.byte	0xae
 685 04ce 07       		.uleb128 0x7
 686 04cf CD080000 		.4byte	.LASF103
 687 04d3 05       		.byte	0x5
 688 04d4 9D       		.byte	0x9d
 689 04d5 AD000000 		.4byte	0xad
 690 04d9 B0       		.byte	0xb0
 691 04da 07       		.uleb128 0x7
 692 04db 43000000 		.4byte	.LASF104
 693 04df 05       		.byte	0x5
 694 04e0 9E       		.byte	0x9e
 695 04e1 B8000000 		.4byte	0xb8
 696 04e5 B4       		.byte	0xb4
 697 04e6 00       		.byte	0
 698 04e7 03       		.uleb128 0x3
 699 04e8 9E040000 		.4byte	.LASF105
 700 04ec 05       		.byte	0x5
 701 04ed 9F       		.byte	0x9f
 702 04ee D6000000 		.4byte	0xd6
 703 04f2 02       		.uleb128 0x2
 704 04f3 01       		.byte	0x1
 705 04f4 08       		.byte	0x8
 706 04f5 93070000 		.4byte	.LASF106
ARM GAS  C:\Users\Vishwas\AppData\Local\Temp\ccIuShwj.s 			page 16


 707 04f9 02       		.uleb128 0x2
 708 04fa 04       		.byte	0x4
 709 04fb 04       		.byte	0x4
 710 04fc 4B060000 		.4byte	.LASF107
 711 0500 02       		.uleb128 0x2
 712 0501 08       		.byte	0x8
 713 0502 04       		.byte	0x4
 714 0503 9D020000 		.4byte	.LASF108
 715 0507 08       		.uleb128 0x8
 716 0508 04       		.byte	0x4
 717 0509 02       		.uleb128 0x2
 718 050a 01       		.byte	0x1
 719 050b 02       		.byte	0x2
 720 050c B6060000 		.4byte	.LASF109
 721 0510 09       		.uleb128 0x9
 722 0511 01       		.byte	0x1
 723 0512 2C000000 		.4byte	0x2c
 724 0516 06       		.byte	0x6
 725 0517 2402     		.2byte	0x224
 726 0519 2A050000 		.4byte	0x52a
 727 051d 0A       		.uleb128 0xa
 728 051e A7060000 		.4byte	.LASF110
 729 0522 00       		.byte	0
 730 0523 0A       		.uleb128 0xa
 731 0524 5B020000 		.4byte	.LASF111
 732 0528 01       		.byte	0x1
 733 0529 00       		.byte	0
 734 052a 0B       		.uleb128 0xb
 735 052b 59090000 		.4byte	.LASF112
 736 052f 06       		.byte	0x6
 737 0530 2702     		.2byte	0x227
 738 0532 10050000 		.4byte	0x510
 739 0536 0B       		.uleb128 0xb
 740 0537 28020000 		.4byte	.LASF113
 741 053b 06       		.byte	0x6
 742 053c 3902     		.2byte	0x239
 743 053e 42050000 		.4byte	0x542
 744 0542 0C       		.uleb128 0xc
 745 0543 04       		.byte	0x4
 746 0544 48050000 		.4byte	0x548
 747 0548 0D       		.uleb128 0xd
 748 0549 53050000 		.4byte	0x553
 749 054d 0E       		.uleb128 0xe
 750 054e B8000000 		.4byte	0xb8
 751 0552 00       		.byte	0
 752 0553 0B       		.uleb128 0xb
 753 0554 19070000 		.4byte	.LASF114
 754 0558 06       		.byte	0x6
 755 0559 4402     		.2byte	0x244
 756 055b 5F050000 		.4byte	0x55f
 757 055f 0C       		.uleb128 0xc
 758 0560 04       		.byte	0x4
 759 0561 65050000 		.4byte	0x565
 760 0565 0F       		.uleb128 0xf
 761 0566 2A050000 		.4byte	0x52a
 762 056a 74050000 		.4byte	0x574
 763 056e 0E       		.uleb128 0xe
ARM GAS  C:\Users\Vishwas\AppData\Local\Temp\ccIuShwj.s 			page 17


 764 056f B8000000 		.4byte	0xb8
 765 0573 00       		.byte	0
 766 0574 10       		.uleb128 0x10
 767 0575 6C010000 		.4byte	.LASF138
 768 0579 4C       		.byte	0x4c
 769 057a 06       		.byte	0x6
 770 057b C302     		.2byte	0x2c3
 771 057d 93060000 		.4byte	0x693
 772 0581 11       		.uleb128 0x11
 773 0582 DB080000 		.4byte	.LASF115
 774 0586 06       		.byte	0x6
 775 0587 C602     		.2byte	0x2c6
 776 0589 09050000 		.4byte	0x509
 777 058d 00       		.byte	0
 778 058e 11       		.uleb128 0x11
 779 058f 45040000 		.4byte	.LASF116
 780 0593 06       		.byte	0x6
 781 0594 C702     		.2byte	0x2c7
 782 0596 09050000 		.4byte	0x509
 783 059a 01       		.byte	0x1
 784 059b 11       		.uleb128 0x11
 785 059c 22020000 		.4byte	.LASF117
 786 05a0 06       		.byte	0x6
 787 05a1 C902     		.2byte	0x2c9
 788 05a3 CA000000 		.4byte	0xca
 789 05a7 04       		.byte	0x4
 790 05a8 11       		.uleb128 0x11
 791 05a9 36010000 		.4byte	.LASF118
 792 05ad 06       		.byte	0x6
 793 05ae CB02     		.2byte	0x2cb
 794 05b0 CA000000 		.4byte	0xca
 795 05b4 08       		.byte	0x8
 796 05b5 11       		.uleb128 0x11
 797 05b6 0D070000 		.4byte	.LASF119
 798 05ba 06       		.byte	0x6
 799 05bb CC02     		.2byte	0x2cc
 800 05bd 09050000 		.4byte	0x509
 801 05c1 0C       		.byte	0xc
 802 05c2 11       		.uleb128 0x11
 803 05c3 4F020000 		.4byte	.LASF120
 804 05c7 06       		.byte	0x6
 805 05c8 CD02     		.2byte	0x2cd
 806 05ca 09050000 		.4byte	0x509
 807 05ce 0D       		.byte	0xd
 808 05cf 11       		.uleb128 0x11
 809 05d0 62080000 		.4byte	.LASF121
 810 05d4 06       		.byte	0x6
 811 05d5 CF02     		.2byte	0x2cf
 812 05d7 93060000 		.4byte	0x693
 813 05db 10       		.byte	0x10
 814 05dc 11       		.uleb128 0x11
 815 05dd E8060000 		.4byte	.LASF122
 816 05e1 06       		.byte	0x6
 817 05e2 D002     		.2byte	0x2d0
 818 05e4 B8000000 		.4byte	0xb8
 819 05e8 14       		.byte	0x14
 820 05e9 11       		.uleb128 0x11
ARM GAS  C:\Users\Vishwas\AppData\Local\Temp\ccIuShwj.s 			page 18


 821 05ea 45050000 		.4byte	.LASF123
 822 05ee 06       		.byte	0x6
 823 05ef D102     		.2byte	0x2d1
 824 05f1 CA000000 		.4byte	0xca
 825 05f5 18       		.byte	0x18
 826 05f6 11       		.uleb128 0x11
 827 05f7 35070000 		.4byte	.LASF124
 828 05fb 06       		.byte	0x6
 829 05fc D202     		.2byte	0x2d2
 830 05fe CA000000 		.4byte	0xca
 831 0602 1C       		.byte	0x1c
 832 0603 11       		.uleb128 0x11
 833 0604 9E000000 		.4byte	.LASF125
 834 0608 06       		.byte	0x6
 835 0609 D402     		.2byte	0x2d4
 836 060b CA000000 		.4byte	0xca
 837 060f 20       		.byte	0x20
 838 0610 11       		.uleb128 0x11
 839 0611 95030000 		.4byte	.LASF126
 840 0615 06       		.byte	0x6
 841 0616 D502     		.2byte	0x2d5
 842 0618 99060000 		.4byte	0x699
 843 061c 24       		.byte	0x24
 844 061d 11       		.uleb128 0x11
 845 061e 11090000 		.4byte	.LASF127
 846 0622 06       		.byte	0x6
 847 0623 D702     		.2byte	0x2d7
 848 0625 93060000 		.4byte	0x693
 849 0629 28       		.byte	0x28
 850 062a 11       		.uleb128 0x11
 851 062b 1F090000 		.4byte	.LASF128
 852 062f 06       		.byte	0x6
 853 0630 D802     		.2byte	0x2d8
 854 0632 B8000000 		.4byte	0xb8
 855 0636 2C       		.byte	0x2c
 856 0637 11       		.uleb128 0x11
 857 0638 7B030000 		.4byte	.LASF129
 858 063c 06       		.byte	0x6
 859 063d D902     		.2byte	0x2d9
 860 063f CA000000 		.4byte	0xca
 861 0643 30       		.byte	0x30
 862 0644 11       		.uleb128 0x11
 863 0645 44070000 		.4byte	.LASF130
 864 0649 06       		.byte	0x6
 865 064a DA02     		.2byte	0x2da
 866 064c CA000000 		.4byte	0xca
 867 0650 34       		.byte	0x34
 868 0651 11       		.uleb128 0x11
 869 0652 DE040000 		.4byte	.LASF131
 870 0656 06       		.byte	0x6
 871 0657 DC02     		.2byte	0x2dc
 872 0659 93060000 		.4byte	0x693
 873 065d 38       		.byte	0x38
 874 065e 11       		.uleb128 0x11
 875 065f E2010000 		.4byte	.LASF132
 876 0663 06       		.byte	0x6
 877 0664 DD02     		.2byte	0x2dd
ARM GAS  C:\Users\Vishwas\AppData\Local\Temp\ccIuShwj.s 			page 19


 878 0666 B8000000 		.4byte	0xb8
 879 066a 3C       		.byte	0x3c
 880 066b 11       		.uleb128 0x11
 881 066c 5B010000 		.4byte	.LASF133
 882 0670 06       		.byte	0x6
 883 0671 DE02     		.2byte	0x2de
 884 0673 CA000000 		.4byte	0xca
 885 0677 40       		.byte	0x40
 886 0678 11       		.uleb128 0x11
 887 0679 6C040000 		.4byte	.LASF134
 888 067d 06       		.byte	0x6
 889 067e E402     		.2byte	0x2e4
 890 0680 36050000 		.4byte	0x536
 891 0684 44       		.byte	0x44
 892 0685 11       		.uleb128 0x11
 893 0686 EF020000 		.4byte	.LASF135
 894 068a 06       		.byte	0x6
 895 068b EB02     		.2byte	0x2eb
 896 068d 53050000 		.4byte	0x553
 897 0691 48       		.byte	0x48
 898 0692 00       		.byte	0
 899 0693 0C       		.uleb128 0xc
 900 0694 04       		.byte	0x4
 901 0695 97000000 		.4byte	0x97
 902 0699 05       		.uleb128 0x5
 903 069a 09050000 		.4byte	0x509
 904 069e 0B       		.uleb128 0xb
 905 069f 6E070000 		.4byte	.LASF136
 906 06a3 06       		.byte	0x6
 907 06a4 EE02     		.2byte	0x2ee
 908 06a6 74050000 		.4byte	0x574
 909 06aa 0B       		.uleb128 0xb
 910 06ab F1030000 		.4byte	.LASF137
 911 06af 07       		.byte	0x7
 912 06b0 D901     		.2byte	0x1d9
 913 06b2 42050000 		.4byte	0x542
 914 06b6 10       		.uleb128 0x10
 915 06b7 1D0A0000 		.4byte	.LASF139
 916 06bb 38       		.byte	0x38
 917 06bc 07       		.byte	0x7
 918 06bd 7502     		.2byte	0x275
 919 06bf 7A070000 		.4byte	0x77a
 920 06c3 11       		.uleb128 0x11
 921 06c4 EC090000 		.4byte	.LASF140
 922 06c8 07       		.byte	0x7
 923 06c9 7802     		.2byte	0x278
 924 06cb CA000000 		.4byte	0xca
 925 06cf 00       		.byte	0
 926 06d0 11       		.uleb128 0x11
 927 06d1 0F060000 		.4byte	.LASF141
 928 06d5 07       		.byte	0x7
 929 06d6 7902     		.2byte	0x279
 930 06d8 CA000000 		.4byte	0xca
 931 06dc 04       		.byte	0x4
 932 06dd 11       		.uleb128 0x11
 933 06de 16010000 		.4byte	.LASF142
 934 06e2 07       		.byte	0x7
ARM GAS  C:\Users\Vishwas\AppData\Local\Temp\ccIuShwj.s 			page 20


 935 06e3 7B02     		.2byte	0x27b
 936 06e5 07050000 		.4byte	0x507
 937 06e9 08       		.byte	0x8
 938 06ea 11       		.uleb128 0x11
 939 06eb A3080000 		.4byte	.LASF143
 940 06ef 07       		.byte	0x7
 941 06f0 7C02     		.2byte	0x27c
 942 06f2 B8000000 		.4byte	0xb8
 943 06f6 0C       		.byte	0xc
 944 06f7 11       		.uleb128 0x11
 945 06f8 BA040000 		.4byte	.LASF144
 946 06fc 07       		.byte	0x7
 947 06fd 7D02     		.2byte	0x27d
 948 06ff CA000000 		.4byte	0xca
 949 0703 10       		.byte	0x10
 950 0704 11       		.uleb128 0x11
 951 0705 C8090000 		.4byte	.LASF145
 952 0709 07       		.byte	0x7
 953 070a 7E02     		.2byte	0x27e
 954 070c CA000000 		.4byte	0xca
 955 0710 14       		.byte	0x14
 956 0711 11       		.uleb128 0x11
 957 0712 0B090000 		.4byte	.LASF146
 958 0716 07       		.byte	0x7
 959 0717 8002     		.2byte	0x280
 960 0719 07050000 		.4byte	0x507
 961 071d 18       		.byte	0x18
 962 071e 11       		.uleb128 0x11
 963 071f 12000000 		.4byte	.LASF147
 964 0723 07       		.byte	0x7
 965 0724 8102     		.2byte	0x281
 966 0726 B8000000 		.4byte	0xb8
 967 072a 1C       		.byte	0x1c
 968 072b 11       		.uleb128 0x11
 969 072c 26030000 		.4byte	.LASF148
 970 0730 07       		.byte	0x7
 971 0731 8202     		.2byte	0x282
 972 0733 CA000000 		.4byte	0xca
 973 0737 20       		.byte	0x20
 974 0738 11       		.uleb128 0x11
 975 0739 43010000 		.4byte	.LASF149
 976 073d 07       		.byte	0x7
 977 073e 8402     		.2byte	0x284
 978 0740 07050000 		.4byte	0x507
 979 0744 24       		.byte	0x24
 980 0745 11       		.uleb128 0x11
 981 0746 44030000 		.4byte	.LASF150
 982 074a 07       		.byte	0x7
 983 074b 8502     		.2byte	0x285
 984 074d B8000000 		.4byte	0xb8
 985 0751 28       		.byte	0x28
 986 0752 11       		.uleb128 0x11
 987 0753 8E060000 		.4byte	.LASF151
 988 0757 07       		.byte	0x7
 989 0758 8602     		.2byte	0x286
 990 075a CA000000 		.4byte	0xca
 991 075e 2C       		.byte	0x2c
ARM GAS  C:\Users\Vishwas\AppData\Local\Temp\ccIuShwj.s 			page 21


 992 075f 11       		.uleb128 0x11
 993 0760 6C040000 		.4byte	.LASF134
 994 0764 07       		.byte	0x7
 995 0765 8B02     		.2byte	0x28b
 996 0767 AA060000 		.4byte	0x6aa
 997 076b 30       		.byte	0x30
 998 076c 11       		.uleb128 0x11
 999 076d 03090000 		.4byte	.LASF152
 1000 0771 07       		.byte	0x7
 1001 0772 8E02     		.2byte	0x28e
 1002 0774 B8000000 		.4byte	0xb8
 1003 0778 34       		.byte	0x34
 1004 0779 00       		.byte	0
 1005 077a 0B       		.uleb128 0xb
 1006 077b 31090000 		.4byte	.LASF153
 1007 077f 07       		.byte	0x7
 1008 0780 9102     		.2byte	0x291
 1009 0782 B6060000 		.4byte	0x6b6
 1010 0786 12       		.uleb128 0x12
 1011 0787 3E060000 		.4byte	.LASF160
 1012 078b 02       		.byte	0x2
 1013 078c 81       		.byte	0x81
 1014 078d 03       		.byte	0x3
 1015 078e 13       		.uleb128 0x13
 1016 078f C4020000 		.4byte	.LASF161
 1017 0793 01       		.byte	0x1
 1018 0794 0E       		.byte	0xe
 1019 0795 89000000 		.4byte	0x89
 1020 0799 00000000 		.4byte	.LFB420
 1021 079d 10000000 		.4byte	.LFE420-.LFB420
 1022 07a1 01       		.uleb128 0x1
 1023 07a2 9C       		.byte	0x9c
 1024 07a3 CA070000 		.4byte	0x7ca
 1025 07a7 14       		.uleb128 0x14
 1026 07a8 86070000 		.4byte	0x786
 1027 07ac 02000000 		.4byte	.LBB4
 1028 07b0 02000000 		.4byte	.LBE4-.LBB4
 1029 07b4 01       		.byte	0x1
 1030 07b5 10       		.byte	0x10
 1031 07b6 15       		.uleb128 0x15
 1032 07b7 0A000000 		.4byte	.LVL0
 1033 07bb F6070000 		.4byte	0x7f6
 1034 07bf 16       		.uleb128 0x16
 1035 07c0 01       		.uleb128 0x1
 1036 07c1 50       		.byte	0x50
 1037 07c2 05       		.uleb128 0x5
 1038 07c3 0C       		.byte	0xc
 1039 07c4 00000810 		.4byte	0x10080000
 1040 07c8 00       		.byte	0
 1041 07c9 00       		.byte	0
 1042 07ca 17       		.uleb128 0x17
 1043 07cb 62060000 		.4byte	.LASF154
 1044 07cf 05       		.byte	0x5
 1045 07d0 A7       		.byte	0xa7
 1046 07d1 D5070000 		.4byte	0x7d5
 1047 07d5 0C       		.uleb128 0xc
 1048 07d6 04       		.byte	0x4
ARM GAS  C:\Users\Vishwas\AppData\Local\Temp\ccIuShwj.s 			page 22


 1049 07d7 DB070000 		.4byte	0x7db
 1050 07db 18       		.uleb128 0x18
 1051 07dc E7040000 		.4byte	0x4e7
 1052 07e0 17       		.uleb128 0x17
 1053 07e1 DD030000 		.4byte	.LASF155
 1054 07e5 08       		.byte	0x8
 1055 07e6 7F       		.byte	0x7f
 1056 07e7 9E060000 		.4byte	0x69e
 1057 07eb 17       		.uleb128 0x17
 1058 07ec 10040000 		.4byte	.LASF156
 1059 07f0 09       		.byte	0x9
 1060 07f1 87       		.byte	0x87
 1061 07f2 7A070000 		.4byte	0x77a
 1062 07f6 19       		.uleb128 0x19
 1063 07f7 82040000 		.4byte	.LASF162
 1064 07fb 82040000 		.4byte	.LASF162
 1065 07ff 0A       		.byte	0xa
 1066 0800 2502     		.2byte	0x225
 1067 0802 00       		.byte	0
 1068              		.section	.debug_abbrev,"",%progbits
 1069              	.Ldebug_abbrev0:
 1070 0000 01       		.uleb128 0x1
 1071 0001 11       		.uleb128 0x11
 1072 0002 01       		.byte	0x1
 1073 0003 25       		.uleb128 0x25
 1074 0004 0E       		.uleb128 0xe
 1075 0005 13       		.uleb128 0x13
 1076 0006 0B       		.uleb128 0xb
 1077 0007 03       		.uleb128 0x3
 1078 0008 0E       		.uleb128 0xe
 1079 0009 1B       		.uleb128 0x1b
 1080 000a 0E       		.uleb128 0xe
 1081 000b 55       		.uleb128 0x55
 1082 000c 17       		.uleb128 0x17
 1083 000d 11       		.uleb128 0x11
 1084 000e 01       		.uleb128 0x1
 1085 000f 10       		.uleb128 0x10
 1086 0010 17       		.uleb128 0x17
 1087 0011 00       		.byte	0
 1088 0012 00       		.byte	0
 1089 0013 02       		.uleb128 0x2
 1090 0014 24       		.uleb128 0x24
 1091 0015 00       		.byte	0
 1092 0016 0B       		.uleb128 0xb
 1093 0017 0B       		.uleb128 0xb
 1094 0018 3E       		.uleb128 0x3e
 1095 0019 0B       		.uleb128 0xb
 1096 001a 03       		.uleb128 0x3
 1097 001b 0E       		.uleb128 0xe
 1098 001c 00       		.byte	0
 1099 001d 00       		.byte	0
 1100 001e 03       		.uleb128 0x3
 1101 001f 16       		.uleb128 0x16
 1102 0020 00       		.byte	0
 1103 0021 03       		.uleb128 0x3
 1104 0022 0E       		.uleb128 0xe
 1105 0023 3A       		.uleb128 0x3a
ARM GAS  C:\Users\Vishwas\AppData\Local\Temp\ccIuShwj.s 			page 23


 1106 0024 0B       		.uleb128 0xb
 1107 0025 3B       		.uleb128 0x3b
 1108 0026 0B       		.uleb128 0xb
 1109 0027 49       		.uleb128 0x49
 1110 0028 13       		.uleb128 0x13
 1111 0029 00       		.byte	0
 1112 002a 00       		.byte	0
 1113 002b 04       		.uleb128 0x4
 1114 002c 24       		.uleb128 0x24
 1115 002d 00       		.byte	0
 1116 002e 0B       		.uleb128 0xb
 1117 002f 0B       		.uleb128 0xb
 1118 0030 3E       		.uleb128 0x3e
 1119 0031 0B       		.uleb128 0xb
 1120 0032 03       		.uleb128 0x3
 1121 0033 08       		.uleb128 0x8
 1122 0034 00       		.byte	0
 1123 0035 00       		.byte	0
 1124 0036 05       		.uleb128 0x5
 1125 0037 35       		.uleb128 0x35
 1126 0038 00       		.byte	0
 1127 0039 49       		.uleb128 0x49
 1128 003a 13       		.uleb128 0x13
 1129 003b 00       		.byte	0
 1130 003c 00       		.byte	0
 1131 003d 06       		.uleb128 0x6
 1132 003e 13       		.uleb128 0x13
 1133 003f 01       		.byte	0x1
 1134 0040 0B       		.uleb128 0xb
 1135 0041 0B       		.uleb128 0xb
 1136 0042 3A       		.uleb128 0x3a
 1137 0043 0B       		.uleb128 0xb
 1138 0044 3B       		.uleb128 0x3b
 1139 0045 0B       		.uleb128 0xb
 1140 0046 01       		.uleb128 0x1
 1141 0047 13       		.uleb128 0x13
 1142 0048 00       		.byte	0
 1143 0049 00       		.byte	0
 1144 004a 07       		.uleb128 0x7
 1145 004b 0D       		.uleb128 0xd
 1146 004c 00       		.byte	0
 1147 004d 03       		.uleb128 0x3
 1148 004e 0E       		.uleb128 0xe
 1149 004f 3A       		.uleb128 0x3a
 1150 0050 0B       		.uleb128 0xb
 1151 0051 3B       		.uleb128 0x3b
 1152 0052 0B       		.uleb128 0xb
 1153 0053 49       		.uleb128 0x49
 1154 0054 13       		.uleb128 0x13
 1155 0055 38       		.uleb128 0x38
 1156 0056 0B       		.uleb128 0xb
 1157 0057 00       		.byte	0
 1158 0058 00       		.byte	0
 1159 0059 08       		.uleb128 0x8
 1160 005a 0F       		.uleb128 0xf
 1161 005b 00       		.byte	0
 1162 005c 0B       		.uleb128 0xb
ARM GAS  C:\Users\Vishwas\AppData\Local\Temp\ccIuShwj.s 			page 24


 1163 005d 0B       		.uleb128 0xb
 1164 005e 00       		.byte	0
 1165 005f 00       		.byte	0
 1166 0060 09       		.uleb128 0x9
 1167 0061 04       		.uleb128 0x4
 1168 0062 01       		.byte	0x1
 1169 0063 0B       		.uleb128 0xb
 1170 0064 0B       		.uleb128 0xb
 1171 0065 49       		.uleb128 0x49
 1172 0066 13       		.uleb128 0x13
 1173 0067 3A       		.uleb128 0x3a
 1174 0068 0B       		.uleb128 0xb
 1175 0069 3B       		.uleb128 0x3b
 1176 006a 05       		.uleb128 0x5
 1177 006b 01       		.uleb128 0x1
 1178 006c 13       		.uleb128 0x13
 1179 006d 00       		.byte	0
 1180 006e 00       		.byte	0
 1181 006f 0A       		.uleb128 0xa
 1182 0070 28       		.uleb128 0x28
 1183 0071 00       		.byte	0
 1184 0072 03       		.uleb128 0x3
 1185 0073 0E       		.uleb128 0xe
 1186 0074 1C       		.uleb128 0x1c
 1187 0075 0B       		.uleb128 0xb
 1188 0076 00       		.byte	0
 1189 0077 00       		.byte	0
 1190 0078 0B       		.uleb128 0xb
 1191 0079 16       		.uleb128 0x16
 1192 007a 00       		.byte	0
 1193 007b 03       		.uleb128 0x3
 1194 007c 0E       		.uleb128 0xe
 1195 007d 3A       		.uleb128 0x3a
 1196 007e 0B       		.uleb128 0xb
 1197 007f 3B       		.uleb128 0x3b
 1198 0080 05       		.uleb128 0x5
 1199 0081 49       		.uleb128 0x49
 1200 0082 13       		.uleb128 0x13
 1201 0083 00       		.byte	0
 1202 0084 00       		.byte	0
 1203 0085 0C       		.uleb128 0xc
 1204 0086 0F       		.uleb128 0xf
 1205 0087 00       		.byte	0
 1206 0088 0B       		.uleb128 0xb
 1207 0089 0B       		.uleb128 0xb
 1208 008a 49       		.uleb128 0x49
 1209 008b 13       		.uleb128 0x13
 1210 008c 00       		.byte	0
 1211 008d 00       		.byte	0
 1212 008e 0D       		.uleb128 0xd
 1213 008f 15       		.uleb128 0x15
 1214 0090 01       		.byte	0x1
 1215 0091 27       		.uleb128 0x27
 1216 0092 19       		.uleb128 0x19
 1217 0093 01       		.uleb128 0x1
 1218 0094 13       		.uleb128 0x13
 1219 0095 00       		.byte	0
ARM GAS  C:\Users\Vishwas\AppData\Local\Temp\ccIuShwj.s 			page 25


 1220 0096 00       		.byte	0
 1221 0097 0E       		.uleb128 0xe
 1222 0098 05       		.uleb128 0x5
 1223 0099 00       		.byte	0
 1224 009a 49       		.uleb128 0x49
 1225 009b 13       		.uleb128 0x13
 1226 009c 00       		.byte	0
 1227 009d 00       		.byte	0
 1228 009e 0F       		.uleb128 0xf
 1229 009f 15       		.uleb128 0x15
 1230 00a0 01       		.byte	0x1
 1231 00a1 27       		.uleb128 0x27
 1232 00a2 19       		.uleb128 0x19
 1233 00a3 49       		.uleb128 0x49
 1234 00a4 13       		.uleb128 0x13
 1235 00a5 01       		.uleb128 0x1
 1236 00a6 13       		.uleb128 0x13
 1237 00a7 00       		.byte	0
 1238 00a8 00       		.byte	0
 1239 00a9 10       		.uleb128 0x10
 1240 00aa 13       		.uleb128 0x13
 1241 00ab 01       		.byte	0x1
 1242 00ac 03       		.uleb128 0x3
 1243 00ad 0E       		.uleb128 0xe
 1244 00ae 0B       		.uleb128 0xb
 1245 00af 0B       		.uleb128 0xb
 1246 00b0 3A       		.uleb128 0x3a
 1247 00b1 0B       		.uleb128 0xb
 1248 00b2 3B       		.uleb128 0x3b
 1249 00b3 05       		.uleb128 0x5
 1250 00b4 01       		.uleb128 0x1
 1251 00b5 13       		.uleb128 0x13
 1252 00b6 00       		.byte	0
 1253 00b7 00       		.byte	0
 1254 00b8 11       		.uleb128 0x11
 1255 00b9 0D       		.uleb128 0xd
 1256 00ba 00       		.byte	0
 1257 00bb 03       		.uleb128 0x3
 1258 00bc 0E       		.uleb128 0xe
 1259 00bd 3A       		.uleb128 0x3a
 1260 00be 0B       		.uleb128 0xb
 1261 00bf 3B       		.uleb128 0x3b
 1262 00c0 05       		.uleb128 0x5
 1263 00c1 49       		.uleb128 0x49
 1264 00c2 13       		.uleb128 0x13
 1265 00c3 38       		.uleb128 0x38
 1266 00c4 0B       		.uleb128 0xb
 1267 00c5 00       		.byte	0
 1268 00c6 00       		.byte	0
 1269 00c7 12       		.uleb128 0x12
 1270 00c8 2E       		.uleb128 0x2e
 1271 00c9 00       		.byte	0
 1272 00ca 03       		.uleb128 0x3
 1273 00cb 0E       		.uleb128 0xe
 1274 00cc 3A       		.uleb128 0x3a
 1275 00cd 0B       		.uleb128 0xb
 1276 00ce 3B       		.uleb128 0x3b
ARM GAS  C:\Users\Vishwas\AppData\Local\Temp\ccIuShwj.s 			page 26


 1277 00cf 0B       		.uleb128 0xb
 1278 00d0 27       		.uleb128 0x27
 1279 00d1 19       		.uleb128 0x19
 1280 00d2 20       		.uleb128 0x20
 1281 00d3 0B       		.uleb128 0xb
 1282 00d4 00       		.byte	0
 1283 00d5 00       		.byte	0
 1284 00d6 13       		.uleb128 0x13
 1285 00d7 2E       		.uleb128 0x2e
 1286 00d8 01       		.byte	0x1
 1287 00d9 3F       		.uleb128 0x3f
 1288 00da 19       		.uleb128 0x19
 1289 00db 03       		.uleb128 0x3
 1290 00dc 0E       		.uleb128 0xe
 1291 00dd 3A       		.uleb128 0x3a
 1292 00de 0B       		.uleb128 0xb
 1293 00df 3B       		.uleb128 0x3b
 1294 00e0 0B       		.uleb128 0xb
 1295 00e1 27       		.uleb128 0x27
 1296 00e2 19       		.uleb128 0x19
 1297 00e3 49       		.uleb128 0x49
 1298 00e4 13       		.uleb128 0x13
 1299 00e5 8701     		.uleb128 0x87
 1300 00e7 19       		.uleb128 0x19
 1301 00e8 11       		.uleb128 0x11
 1302 00e9 01       		.uleb128 0x1
 1303 00ea 12       		.uleb128 0x12
 1304 00eb 06       		.uleb128 0x6
 1305 00ec 40       		.uleb128 0x40
 1306 00ed 18       		.uleb128 0x18
 1307 00ee 9742     		.uleb128 0x2117
 1308 00f0 19       		.uleb128 0x19
 1309 00f1 01       		.uleb128 0x1
 1310 00f2 13       		.uleb128 0x13
 1311 00f3 00       		.byte	0
 1312 00f4 00       		.byte	0
 1313 00f5 14       		.uleb128 0x14
 1314 00f6 1D       		.uleb128 0x1d
 1315 00f7 00       		.byte	0
 1316 00f8 31       		.uleb128 0x31
 1317 00f9 13       		.uleb128 0x13
 1318 00fa 11       		.uleb128 0x11
 1319 00fb 01       		.uleb128 0x1
 1320 00fc 12       		.uleb128 0x12
 1321 00fd 06       		.uleb128 0x6
 1322 00fe 58       		.uleb128 0x58
 1323 00ff 0B       		.uleb128 0xb
 1324 0100 59       		.uleb128 0x59
 1325 0101 0B       		.uleb128 0xb
 1326 0102 00       		.byte	0
 1327 0103 00       		.byte	0
 1328 0104 15       		.uleb128 0x15
 1329 0105 898201   		.uleb128 0x4109
 1330 0108 01       		.byte	0x1
 1331 0109 11       		.uleb128 0x11
 1332 010a 01       		.uleb128 0x1
 1333 010b 31       		.uleb128 0x31
ARM GAS  C:\Users\Vishwas\AppData\Local\Temp\ccIuShwj.s 			page 27


 1334 010c 13       		.uleb128 0x13
 1335 010d 00       		.byte	0
 1336 010e 00       		.byte	0
 1337 010f 16       		.uleb128 0x16
 1338 0110 8A8201   		.uleb128 0x410a
 1339 0113 00       		.byte	0
 1340 0114 02       		.uleb128 0x2
 1341 0115 18       		.uleb128 0x18
 1342 0116 9142     		.uleb128 0x2111
 1343 0118 18       		.uleb128 0x18
 1344 0119 00       		.byte	0
 1345 011a 00       		.byte	0
 1346 011b 17       		.uleb128 0x17
 1347 011c 34       		.uleb128 0x34
 1348 011d 00       		.byte	0
 1349 011e 03       		.uleb128 0x3
 1350 011f 0E       		.uleb128 0xe
 1351 0120 3A       		.uleb128 0x3a
 1352 0121 0B       		.uleb128 0xb
 1353 0122 3B       		.uleb128 0x3b
 1354 0123 0B       		.uleb128 0xb
 1355 0124 49       		.uleb128 0x49
 1356 0125 13       		.uleb128 0x13
 1357 0126 3F       		.uleb128 0x3f
 1358 0127 19       		.uleb128 0x19
 1359 0128 3C       		.uleb128 0x3c
 1360 0129 19       		.uleb128 0x19
 1361 012a 00       		.byte	0
 1362 012b 00       		.byte	0
 1363 012c 18       		.uleb128 0x18
 1364 012d 26       		.uleb128 0x26
 1365 012e 00       		.byte	0
 1366 012f 49       		.uleb128 0x49
 1367 0130 13       		.uleb128 0x13
 1368 0131 00       		.byte	0
 1369 0132 00       		.byte	0
 1370 0133 19       		.uleb128 0x19
 1371 0134 2E       		.uleb128 0x2e
 1372 0135 00       		.byte	0
 1373 0136 3F       		.uleb128 0x3f
 1374 0137 19       		.uleb128 0x19
 1375 0138 3C       		.uleb128 0x3c
 1376 0139 19       		.uleb128 0x19
 1377 013a 6E       		.uleb128 0x6e
 1378 013b 0E       		.uleb128 0xe
 1379 013c 03       		.uleb128 0x3
 1380 013d 0E       		.uleb128 0xe
 1381 013e 3A       		.uleb128 0x3a
 1382 013f 0B       		.uleb128 0xb
 1383 0140 3B       		.uleb128 0x3b
 1384 0141 05       		.uleb128 0x5
 1385 0142 00       		.byte	0
 1386 0143 00       		.byte	0
 1387 0144 00       		.byte	0
 1388              		.section	.debug_aranges,"",%progbits
 1389 0000 1C000000 		.4byte	0x1c
 1390 0004 0200     		.2byte	0x2
ARM GAS  C:\Users\Vishwas\AppData\Local\Temp\ccIuShwj.s 			page 28


 1391 0006 00000000 		.4byte	.Ldebug_info0
 1392 000a 04       		.byte	0x4
 1393 000b 00       		.byte	0
 1394 000c 0000     		.2byte	0
 1395 000e 0000     		.2byte	0
 1396 0010 00000000 		.4byte	.LFB420
 1397 0014 10000000 		.4byte	.LFE420-.LFB420
 1398 0018 00000000 		.4byte	0
 1399 001c 00000000 		.4byte	0
 1400              		.section	.debug_ranges,"",%progbits
 1401              	.Ldebug_ranges0:
 1402 0000 00000000 		.4byte	.LFB420
 1403 0004 10000000 		.4byte	.LFE420
 1404 0008 00000000 		.4byte	0
 1405 000c 00000000 		.4byte	0
 1406              		.section	.debug_line,"",%progbits
 1407              	.Ldebug_line0:
 1408 0000 23020000 		.section	.debug_str,"MS",%progbits,1
 1408      02000202 
 1408      00000201 
 1408      FB0E0D00 
 1408      01010101 
 1409              	.LASF54:
 1410 0000 70726F74 		.ascii	"protBusMasterMask\000"
 1410      4275734D 
 1410      61737465 
 1410      724D6173 
 1410      6B00
 1411              	.LASF147:
 1412 0012 72784275 		.ascii	"rxBufSize\000"
 1412      6653697A 
 1412      6500
 1413              	.LASF64:
 1414 001c 666C6173 		.ascii	"flashCtlMainWs3Freq\000"
 1414      6843746C 
 1414      4D61696E 
 1414      57733346 
 1414      72657100 
 1415              	.LASF86:
 1416 0030 6770696F 		.ascii	"gpioPrtCfgInOffset\000"
 1416      50727443 
 1416      6667496E 
 1416      4F666673 
 1416      657400
 1417              	.LASF104:
 1418 0043 6970634C 		.ascii	"ipcLockStatusOffset\000"
 1418      6F636B53 
 1418      74617475 
 1418      734F6666 
 1418      73657400 
 1419              	.LASF30:
 1420 0057 63727970 		.ascii	"cryptoVersion\000"
 1420      746F5665 
 1420      7273696F 
 1420      6E00
 1421              	.LASF48:
 1422 0065 70657269 		.ascii	"periClockNr\000"
ARM GAS  C:\Users\Vishwas\AppData\Local\Temp\ccIuShwj.s 			page 29


 1422      436C6F63 
 1422      6B4E7200 
 1423              	.LASF26:
 1424 0071 70617373 		.ascii	"passBase\000"
 1424      42617365 
 1424      00
 1425              	.LASF158:
 1426 007a 6D61696E 		.ascii	"main_cm0p.c\000"
 1426      5F636D30 
 1426      702E6300 
 1427              	.LASF39:
 1428 0086 63707573 		.ascii	"cpussIpcIrqNr\000"
 1428      73497063 
 1428      4972714E 
 1428      7200
 1429              	.LASF3:
 1430 0094 5F5F7569 		.ascii	"__uint8_t\000"
 1430      6E74385F 
 1430      7400
 1431              	.LASF125:
 1432 009e 736C6176 		.ascii	"slaveStatus\000"
 1432      65537461 
 1432      74757300 
 1433              	.LASF83:
 1434 00aa 70657269 		.ascii	"periDiv24_5CtlOffset\000"
 1434      44697632 
 1434      345F3543 
 1434      746C4F66 
 1434      66736574 
 1435              	.LASF90:
 1436 00bf 63707573 		.ascii	"cpussCm4ClockCtlOffset\000"
 1436      73436D34 
 1436      436C6F63 
 1436      6B43746C 
 1436      4F666673 
 1437              	.LASF19:
 1438 00d6 63707573 		.ascii	"cpussBase\000"
 1438      73426173 
 1438      6500
 1439              	.LASF68:
 1440 00e0 64774368 		.ascii	"dwChCtlPrioPos\000"
 1440      43746C50 
 1440      72696F50 
 1440      6F7300
 1441              	.LASF11:
 1442 00ef 6C6F6E67 		.ascii	"long long unsigned int\000"
 1442      206C6F6E 
 1442      6720756E 
 1442      7369676E 
 1442      65642069 
 1443              	.LASF72:
 1444 0106 70657269 		.ascii	"periTrCmdOffset\000"
 1444      5472436D 
 1444      644F6666 
 1444      73657400 
 1445              	.LASF142:
 1446 0116 72785269 		.ascii	"rxRingBuf\000"
ARM GAS  C:\Users\Vishwas\AppData\Local\Temp\ccIuShwj.s 			page 30


 1446      6E674275 
 1446      6600
 1447              	.LASF96:
 1448 0120 63707573 		.ascii	"cpussSysTickCtlOffset\000"
 1448      73537973 
 1448      5469636B 
 1448      43746C4F 
 1448      66667365 
 1449              	.LASF118:
 1450 0136 6D617374 		.ascii	"masterStatus\000"
 1450      65725374 
 1450      61747573 
 1450      00
 1451              	.LASF149:
 1452 0143 74784275 		.ascii	"txBuf\000"
 1452      6600
 1453              	.LASF57:
 1454 0149 666C6173 		.ascii	"flashPipeRequired\000"
 1454      68506970 
 1454      65526571 
 1454      75697265 
 1454      6400
 1455              	.LASF133:
 1456 015b 736C6176 		.ascii	"slaveRxBufferIdx\000"
 1456      65527842 
 1456      75666665 
 1456      72496478 
 1456      00
 1457              	.LASF138:
 1458 016c 63795F73 		.ascii	"cy_stc_scb_i2c_context\000"
 1458      74635F73 
 1458      63625F69 
 1458      32635F63 
 1458      6F6E7465 
 1459              	.LASF61:
 1460 0183 666C6173 		.ascii	"flashCtlMainWs0Freq\000"
 1460      6843746C 
 1460      4D61696E 
 1460      57733046 
 1460      72657100 
 1461              	.LASF14:
 1462 0197 696E7431 		.ascii	"int16_t\000"
 1462      365F7400 
 1463              	.LASF10:
 1464 019f 6C6F6E67 		.ascii	"long long int\000"
 1464      206C6F6E 
 1464      6720696E 
 1464      7400
 1465              	.LASF2:
 1466 01ad 7369676E 		.ascii	"signed char\000"
 1466      65642063 
 1466      68617200 
 1467              	.LASF77:
 1468 01b9 70657269 		.ascii	"periDivCmdTypeSelPos\000"
 1468      44697643 
 1468      6D645479 
 1468      70655365 
ARM GAS  C:\Users\Vishwas\AppData\Local\Temp\ccIuShwj.s 			page 31


 1468      6C506F73 
 1469              	.LASF23:
 1470 01ce 70726F74 		.ascii	"protBase\000"
 1470      42617365 
 1470      00
 1471              	.LASF35:
 1472 01d7 69706356 		.ascii	"ipcVersion\000"
 1472      65727369 
 1472      6F6E00
 1473              	.LASF132:
 1474 01e2 736C6176 		.ascii	"slaveRxBufferSize\000"
 1474      65527842 
 1474      75666665 
 1474      7253697A 
 1474      6500
 1475              	.LASF97:
 1476 01f4 63707573 		.ascii	"cpussCm0NmiCtlOffset\000"
 1476      73436D30 
 1476      4E6D6943 
 1476      746C4F66 
 1476      66736574 
 1477              	.LASF45:
 1478 0209 73727373 		.ascii	"srssNumClkpath\000"
 1478      4E756D43 
 1478      6C6B7061 
 1478      746800
 1479              	.LASF24:
 1480 0218 6873696F 		.ascii	"hsiomBase\000"
 1480      6D426173 
 1480      6500
 1481              	.LASF117:
 1482 0222 73746174 		.ascii	"state\000"
 1482      6500
 1483              	.LASF113:
 1484 0228 63795F63 		.ascii	"cy_cb_scb_i2c_handle_events_t\000"
 1484      625F7363 
 1484      625F6932 
 1484      635F6861 
 1484      6E646C65 
 1485              	.LASF7:
 1486 0246 6C6F6E67 		.ascii	"long int\000"
 1486      20696E74 
 1486      00
 1487              	.LASF120:
 1488 024f 6D617374 		.ascii	"masterRdDir\000"
 1488      65725264 
 1488      44697200 
 1489              	.LASF111:
 1490 025b 43595F53 		.ascii	"CY_SCB_I2C_NAK\000"
 1490      43425F49 
 1490      32435F4E 
 1490      414B00
 1491              	.LASF55:
 1492 026a 63727970 		.ascii	"cryptoMemSize\000"
 1492      746F4D65 
 1492      6D53697A 
 1492      6500
ARM GAS  C:\Users\Vishwas\AppData\Local\Temp\ccIuShwj.s 			page 32


 1493              	.LASF21:
 1494 0278 70657269 		.ascii	"periBase\000"
 1494      42617365 
 1494      00
 1495              	.LASF53:
 1496 0281 73797350 		.ascii	"sysPmSimoPresent\000"
 1496      6D53696D 
 1496      6F507265 
 1496      73656E74 
 1496      00
 1497              	.LASF43:
 1498 0292 63707573 		.ascii	"cpussFmIrq\000"
 1498      73466D49 
 1498      727100
 1499              	.LASF108:
 1500 029d 646F7562 		.ascii	"double\000"
 1500      6C6500
 1501              	.LASF82:
 1502 02a4 70657269 		.ascii	"periDiv16_5CtlOffset\000"
 1502      44697631 
 1502      365F3543 
 1502      746C4F66 
 1502      66736574 
 1503              	.LASF46:
 1504 02b9 73727373 		.ascii	"srssNumPll\000"
 1504      4E756D50 
 1504      6C6C00
 1505              	.LASF161:
 1506 02c4 6D61696E 		.ascii	"main\000"
 1506      00
 1507              	.LASF80:
 1508 02c9 70657269 		.ascii	"periDiv8CtlOffset\000"
 1508      44697638 
 1508      43746C4F 
 1508      66667365 
 1508      7400
 1509              	.LASF87:
 1510 02db 6770696F 		.ascii	"gpioPrtCfgOutOffset\000"
 1510      50727443 
 1510      66674F75 
 1510      744F6666 
 1510      73657400 
 1511              	.LASF135:
 1512 02ef 63624164 		.ascii	"cbAddr\000"
 1512      647200
 1513              	.LASF20:
 1514 02f6 666C6173 		.ascii	"flashcBase\000"
 1514      68634261 
 1514      736500
 1515              	.LASF8:
 1516 0301 5F5F7569 		.ascii	"__uint32_t\000"
 1516      6E743332 
 1516      5F7400
 1517              	.LASF50:
 1518 030c 70617373 		.ascii	"passSarChannels\000"
 1518      53617243 
 1518      68616E6E 
ARM GAS  C:\Users\Vishwas\AppData\Local\Temp\ccIuShwj.s 			page 33


 1518      656C7300 
 1519              	.LASF4:
 1520 031c 5F5F696E 		.ascii	"__int16_t\000"
 1520      7431365F 
 1520      7400
 1521              	.LASF148:
 1522 0326 72784275 		.ascii	"rxBufIdx\000"
 1522      66496478 
 1522      00
 1523              	.LASF93:
 1524 032f 63707573 		.ascii	"cpussCm4PwrCtlOffset\000"
 1524      73436D34 
 1524      50777243 
 1524      746C4F66 
 1524      66736574 
 1525              	.LASF150:
 1526 0344 74784275 		.ascii	"txBufSize\000"
 1526      6653697A 
 1526      6500
 1527              	.LASF88:
 1528 034e 6770696F 		.ascii	"gpioPrtCfgSioOffset\000"
 1528      50727443 
 1528      66675369 
 1528      6F4F6666 
 1528      73657400 
 1529              	.LASF40:
 1530 0362 63707573 		.ascii	"cpussDwChNr\000"
 1530      73447743 
 1530      684E7200 
 1531              	.LASF12:
 1532 036e 756E7369 		.ascii	"unsigned int\000"
 1532      676E6564 
 1532      20696E74 
 1532      00
 1533              	.LASF129:
 1534 037b 736C6176 		.ascii	"slaveTxBufferIdx\000"
 1534      65547842 
 1534      75666665 
 1534      72496478 
 1534      00
 1535              	.LASF15:
 1536 038c 75696E74 		.ascii	"uint16_t\000"
 1536      31365F74 
 1536      00
 1537              	.LASF126:
 1538 0395 736C6176 		.ascii	"slaveRdBufEmpty\000"
 1538      65526442 
 1538      7566456D 
 1538      70747900 
 1539              	.LASF73:
 1540 03a5 70657269 		.ascii	"periTrCmdGrSelMsk\000"
 1540      5472436D 
 1540      64477253 
 1540      656C4D73 
 1540      6B00
 1541              	.LASF62:
 1542 03b7 666C6173 		.ascii	"flashCtlMainWs1Freq\000"
ARM GAS  C:\Users\Vishwas\AppData\Local\Temp\ccIuShwj.s 			page 34


 1542      6843746C 
 1542      4D61696E 
 1542      57733146 
 1542      72657100 
 1543              	.LASF9:
 1544 03cb 6C6F6E67 		.ascii	"long unsigned int\000"
 1544      20756E73 
 1544      69676E65 
 1544      6420696E 
 1544      7400
 1545              	.LASF155:
 1546 03dd 4932435F 		.ascii	"I2C_MPU6050_context\000"
 1546      4D505536 
 1546      3035305F 
 1546      636F6E74 
 1546      65787400 
 1547              	.LASF137:
 1548 03f1 63795F63 		.ascii	"cy_cb_scb_uart_handle_events_t\000"
 1548      625F7363 
 1548      625F7561 
 1548      72745F68 
 1548      616E646C 
 1549              	.LASF156:
 1550 0410 55415254 		.ascii	"UART_context\000"
 1550      5F636F6E 
 1550      74657874 
 1550      00
 1551              	.LASF38:
 1552 041d 63707573 		.ascii	"cpussIpcNr\000"
 1552      73497063 
 1552      4E7200
 1553              	.LASF25:
 1554 0428 6770696F 		.ascii	"gpioBase\000"
 1554      42617365 
 1554      00
 1555              	.LASF63:
 1556 0431 666C6173 		.ascii	"flashCtlMainWs2Freq\000"
 1556      6843746C 
 1556      4D61696E 
 1556      57733246 
 1556      72657100 
 1557              	.LASF116:
 1558 0445 75736554 		.ascii	"useTxFifo\000"
 1558      78466966 
 1558      6F00
 1559              	.LASF74:
 1560 044f 70657269 		.ascii	"periTrGrOffset\000"
 1560      54724772 
 1560      4F666673 
 1560      657400
 1561              	.LASF101:
 1562 045e 63707573 		.ascii	"cpussRam1Ctl0\000"
 1562      7352616D 
 1562      3143746C 
 1562      3000
 1563              	.LASF134:
 1564 046c 63624576 		.ascii	"cbEvents\000"
ARM GAS  C:\Users\Vishwas\AppData\Local\Temp\ccIuShwj.s 			page 35


 1564      656E7473 
 1564      00
 1565              	.LASF75:
 1566 0475 70657269 		.ascii	"periTrGrSize\000"
 1566      54724772 
 1566      53697A65 
 1566      00
 1567              	.LASF162:
 1568 0482 43795F53 		.ascii	"Cy_SysEnableCM4\000"
 1568      7973456E 
 1568      61626C65 
 1568      434D3400 
 1569              	.LASF33:
 1570 0492 6770696F 		.ascii	"gpioVersion\000"
 1570      56657273 
 1570      696F6E00 
 1571              	.LASF105:
 1572 049e 63795F73 		.ascii	"cy_stc_device_t\000"
 1572      74635F64 
 1572      65766963 
 1572      655F7400 
 1573              	.LASF51:
 1574 04ae 65704D6F 		.ascii	"epMonitorNr\000"
 1574      6E69746F 
 1574      724E7200 
 1575              	.LASF144:
 1576 04ba 72785269 		.ascii	"rxRingBufHead\000"
 1576      6E674275 
 1576      66486561 
 1576      6400
 1577              	.LASF94:
 1578 04c8 63707573 		.ascii	"cpussTrimRamCtlOffset\000"
 1578      73547269 
 1578      6D52616D 
 1578      43746C4F 
 1578      66667365 
 1579              	.LASF131:
 1580 04de 736C6176 		.ascii	"slaveRxBuffer\000"
 1580      65527842 
 1580      75666665 
 1580      7200
 1581              	.LASF89:
 1582 04ec 63707573 		.ascii	"cpussCm0ClockCtlOffset\000"
 1582      73436D30 
 1582      436C6F63 
 1582      6B43746C 
 1582      4F666673 
 1583              	.LASF29:
 1584 0503 63707573 		.ascii	"cpussVersion\000"
 1584      73566572 
 1584      73696F6E 
 1584      00
 1585              	.LASF36:
 1586 0510 70657269 		.ascii	"periVersion\000"
 1586      56657273 
 1586      696F6E00 
 1587              	.LASF92:
ARM GAS  C:\Users\Vishwas\AppData\Local\Temp\ccIuShwj.s 			page 36


 1588 051c 63707573 		.ascii	"cpussCm0StatusOffset\000"
 1588      73436D30 
 1588      53746174 
 1588      75734F66 
 1588      66736574 
 1589              	.LASF17:
 1590 0531 73697A65 		.ascii	"sizetype\000"
 1590      74797065 
 1590      00
 1591              	.LASF66:
 1592 053a 64774368 		.ascii	"dwChOffset\000"
 1592      4F666673 
 1592      657400
 1593              	.LASF123:
 1594 0545 6D617374 		.ascii	"masterBufferIdx\000"
 1594      65724275 
 1594      66666572 
 1594      49647800 
 1595              	.LASF41:
 1596 0555 63707573 		.ascii	"cpussFlashPaSize\000"
 1596      73466C61 
 1596      73685061 
 1596      53697A65 
 1596      00
 1597              	.LASF79:
 1598 0566 70657269 		.ascii	"periDivCmdPaTypeSelPos\000"
 1598      44697643 
 1598      6D645061 
 1598      54797065 
 1598      53656C50 
 1599              	.LASF102:
 1600 057d 63707573 		.ascii	"cpussRam2Ctl0\000"
 1600      7352616D 
 1600      3243746C 
 1600      3000
 1601              	.LASF159:
 1602 058b 433A5C55 		.ascii	"C:\\Users\\Vishwas\\Downloads\\Chrome\\Project___De"
 1602      73657273 
 1602      5C566973 
 1602      68776173 
 1602      5C446F77 
 1603 05b9 70656E64 		.ascii	"pendencies (1)\\Project + Dependencies\\PSoC6_MPU60"
 1603      656E6369 
 1603      65732028 
 1603      31295C50 
 1603      726F6A65 
 1604 05ea 35302E63 		.ascii	"50.cydsn\000"
 1604      7964736E 
 1604      00
 1605              	.LASF70:
 1606 05f3 64775374 		.ascii	"dwStatusChIdxPos\000"
 1606      61747573 
 1606      43684964 
 1606      78506F73 
 1606      00
 1607              	.LASF52:
 1608 0604 75646250 		.ascii	"udbPresent\000"
ARM GAS  C:\Users\Vishwas\AppData\Local\Temp\ccIuShwj.s 			page 37


 1608      72657365 
 1608      6E7400
 1609              	.LASF141:
 1610 060f 72785374 		.ascii	"rxStatus\000"
 1610      61747573 
 1610      00
 1611              	.LASF32:
 1612 0618 666C6173 		.ascii	"flashcVersion\000"
 1612      68635665 
 1612      7273696F 
 1612      6E00
 1613              	.LASF28:
 1614 0626 63727970 		.ascii	"cryptoBase\000"
 1614      746F4261 
 1614      736500
 1615              	.LASF49:
 1616 0631 736D6966 		.ascii	"smifDeviceNr\000"
 1616      44657669 
 1616      63654E72 
 1616      00
 1617              	.LASF160:
 1618 063e 5F5F656E 		.ascii	"__enable_irq\000"
 1618      61626C65 
 1618      5F697271 
 1618      00
 1619              	.LASF107:
 1620 064b 666C6F61 		.ascii	"float\000"
 1620      7400
 1621              	.LASF71:
 1622 0651 64775374 		.ascii	"dwStatusChIdxMsk\000"
 1622      61747573 
 1622      43684964 
 1622      784D736B 
 1622      00
 1623              	.LASF154:
 1624 0662 63795F64 		.ascii	"cy_device\000"
 1624      65766963 
 1624      6500
 1625              	.LASF99:
 1626 066c 63707573 		.ascii	"cpussRomCtl\000"
 1626      73526F6D 
 1626      43746C00 
 1627              	.LASF69:
 1628 0678 64774368 		.ascii	"dwChCtlPreemptablePos\000"
 1628      43746C50 
 1628      7265656D 
 1628      70746162 
 1628      6C65506F 
 1629              	.LASF151:
 1630 068e 74784C65 		.ascii	"txLeftToTransmit\000"
 1630      6674546F 
 1630      5472616E 
 1630      736D6974 
 1630      00
 1631              	.LASF22:
 1632 069f 75646242 		.ascii	"udbBase\000"
 1632      61736500 
ARM GAS  C:\Users\Vishwas\AppData\Local\Temp\ccIuShwj.s 			page 38


 1633              	.LASF110:
 1634 06a7 43595F53 		.ascii	"CY_SCB_I2C_ACK\000"
 1634      43425F49 
 1634      32435F41 
 1634      434B00
 1635              	.LASF109:
 1636 06b6 5F426F6F 		.ascii	"_Bool\000"
 1636      6C00
 1637              	.LASF1:
 1638 06bc 756E7369 		.ascii	"unsigned char\000"
 1638      676E6564 
 1638      20636861 
 1638      7200
 1639              	.LASF65:
 1640 06ca 666C6173 		.ascii	"flashCtlMainWs4Freq\000"
 1640      6843746C 
 1640      4D61696E 
 1640      57733446 
 1640      72657100 
 1641              	.LASF0:
 1642 06de 73686F72 		.ascii	"short int\000"
 1642      7420696E 
 1642      7400
 1643              	.LASF122:
 1644 06e8 6D617374 		.ascii	"masterBufferSize\000"
 1644      65724275 
 1644      66666572 
 1644      53697A65 
 1644      00
 1645              	.LASF76:
 1646 06f9 70657269 		.ascii	"periDivCmdDivSelMsk\000"
 1646      44697643 
 1646      6D644469 
 1646      7653656C 
 1646      4D736B00 
 1647              	.LASF119:
 1648 070d 6D617374 		.ascii	"masterPause\000"
 1648      65725061 
 1648      75736500 
 1649              	.LASF114:
 1650 0719 63795F63 		.ascii	"cy_cb_scb_i2c_handle_addr_t\000"
 1650      625F7363 
 1650      625F6932 
 1650      635F6861 
 1650      6E646C65 
 1651              	.LASF124:
 1652 0735 6D617374 		.ascii	"masterNumBytes\000"
 1652      65724E75 
 1652      6D427974 
 1652      657300
 1653              	.LASF130:
 1654 0744 736C6176 		.ascii	"slaveTxBufferCnt\000"
 1654      65547842 
 1654      75666665 
 1654      72436E74 
 1654      00
 1655              	.LASF60:
ARM GAS  C:\Users\Vishwas\AppData\Local\Temp\ccIuShwj.s 			page 39


 1656 0755 666C6173 		.ascii	"flashEraseDelay\000"
 1656      68457261 
 1656      73654465 
 1656      6C617900 
 1657              	.LASF16:
 1658 0765 75696E74 		.ascii	"uint32_t\000"
 1658      33325F74 
 1658      00
 1659              	.LASF136:
 1660 076e 63795F73 		.ascii	"cy_stc_scb_i2c_context_t\000"
 1660      74635F73 
 1660      63625F69 
 1660      32635F63 
 1660      6F6E7465 
 1661              	.LASF18:
 1662 0787 6C6F6E67 		.ascii	"long double\000"
 1662      20646F75 
 1662      626C6500 
 1663              	.LASF106:
 1664 0793 63686172 		.ascii	"char\000"
 1664      00
 1665              	.LASF37:
 1666 0798 70726F74 		.ascii	"protVersion\000"
 1666      56657273 
 1666      696F6E00 
 1667              	.LASF100:
 1668 07a4 63707573 		.ascii	"cpussRam0Ctl0\000"
 1668      7352616D 
 1668      3043746C 
 1668      3000
 1669              	.LASF157:
 1670 07b2 474E5520 		.ascii	"GNU C11 5.4.1 20160919 (release) [ARM/embedded-5-br"
 1670      43313120 
 1670      352E342E 
 1670      31203230 
 1670      31363039 
 1671 07e5 616E6368 		.ascii	"anch revision 240496] -mcpu=cortex-m0plus -mthumb -"
 1671      20726576 
 1671      6973696F 
 1671      6E203234 
 1671      30343936 
 1672 0818 67202D4F 		.ascii	"g -Og -ffunction-sections -ffat-lto-objects\000"
 1672      67202D66 
 1672      66756E63 
 1672      74696F6E 
 1672      2D736563 
 1673              	.LASF5:
 1674 0844 5F5F7569 		.ascii	"__uint16_t\000"
 1674      6E743136 
 1674      5F7400
 1675              	.LASF81:
 1676 084f 70657269 		.ascii	"periDiv16CtlOffset\000"
 1676      44697631 
 1676      3643746C 
 1676      4F666673 
 1676      657400
 1677              	.LASF121:
ARM GAS  C:\Users\Vishwas\AppData\Local\Temp\ccIuShwj.s 			page 40


 1678 0862 6D617374 		.ascii	"masterBuffer\000"
 1678      65724275 
 1678      66666572 
 1678      00
 1679              	.LASF34:
 1680 086f 6873696F 		.ascii	"hsiomVersion\000"
 1680      6D566572 
 1680      73696F6E 
 1680      00
 1681              	.LASF59:
 1682 087c 666C6173 		.ascii	"flashProgramDelay\000"
 1682      6850726F 
 1682      6772616D 
 1682      44656C61 
 1682      7900
 1683              	.LASF44:
 1684 088e 63707573 		.ascii	"cpussNotConnectedIrq\000"
 1684      734E6F74 
 1684      436F6E6E 
 1684      65637465 
 1684      64497271 
 1685              	.LASF143:
 1686 08a3 72785269 		.ascii	"rxRingBufSize\000"
 1686      6E674275 
 1686      6653697A 
 1686      6500
 1687              	.LASF6:
 1688 08b1 73686F72 		.ascii	"short unsigned int\000"
 1688      7420756E 
 1688      7369676E 
 1688      65642069 
 1688      6E7400
 1689              	.LASF67:
 1690 08c4 64774368 		.ascii	"dwChSize\000"
 1690      53697A65 
 1690      00
 1691              	.LASF103:
 1692 08cd 69706353 		.ascii	"ipcStructSize\000"
 1692      74727563 
 1692      7453697A 
 1692      6500
 1693              	.LASF115:
 1694 08db 75736552 		.ascii	"useRxFifo\000"
 1694      78466966 
 1694      6F00
 1695              	.LASF42:
 1696 08e5 63707573 		.ascii	"cpussIpc0Irq\000"
 1696      73497063 
 1696      30497271 
 1696      00
 1697              	.LASF85:
 1698 08f2 6770696F 		.ascii	"gpioPrtCfgOffset\000"
 1698      50727443 
 1698      66674F66 
 1698      66736574 
 1698      00
 1699              	.LASF152:
ARM GAS  C:\Users\Vishwas\AppData\Local\Temp\ccIuShwj.s 			page 41


 1700 0903 696E6974 		.ascii	"initKey\000"
 1700      4B657900 
 1701              	.LASF146:
 1702 090b 72784275 		.ascii	"rxBuf\000"
 1702      6600
 1703              	.LASF127:
 1704 0911 736C6176 		.ascii	"slaveTxBuffer\000"
 1704      65547842 
 1704      75666665 
 1704      7200
 1705              	.LASF128:
 1706 091f 736C6176 		.ascii	"slaveTxBufferSize\000"
 1706      65547842 
 1706      75666665 
 1706      7253697A 
 1706      6500
 1707              	.LASF153:
 1708 0931 63795F73 		.ascii	"cy_stc_scb_uart_context_t\000"
 1708      74635F73 
 1708      63625F75 
 1708      6172745F 
 1708      636F6E74 
 1709              	.LASF47:
 1710 094b 73727373 		.ascii	"srssNumHfroot\000"
 1710      4E756D48 
 1710      66726F6F 
 1710      7400
 1711              	.LASF112:
 1712 0959 63795F65 		.ascii	"cy_en_scb_i2c_command_t\000"
 1712      6E5F7363 
 1712      625F6932 
 1712      635F636F 
 1712      6D6D616E 
 1713              	.LASF98:
 1714 0971 63707573 		.ascii	"cpussCm4NmiCtlOffset\000"
 1714      73436D34 
 1714      4E6D6943 
 1714      746C4F66 
 1714      66736574 
 1715              	.LASF58:
 1716 0986 666C6173 		.ascii	"flashWriteDelay\000"
 1716      68577269 
 1716      74654465 
 1716      6C617900 
 1717              	.LASF13:
 1718 0996 75696E74 		.ascii	"uint8_t\000"
 1718      385F7400 
 1719              	.LASF91:
 1720 099e 63707573 		.ascii	"cpussCm4StatusOffset\000"
 1720      73436D34 
 1720      53746174 
 1720      75734F66 
 1720      66736574 
 1721              	.LASF84:
 1722 09b3 6770696F 		.ascii	"gpioPrtIntrCfgOffset\000"
 1722      50727449 
 1722      6E747243 
ARM GAS  C:\Users\Vishwas\AppData\Local\Temp\ccIuShwj.s 			page 42


 1722      66674F66 
 1722      66736574 
 1723              	.LASF145:
 1724 09c8 72785269 		.ascii	"rxRingBufTail\000"
 1724      6E674275 
 1724      66546169 
 1724      6C00
 1725              	.LASF95:
 1726 09d6 63707573 		.ascii	"cpussTrimRomCtlOffset\000"
 1726      73547269 
 1726      6D526F6D 
 1726      43746C4F 
 1726      66667365 
 1727              	.LASF140:
 1728 09ec 74785374 		.ascii	"txStatus\000"
 1728      61747573 
 1728      00
 1729              	.LASF31:
 1730 09f5 64775665 		.ascii	"dwVersion\000"
 1730      7273696F 
 1730      6E00
 1731              	.LASF27:
 1732 09ff 69706342 		.ascii	"ipcBase\000"
 1732      61736500 
 1733              	.LASF78:
 1734 0a07 70657269 		.ascii	"periDivCmdPaDivSelPos\000"
 1734      44697643 
 1734      6D645061 
 1734      44697653 
 1734      656C506F 
 1735              	.LASF139:
 1736 0a1d 63795F73 		.ascii	"cy_stc_scb_uart_context\000"
 1736      74635F73 
 1736      63625F75 
 1736      6172745F 
 1736      636F6E74 
 1737              	.LASF56:
 1738 0a35 666C6173 		.ascii	"flashRwwRequired\000"
 1738      68527777 
 1738      52657175 
 1738      69726564 
 1738      00
 1739              		.ident	"GCC: (GNU Tools for ARM Embedded Processors) 5.4.1 20160919 (release) [ARM/embedded-5-bran
