ARM GAS  C:\Users\hima\AppData\Local\Temp\cceRK8iG.s 			page 1


   1              		.cpu cortex-m0plus
   2              		.fpu softvfp
   3              		.eabi_attribute 20, 1
   4              		.eabi_attribute 21, 1
   5              		.eabi_attribute 23, 3
   6              		.eabi_attribute 24, 1
   7              		.eabi_attribute 25, 1
   8              		.eabi_attribute 26, 1
   9              		.eabi_attribute 30, 1
  10              		.eabi_attribute 34, 0
  11              		.eabi_attribute 18, 4
  12              		.code	16
  13              		.file	"untitled01.c"
  14              		.text
  15              	.Ltext0:
  16              		.cfi_sections	.debug_frame
  17              	.Letext0:
  18              		.section	.debug_line,"",%progbits
  19              	.Ldebug_line0:
  20              		.section	.debug_str,"MS",%progbits,1
  21              	.LASF0:
  22 0000 433A5C55 		.ascii	"C:\\Users\\hima\\OneDrive - Cypress Semiconductor\\"
  22      73657273 
  22      5C68696D 
  22      615C4F6E 
  22      65447269 
  23 002f 48696D61 		.ascii	"Hima\\MyCases\\Q1-18\\I2S PSoC6\\HA700_ver2\\HA700_"
  23      5C4D7943 
  23      61736573 
  23      5C51312D 
  23      31385C49 
  24 005d 76657232 		.ascii	"ver2\\Design01.cydsn\000"
  24      5C446573 
  24      69676E30 
  24      312E6379 
  24      64736E00 
  25              	.LASF1:
  26 0071 756E7469 		.ascii	"untitled01.c\000"
  26      746C6564 
  26      30312E63 
  26      00
  27              	.LASF2:
  28 007e 474E5520 		.ascii	"GNU C 4.9.3 20150303 (release) [ARM/embedded-4_9-br"
  28      4320342E 
  28      392E3320 
  28      32303135 
  28      30333033 
  29 00b1 616E6368 		.ascii	"anch revision 221220] -mcpu=cortex-m0plus -mthumb -"
  29      20726576 
  29      6973696F 
  29      6E203232 
  29      31323230 
  30 00e4 67202D4F 		.ascii	"g -Og -ffunction-sections -ffat-lto-objects\000"
  30      67202D66 
  30      66756E63 
  30      74696F6E 
  30      2D736563 
ARM GAS  C:\Users\hima\AppData\Local\Temp\cceRK8iG.s 			page 2


  31              		.ident	"GCC: (GNU Tools for ARM Embedded Processors) 4.9.3 20150303 (release) [ARM/embedded-4_9-br
